TN:
SF:src/App.tsx
FN:68,ProtectedRoute
FN:96,PatientPortalProtectedRoute
FN:105,LegacyPreSchedulingDocsRedirect
FN:110,App
FN:119,onAuthChanged
FN:132,syncColorScheme
FNF:6
FNH:6
FNDA:7,ProtectedRoute
FNDA:2,PatientPortalProtectedRoute
FNDA:1,LegacyPreSchedulingDocsRedirect
FNDA:9,App
FNDA:2,onAuthChanged
FNDA:2,syncColorScheme
DA:1,1
DA:2,1
DA:3,1
DA:4,1
DA:5,1
DA:6,1
DA:7,1
DA:8,1
DA:9,1
DA:10,1
DA:11,1
DA:12,1
DA:13,1
DA:14,1
DA:15,1
DA:16,1
DA:17,1
DA:18,1
DA:19,1
DA:20,1
DA:21,1
DA:22,1
DA:23,1
DA:24,1
DA:25,1
DA:26,1
DA:27,1
DA:28,1
DA:29,1
DA:30,1
DA:31,1
DA:32,1
DA:33,1
DA:34,1
DA:35,1
DA:36,1
DA:37,1
DA:38,1
DA:39,1
DA:40,1
DA:41,1
DA:42,1
DA:43,1
DA:44,1
DA:45,1
DA:46,1
DA:47,1
DA:48,1
DA:49,1
DA:50,1
DA:51,1
DA:52,1
DA:53,1
DA:54,1
DA:55,1
DA:56,1
DA:57,1
DA:58,1
DA:59,1
DA:60,1
DA:61,1
DA:62,1
DA:63,1
DA:64,1
DA:65,1
DA:66,1
DA:67,1
DA:68,7
DA:69,7
DA:70,7
DA:71,7
DA:72,1
DA:73,1
DA:74,6
DA:75,6
DA:76,7
DA:77,7
DA:78,7
DA:79,7
DA:80,7
DA:81,1
DA:82,1
DA:83,5
DA:84,5
DA:85,7
DA:86,1
DA:87,1
DA:88,4
DA:89,7
DA:90,1
DA:91,1
DA:92,3
DA:93,3
DA:94,3
DA:95,1
DA:96,2
DA:97,2
DA:98,2
DA:99,1
DA:100,1
DA:101,1
DA:102,1
DA:103,1
DA:104,1
DA:105,1
DA:106,1
DA:107,1
DA:108,1
DA:109,1
DA:110,9
DA:111,9
DA:112,9
DA:113,9
DA:114,9
DA:115,9
DA:116,9
DA:117,9
DA:118,9
DA:119,8
DA:120,2
DA:121,2
DA:122,8
DA:123,8
DA:124,8
DA:125,8
DA:126,8
DA:127,8
DA:128,8
DA:129,9
DA:130,9
DA:131,9
DA:132,8
DA:133,2
DA:134,2
DA:135,8
DA:136,8
DA:137,8
DA:138,8
DA:139,8
DA:140,8
DA:141,8
DA:142,8
DA:143,9
DA:144,9
DA:145,9
DA:146,9
DA:147,9
DA:148,9
DA:149,9
DA:150,9
DA:151,9
DA:152,9
DA:153,9
DA:154,9
DA:155,9
DA:156,9
DA:157,9
DA:158,9
DA:159,9
DA:160,9
DA:161,9
DA:162,9
DA:163,9
DA:164,9
DA:165,9
DA:166,9
DA:167,9
DA:168,9
DA:169,9
DA:170,9
DA:171,9
DA:172,9
DA:173,9
DA:174,9
DA:175,9
DA:176,9
DA:177,9
DA:178,9
DA:179,9
DA:180,9
DA:181,9
DA:182,9
DA:183,9
DA:184,9
DA:185,9
DA:186,9
DA:187,9
DA:188,9
DA:189,9
DA:190,9
DA:191,9
DA:192,9
DA:193,9
DA:194,9
DA:195,9
DA:196,9
DA:197,9
DA:198,9
DA:199,9
DA:200,9
DA:201,9
DA:202,9
DA:203,9
DA:204,9
DA:205,9
DA:206,9
DA:207,9
DA:208,9
DA:209,9
DA:210,9
DA:211,9
DA:212,9
DA:213,9
DA:214,9
DA:215,9
DA:216,9
DA:217,9
DA:218,9
DA:219,9
DA:220,9
DA:221,9
DA:222,9
DA:223,9
DA:224,9
DA:225,9
DA:226,9
DA:227,9
DA:228,9
DA:229,9
DA:230,9
DA:231,9
DA:232,9
DA:233,9
DA:234,9
DA:235,9
DA:236,9
DA:237,9
DA:238,9
DA:239,9
DA:240,9
DA:241,9
DA:242,9
DA:243,9
DA:244,9
DA:245,9
DA:246,9
DA:247,9
DA:248,9
DA:249,9
DA:250,9
DA:251,9
DA:252,9
DA:253,9
DA:254,9
DA:255,9
DA:256,9
DA:257,9
DA:258,9
DA:259,9
DA:260,9
DA:261,9
DA:262,9
DA:263,9
DA:264,9
DA:265,9
DA:266,9
DA:267,9
DA:268,9
DA:269,9
DA:270,9
DA:271,9
DA:272,9
DA:273,9
DA:274,9
DA:275,9
DA:276,9
DA:277,9
DA:278,9
DA:279,9
DA:280,9
DA:281,9
DA:282,9
DA:283,9
DA:284,9
DA:285,9
DA:286,9
DA:287,9
DA:288,9
DA:289,9
DA:290,9
DA:291,9
DA:292,9
DA:293,9
DA:294,9
DA:295,9
DA:296,9
DA:297,9
DA:298,9
DA:299,9
DA:300,9
DA:301,9
DA:302,9
DA:303,9
DA:304,9
DA:305,9
DA:306,9
DA:307,9
DA:308,9
DA:309,9
DA:310,9
DA:311,9
DA:312,9
DA:313,9
DA:314,9
DA:315,9
DA:316,9
DA:317,9
DA:318,9
DA:319,9
DA:320,9
DA:321,9
DA:322,9
DA:323,9
DA:324,9
DA:325,9
DA:326,9
DA:327,9
DA:328,9
DA:329,9
DA:330,9
DA:331,9
DA:332,9
DA:333,9
DA:334,9
DA:335,9
DA:336,9
DA:337,9
DA:338,9
DA:339,9
DA:340,9
DA:341,9
DA:342,9
DA:343,9
DA:344,9
DA:345,9
DA:346,9
DA:347,9
DA:348,9
DA:349,9
DA:350,9
DA:351,9
DA:352,9
DA:353,9
DA:354,9
DA:355,9
DA:356,9
DA:357,9
DA:358,9
DA:359,9
DA:360,9
DA:361,9
DA:362,9
DA:363,9
DA:364,9
DA:365,9
DA:366,9
DA:367,9
DA:368,9
DA:369,9
DA:370,9
DA:371,9
DA:372,9
DA:373,9
DA:374,9
DA:375,9
DA:376,9
DA:377,9
DA:378,9
DA:379,9
DA:380,9
DA:381,9
DA:382,9
DA:383,9
DA:384,9
DA:385,9
DA:386,9
DA:387,9
DA:388,9
DA:389,9
DA:390,1
DA:391,1
LF:391
LH:391
BRDA:68,0,0,7
BRDA:71,1,0,1
BRDA:73,2,0,6
BRDA:80,3,0,4
BRDA:80,4,0,1
BRDA:82,5,0,5
BRDA:85,6,0,2
BRDA:85,7,0,1
BRDA:87,8,0,4
BRDA:89,9,0,2
BRDA:89,10,0,1
BRDA:91,11,0,3
BRDA:84,12,0,21
BRDA:84,13,0,20
BRDA:96,14,0,2
BRDA:98,15,0,1
BRDA:105,16,0,1
BRDA:107,17,0,0
BRDA:110,18,0,9
BRDA:115,19,0,3
BRDA:162,20,0,3
BRDA:162,21,0,1
BRDA:162,22,0,2
BRDA:162,23,0,6
BRDA:166,24,0,2
BRDA:166,25,0,7
BRDA:174,26,0,3
BRDA:174,27,0,6
BRDA:178,28,0,3
BRDA:178,29,0,6
BRDA:118,30,0,8
BRDA:119,31,0,2
BRDA:120,32,0,2
BRDA:125,33,0,8
BRDA:131,34,0,8
BRDA:132,35,0,2
BRDA:139,36,0,8
BRF:37
BRH:36
end_of_record
TN:
SF:src/main.tsx
FNF:0
FNH:0
DA:1,1
DA:2,1
DA:3,1
DA:4,1
DA:5,1
DA:6,1
DA:7,1
DA:8,1
DA:9,1
DA:10,1
DA:11,1
DA:12,1
DA:13,1
DA:14,1
DA:15,1
DA:16,1
DA:17,1
DA:18,1
DA:19,1
LF:19
LH:19
BRF:0
BRH:0
end_of_record
TN:
SF:src/Faturamento/Faturamento.tsx
FN:41,Faturamento
FN:137,formatDate
FN:145,formatDateForApi
FN:153,formatBackendDate
FN:165,formatBackendDateTime
FN:171,parseDate
FN:183,mapInvoiceToRow
FN:203,parseIsoDateToInput
FN:250,toggleInvoiceSelection
FN:257,toggleAllFilteredSelection
FN:271,openTissBatchModal
FN:286,handleCreateTissBatch
FN:318,handleDownloadBatchXml
FN:339,openProtocolModal
FN:345,handleRegisterProtocol
FN:369,openReturnModal
FN:389,handleRegisterReturn
FN:415,handleRepresentBatch
FN:437,openInvoice
FN:520,handleAddOrUpdate
FN:635,onClick
FN:649,onChange
FN:662,onChange
FN:669,onClick
FN:717,onChange
FN:738,onChange
FN:799,onClick
FN:820,onChange
FN:826,onClick
FN:906,onClose
FN:923,onClick
FN:937,onChange
FN:945,onChange
FN:955,onChange
FN:969,onChange
FN:972,onClose
FN:978,onChange
FN:979,onBlur
FN:989,onClick
FN:998,onChange
FN:1020,onChange
FN:1034,onChange
FN:1046,onChange
FN:1062,onChange
FN:1069,onChange
FN:1077,onChange
FN:1083,onChange
FN:1097,onChange
FN:1112,onChange
FN:1120,onChange
FN:1128,onChange
FN:1136,onChange
FN:1144,onChange
FN:1152,onChange
FN:1160,onChange
FN:1168,onChange
FN:1173,onClick
FN:1186,onClose
FN:1195,onChange
FN:1206,onClick
FN:1221,onClose
FN:1230,onChange
FN:1233,onClick
FN:1243,onClose
FN:1306,onClick
FN:1321,onClose
FN:1327,onClick
FN:1332,onClick
FN:1337,onClose
FNF:69
FNH:19
FNDA:21,Faturamento
FNDA:1,formatDate
FNDA:2,formatDateForApi
FNDA:2,formatBackendDate
FNDA:2,formatBackendDateTime
FNDA:1,parseDate
FNDA:2,mapInvoiceToRow
FNDA:2,parseIsoDateToInput
FNDA:1,toggleInvoiceSelection
FNDA:0,toggleAllFilteredSelection
FNDA:1,openTissBatchModal
FNDA:1,handleCreateTissBatch
FNDA:0,handleDownloadBatchXml
FNDA:0,openProtocolModal
FNDA:0,handleRegisterProtocol
FNDA:0,openReturnModal
FNDA:0,handleRegisterReturn
FNDA:0,handleRepresentBatch
FNDA:3,openInvoice
FNDA:3,handleAddOrUpdate
FNDA:0,onClick
FNDA:0,onChange
FNDA:0,onChange
FNDA:2,onClick
FNDA:0,onChange
FNDA:1,onChange
FNDA:1,onClick
FNDA:0,onChange
FNDA:0,onClick
FNDA:0,onClose
FNDA:0,onClick
FNDA:2,onChange
FNDA:0,onChange
FNDA:0,onChange
FNDA:2,onChange
FNDA:0,onClose
FNDA:0,onChange
FNDA:0,onBlur
FNDA:0,onClick
FNDA:0,onChange
FNDA:0,onChange
FNDA:0,onChange
FNDA:1,onChange
FNDA:0,onChange
FNDA:0,onChange
FNDA:0,onChange
FNDA:0,onChange
FNDA:0,onChange
FNDA:0,onChange
FNDA:0,onChange
FNDA:0,onChange
FNDA:0,onChange
FNDA:0,onChange
FNDA:0,onChange
FNDA:0,onChange
FNDA:0,onChange
FNDA:0,onClick
FNDA:0,onClose
FNDA:0,onChange
FNDA:0,onClick
FNDA:0,onClose
FNDA:0,onChange
FNDA:0,onClick
FNDA:0,onClose
FNDA:0,onClick
FNDA:0,onClose
FNDA:0,onClick
FNDA:0,onClick
FNDA:0,onClose
DA:1,1
DA:2,1
DA:3,1
DA:4,1
DA:5,1
DA:6,1
DA:7,1
DA:8,1
DA:9,1
DA:10,1
DA:11,1
DA:12,1
DA:13,1
DA:14,1
DA:15,1
DA:16,1
DA:17,1
DA:18,1
DA:19,1
DA:20,1
DA:21,1
DA:22,1
DA:23,1
DA:24,1
DA:25,1
DA:26,1
DA:27,1
DA:28,1
DA:29,1
DA:30,1
DA:31,1
DA:32,1
DA:33,1
DA:34,1
DA:35,1
DA:36,1
DA:37,1
DA:38,1
DA:39,1
DA:40,1
DA:41,1
DA:42,21
DA:43,21
DA:44,21
DA:45,21
DA:46,21
DA:47,21
DA:48,21
DA:49,21
DA:50,21
DA:51,21
DA:52,21
DA:53,21
DA:54,21
DA:55,21
DA:56,21
DA:57,21
DA:58,21
DA:59,21
DA:60,21
DA:61,21
DA:62,21
DA:63,21
DA:64,21
DA:65,21
DA:66,21
DA:67,21
DA:68,21
DA:69,21
DA:70,21
DA:71,21
DA:72,21
DA:73,21
DA:74,21
DA:75,21
DA:76,21
DA:77,21
DA:78,21
DA:79,21
DA:80,21
DA:81,21
DA:82,21
DA:83,21
DA:84,21
DA:85,21
DA:86,21
DA:87,21
DA:88,21
DA:89,21
DA:90,21
DA:91,21
DA:92,21
DA:93,21
DA:94,21
DA:95,21
DA:96,21
DA:97,21
DA:98,21
DA:99,21
DA:100,21
DA:101,21
DA:102,21
DA:103,21
DA:104,21
DA:105,21
DA:106,21
DA:107,21
DA:108,21
DA:109,21
DA:110,21
DA:111,21
DA:112,21
DA:113,21
DA:114,21
DA:115,21
DA:116,21
DA:117,21
DA:118,21
DA:119,21
DA:120,21
DA:121,21
DA:122,21
DA:123,21
DA:124,21
DA:125,21
DA:126,21
DA:127,21
DA:128,21
DA:129,21
DA:130,21
DA:131,21
DA:132,21
DA:133,21
DA:134,21
DA:135,21
DA:136,21
DA:137,21
DA:138,1
DA:139,1
DA:140,1
DA:141,1
DA:142,1
DA:143,1
DA:144,21
DA:145,21
DA:146,2
DA:147,1
DA:148,1
DA:149,1
DA:150,1
DA:151,2
DA:152,21
DA:153,21
DA:154,2
DA:155,2
DA:156,2
DA:157,2
DA:158,2
DA:159,2
DA:160,0
DA:161,0
DA:162,2
DA:163,2
DA:164,21
DA:165,21
DA:166,2
DA:167,2
DA:168,2
DA:169,2
DA:170,21
DA:171,21
DA:172,1
DA:173,1
DA:174,1
DA:175,1
DA:176,1
DA:177,1
DA:178,1
DA:179,1
DA:180,1
DA:181,1
DA:182,21
DA:183,21
DA:184,2
DA:185,2
DA:186,2
DA:187,2
DA:188,2
DA:189,2
DA:190,2
DA:191,2
DA:192,2
DA:193,2
DA:194,2
DA:195,2
DA:196,2
DA:197,2
DA:198,2
DA:199,2
DA:200,2
DA:201,2
DA:202,21
DA:203,21
DA:204,2
DA:205,0
DA:206,0
DA:207,0
DA:208,0
DA:209,0
DA:210,0
DA:211,0
DA:212,0
DA:213,2
DA:214,21
DA:215,21
DA:216,5
DA:217,0
DA:218,0
DA:219,0
DA:220,21
DA:221,21
DA:222,21
DA:223,21
DA:224,21
DA:225,21
DA:226,21
DA:227,21
DA:228,21
DA:229,5
DA:230,5
DA:231,5
DA:232,0
DA:233,0
DA:234,0
DA:235,0
DA:236,0
DA:237,0
DA:238,21
DA:239,21
DA:240,21
DA:241,21
DA:242,21
DA:243,21
DA:244,21
DA:245,21
DA:246,21
DA:247,21
DA:248,21
DA:249,21
DA:250,21
DA:251,1
DA:252,1
DA:253,0
DA:254,1
DA:255,1
DA:256,21
DA:257,21
DA:258,0
DA:259,0
DA:260,0
DA:261,0
DA:262,0
DA:263,0
DA:264,0
DA:265,0
DA:266,0
DA:267,0
DA:268,0
DA:269,0
DA:270,21
DA:271,21
DA:272,1
DA:273,0
DA:274,0
DA:275,0
DA:276,1
DA:277,0
DA:278,0
DA:279,0
DA:280,1
DA:281,1
DA:282,1
DA:283,1
DA:284,1
DA:285,21
DA:286,21
DA:287,1
DA:288,1
DA:289,1
DA:290,0
DA:291,0
DA:292,0
DA:293,1
DA:294,1
DA:295,1
DA:296,1
DA:297,1
DA:298,1
DA:299,1
DA:300,1
DA:301,1
DA:302,1
DA:303,1
DA:304,1
DA:305,1
DA:306,1
DA:307,1
DA:308,1
DA:309,1
DA:310,1
DA:311,0
DA:312,0
DA:313,1
DA:314,1
DA:315,1
DA:316,1
DA:317,21
DA:318,21
DA:319,0
DA:320,0
DA:321,0
DA:322,0
DA:323,0
DA:324,0
DA:325,0
DA:326,0
DA:327,0
DA:328,0
DA:329,0
DA:330,0
DA:331,0
DA:332,0
DA:333,0
DA:334,0
DA:335,0
DA:336,0
DA:337,0
DA:338,21
DA:339,21
DA:340,0
DA:341,0
DA:342,0
DA:343,0
DA:344,21
DA:345,21
DA:346,0
DA:347,0
DA:348,0
DA:349,0
DA:350,0
DA:351,0
DA:352,0
DA:353,0
DA:354,0
DA:355,0
DA:356,0
DA:357,0
DA:358,0
DA:359,0
DA:360,0
DA:361,0
DA:362,0
DA:363,0
DA:364,0
DA:365,0
DA:366,0
DA:367,0
DA:368,21
DA:369,21
DA:370,0
DA:371,0
DA:372,0
DA:373,0
DA:374,0
DA:375,0
DA:376,0
DA:377,0
DA:378,0
DA:379,0
DA:380,0
DA:381,0
DA:382,0
DA:383,0
DA:384,0
DA:385,0
DA:386,0
DA:387,0
DA:388,21
DA:389,21
DA:390,0
DA:391,0
DA:392,0
DA:393,0
DA:394,0
DA:395,0
DA:396,0
DA:397,0
DA:398,0
DA:399,0
DA:400,0
DA:401,0
DA:402,0
DA:403,0
DA:404,0
DA:405,0
DA:406,0
DA:407,0
DA:408,0
DA:409,0
DA:410,0
DA:411,0
DA:412,0
DA:413,0
DA:414,21
DA:415,21
DA:416,0
DA:417,0
DA:418,0
DA:419,0
DA:420,0
DA:421,0
DA:422,0
DA:423,0
DA:424,0
DA:425,0
DA:426,0
DA:427,0
DA:428,0
DA:429,0
DA:430,21
DA:431,21
DA:432,21
DA:433,21
DA:434,21
DA:435,21
DA:436,21
DA:437,21
DA:438,3
DA:439,1
DA:440,1
DA:441,1
DA:442,1
DA:443,1
DA:444,1
DA:445,1
DA:446,1
DA:447,1
DA:448,1
DA:449,1
DA:450,1
DA:451,1
DA:452,1
DA:453,1
DA:454,1
DA:455,1
DA:456,1
DA:457,1
DA:458,1
DA:459,1
DA:460,1
DA:461,1
DA:462,1
DA:463,1
DA:464,1
DA:465,1
DA:466,1
DA:467,1
DA:468,1
DA:469,1
DA:470,1
DA:471,1
DA:472,1
DA:473,1
DA:474,1
DA:475,1
DA:476,1
DA:477,1
DA:478,1
DA:479,1
DA:480,1
DA:481,1
DA:482,1
DA:483,1
DA:484,1
DA:485,1
DA:486,1
DA:487,1
DA:488,1
DA:489,1
DA:490,3
DA:491,2
DA:492,2
DA:493,2
DA:494,2
DA:495,2
DA:496,2
DA:497,2
DA:498,2
DA:499,2
DA:500,2
DA:501,2
DA:502,2
DA:503,2
DA:504,2
DA:505,2
DA:506,2
DA:507,2
DA:508,2
DA:509,2
DA:510,2
DA:511,2
DA:512,2
DA:513,2
DA:514,2
DA:515,2
DA:516,2
DA:517,3
DA:518,3
DA:519,21
DA:520,21
DA:521,3
DA:522,1
DA:523,1
DA:524,1
DA:525,2
DA:526,3
DA:527,0
DA:528,0
DA:529,0
DA:530,2
DA:531,3
DA:532,1
DA:533,1
DA:534,1
DA:535,1
DA:536,1
DA:537,1
DA:538,1
DA:539,1
DA:540,1
DA:541,1
DA:542,1
DA:543,1
DA:544,1
DA:545,1
DA:546,1
DA:547,1
DA:548,1
DA:549,1
DA:550,1
DA:551,1
DA:552,1
DA:553,1
DA:554,1
DA:555,1
DA:556,1
DA:557,1
DA:558,1
DA:559,1
DA:560,0
DA:561,0
DA:562,0
DA:563,0
DA:564,1
DA:565,1
DA:566,1
DA:567,1
DA:568,1
DA:569,1
DA:570,1
DA:571,1
DA:572,1
DA:573,1
DA:574,1
DA:575,1
DA:576,1
DA:577,1
DA:578,1
DA:579,1
DA:580,1
DA:581,1
DA:582,1
DA:583,1
DA:584,1
DA:585,1
DA:586,1
DA:587,1
DA:588,1
DA:589,1
DA:590,1
DA:591,1
DA:592,1
DA:593,1
DA:594,1
DA:595,1
DA:596,1
DA:597,1
DA:598,1
DA:599,1
DA:600,1
DA:601,1
DA:602,1
DA:603,1
DA:604,1
DA:605,1
DA:606,1
DA:607,1
DA:608,1
DA:609,1
DA:610,1
DA:611,1
DA:612,1
DA:613,1
DA:614,1
DA:615,1
DA:616,0
DA:617,0
DA:618,0
DA:619,0
DA:620,1
DA:621,1
DA:622,1
DA:623,1
DA:624,2
DA:625,2
DA:626,3
DA:627,21
DA:628,21
DA:629,21
DA:630,21
DA:631,21
DA:632,21
DA:633,21
DA:634,21
DA:635,21
DA:636,21
DA:637,21
DA:638,21
DA:639,21
DA:640,21
DA:641,21
DA:642,21
DA:643,21
DA:644,21
DA:645,21
DA:646,21
DA:647,21
DA:648,21
DA:649,21
DA:650,21
DA:651,21
DA:652,21
DA:653,21
DA:654,21
DA:655,21
DA:656,21
DA:657,21
DA:658,21
DA:659,21
DA:660,21
DA:661,21
DA:662,21
DA:663,21
DA:664,21
DA:665,21
DA:666,21
DA:667,21
DA:668,21
DA:669,21
DA:670,21
DA:671,21
DA:672,21
DA:673,21
DA:674,21
DA:675,21
DA:676,21
DA:677,21
DA:678,21
DA:679,21
DA:680,21
DA:681,21
DA:682,21
DA:683,21
DA:684,21
DA:685,21
DA:686,21
DA:687,21
DA:688,21
DA:689,3
DA:690,3
DA:691,3
DA:692,0
DA:693,3
DA:694,21
DA:695,21
DA:696,21
DA:697,21
DA:698,21
DA:699,1
DA:700,1
DA:701,1
DA:702,4
DA:703,4
DA:704,4
DA:705,4
DA:706,1
DA:707,1
DA:708,1
DA:709,20
DA:710,20
DA:711,20
DA:712,20
DA:713,20
DA:714,20
DA:715,20
DA:716,20
DA:717,20
DA:718,20
DA:719,20
DA:720,20
DA:721,20
DA:722,20
DA:723,20
DA:724,20
DA:725,20
DA:726,20
DA:727,20
DA:728,20
DA:729,20
DA:730,20
DA:731,20
DA:732,20
DA:733,20
DA:734,11
DA:735,11
DA:736,11
DA:737,11
DA:738,11
DA:739,11
DA:740,11
DA:741,11
DA:742,11
DA:743,11
DA:744,11
DA:745,11
DA:746,11
DA:747,11
DA:748,11
DA:749,11
DA:750,11
DA:751,11
DA:752,11
DA:753,11
DA:754,11
DA:755,11
DA:756,11
DA:757,11
DA:758,11
DA:759,11
DA:760,11
DA:761,11
DA:762,11
DA:763,11
DA:764,11
DA:765,11
DA:766,11
DA:767,11
DA:768,11
DA:769,11
DA:770,11
DA:771,11
DA:772,11
DA:773,11
DA:774,11
DA:775,11
DA:776,11
DA:777,11
DA:778,11
DA:779,11
DA:780,11
DA:781,11
DA:782,11
DA:783,11
DA:784,11
DA:785,11
DA:786,11
DA:787,11
DA:788,11
DA:789,11
DA:790,11
DA:791,11
DA:792,11
DA:793,11
DA:794,11
DA:795,11
DA:796,11
DA:797,11
DA:798,11
DA:799,11
DA:800,11
DA:801,11
DA:802,11
DA:803,11
DA:804,11
DA:805,11
DA:806,20
DA:807,20
DA:808,20
DA:809,21
DA:810,21
DA:811,21
DA:812,21
DA:813,21
DA:814,21
DA:815,21
DA:816,21
DA:817,21
DA:818,21
DA:819,21
DA:820,21
DA:821,21
DA:822,21
DA:823,21
DA:824,21
DA:825,21
DA:826,21
DA:827,21
DA:828,21
DA:829,21
DA:830,21
DA:831,21
DA:832,21
DA:833,0
DA:834,21
DA:835,21
DA:836,0
DA:837,0
DA:838,0
DA:839,0
DA:840,0
DA:841,0
DA:842,0
DA:843,0
DA:844,0
DA:845,0
DA:846,0
DA:847,0
DA:848,0
DA:849,0
DA:850,0
DA:851,0
DA:852,0
DA:853,0
DA:854,0
DA:855,0
DA:856,0
DA:857,0
DA:858,0
DA:859,0
DA:860,0
DA:861,0
DA:862,0
DA:863,0
DA:864,0
DA:865,0
DA:866,0
DA:867,0
DA:868,0
DA:869,0
DA:870,0
DA:871,0
DA:872,0
DA:873,0
DA:874,0
DA:875,0
DA:876,0
DA:877,0
DA:878,0
DA:879,0
DA:880,0
DA:881,0
DA:882,0
DA:883,0
DA:884,0
DA:885,0
DA:886,0
DA:887,0
DA:888,0
DA:889,0
DA:890,0
DA:891,0
DA:892,0
DA:893,0
DA:894,0
DA:895,0
DA:896,0
DA:897,0
DA:898,21
DA:899,21
DA:900,21
DA:901,21
DA:902,21
DA:903,21
DA:904,21
DA:905,21
DA:906,21
DA:907,21
DA:908,21
DA:909,21
DA:910,21
DA:911,21
DA:912,21
DA:913,21
DA:914,21
DA:915,21
DA:916,21
DA:917,21
DA:918,21
DA:919,21
DA:920,21
DA:921,21
DA:922,21
DA:923,21
DA:924,21
DA:925,21
DA:926,21
DA:927,21
DA:928,21
DA:929,21
DA:930,21
DA:931,21
DA:932,21
DA:933,21
DA:934,21
DA:935,21
DA:936,21
DA:937,21
DA:938,21
DA:939,21
DA:940,21
DA:941,21
DA:942,21
DA:943,21
DA:944,21
DA:945,21
DA:946,21
DA:947,21
DA:948,21
DA:949,21
DA:950,21
DA:951,21
DA:952,21
DA:953,21
DA:954,21
DA:955,21
DA:956,21
DA:957,21
DA:958,21
DA:959,21
DA:960,21
DA:961,21
DA:962,21
DA:963,21
DA:964,21
DA:965,21
DA:966,21
DA:967,21
DA:968,21
DA:969,21
DA:970,21
DA:971,21
DA:972,21
DA:973,21
DA:974,21
DA:975,21
DA:976,21
DA:977,21
DA:978,21
DA:979,21
DA:980,0
DA:981,0
DA:982,0
DA:983,0
DA:984,0
DA:985,0
DA:986,0
DA:987,0
DA:988,21
DA:989,21
DA:990,21
DA:991,21
DA:992,21
DA:993,21
DA:994,21
DA:995,21
DA:996,21
DA:997,21
DA:998,21
DA:999,0
DA:1000,0
DA:1001,0
DA:1002,0
DA:1003,21
DA:1004,21
DA:1005,21
DA:1006,21
DA:1007,21
DA:1008,21
DA:1009,21
DA:1010,21
DA:1011,21
DA:1012,21
DA:1013,21
DA:1014,21
DA:1015,21
DA:1016,21
DA:1017,21
DA:1018,21
DA:1019,21
DA:1020,21
DA:1021,21
DA:1022,21
DA:1023,21
DA:1024,21
DA:1025,21
DA:1026,21
DA:1027,21
DA:1028,21
DA:1029,21
DA:1030,21
DA:1031,21
DA:1032,21
DA:1033,21
DA:1034,21
DA:1035,21
DA:1036,21
DA:1037,21
DA:1038,21
DA:1039,21
DA:1040,21
DA:1041,21
DA:1042,21
DA:1043,21
DA:1044,21
DA:1045,21
DA:1046,21
DA:1047,21
DA:1048,21
DA:1049,21
DA:1050,21
DA:1051,21
DA:1052,21
DA:1053,21
DA:1054,21
DA:1055,21
DA:1056,21
DA:1057,21
DA:1058,21
DA:1059,21
DA:1060,21
DA:1061,21
DA:1062,21
DA:1063,21
DA:1064,21
DA:1065,21
DA:1066,21
DA:1067,21
DA:1068,21
DA:1069,21
DA:1070,21
DA:1071,21
DA:1072,21
DA:1073,21
DA:1074,21
DA:1075,21
DA:1076,21
DA:1077,21
DA:1078,21
DA:1079,21
DA:1080,21
DA:1081,21
DA:1082,21
DA:1083,21
DA:1084,21
DA:1085,21
DA:1086,21
DA:1087,21
DA:1088,21
DA:1089,21
DA:1090,21
DA:1091,21
DA:1092,21
DA:1093,21
DA:1094,21
DA:1095,21
DA:1096,21
DA:1097,21
DA:1098,21
DA:1099,21
DA:1100,21
DA:1101,21
DA:1102,21
DA:1103,21
DA:1104,21
DA:1105,21
DA:1106,21
DA:1107,21
DA:1108,21
DA:1109,21
DA:1110,21
DA:1111,21
DA:1112,21
DA:1113,21
DA:1114,21
DA:1115,21
DA:1116,21
DA:1117,21
DA:1118,21
DA:1119,21
DA:1120,21
DA:1121,21
DA:1122,21
DA:1123,21
DA:1124,21
DA:1125,21
DA:1126,21
DA:1127,21
DA:1128,21
DA:1129,21
DA:1130,21
DA:1131,21
DA:1132,21
DA:1133,21
DA:1134,21
DA:1135,21
DA:1136,21
DA:1137,21
DA:1138,21
DA:1139,21
DA:1140,21
DA:1141,21
DA:1142,21
DA:1143,21
DA:1144,21
DA:1145,21
DA:1146,21
DA:1147,21
DA:1148,21
DA:1149,21
DA:1150,21
DA:1151,21
DA:1152,21
DA:1153,21
DA:1154,21
DA:1155,21
DA:1156,21
DA:1157,21
DA:1158,21
DA:1159,21
DA:1160,21
DA:1161,21
DA:1162,21
DA:1163,21
DA:1164,21
DA:1165,21
DA:1166,21
DA:1167,21
DA:1168,21
DA:1169,21
DA:1170,21
DA:1171,21
DA:1172,21
DA:1173,21
DA:1174,21
DA:1175,21
DA:1176,21
DA:1177,21
DA:1178,21
DA:1179,21
DA:1180,21
DA:1181,21
DA:1182,21
DA:1183,21
DA:1184,21
DA:1185,21
DA:1186,21
DA:1187,21
DA:1188,21
DA:1189,21
DA:1190,21
DA:1191,21
DA:1192,21
DA:1193,21
DA:1194,21
DA:1195,21
DA:1196,21
DA:1197,21
DA:1198,21
DA:1199,21
DA:1200,21
DA:1201,21
DA:1202,21
DA:1203,21
DA:1204,21
DA:1205,21
DA:1206,21
DA:1207,21
DA:1208,21
DA:1209,21
DA:1210,21
DA:1211,21
DA:1212,21
DA:1213,21
DA:1214,21
DA:1215,21
DA:1216,21
DA:1217,21
DA:1218,21
DA:1219,21
DA:1220,21
DA:1221,21
DA:1222,21
DA:1223,21
DA:1224,21
DA:1225,21
DA:1226,21
DA:1227,21
DA:1228,21
DA:1229,21
DA:1230,21
DA:1231,21
DA:1232,21
DA:1233,21
DA:1234,21
DA:1235,21
DA:1236,21
DA:1237,21
DA:1238,21
DA:1239,21
DA:1240,21
DA:1241,21
DA:1242,21
DA:1243,21
DA:1244,21
DA:1245,21
DA:1246,21
DA:1247,21
DA:1248,21
DA:1249,21
DA:1250,21
DA:1251,0
DA:1252,0
DA:1253,0
DA:1254,0
DA:1255,0
DA:1256,0
DA:1257,0
DA:1258,0
DA:1259,0
DA:1260,0
DA:1261,0
DA:1262,0
DA:1263,0
DA:1264,0
DA:1265,0
DA:1266,0
DA:1267,0
DA:1268,0
DA:1269,0
DA:1270,0
DA:1271,0
DA:1272,0
DA:1273,0
DA:1274,0
DA:1275,0
DA:1276,0
DA:1277,0
DA:1278,0
DA:1279,0
DA:1280,0
DA:1281,0
DA:1282,0
DA:1283,0
DA:1284,0
DA:1285,0
DA:1286,0
DA:1287,0
DA:1288,0
DA:1289,0
DA:1290,0
DA:1291,0
DA:1292,0
DA:1293,0
DA:1294,0
DA:1295,0
DA:1296,0
DA:1297,0
DA:1298,0
DA:1299,0
DA:1300,0
DA:1301,0
DA:1302,0
DA:1303,0
DA:1304,21
DA:1305,21
DA:1306,21
DA:1307,21
DA:1308,21
DA:1309,21
DA:1310,21
DA:1311,21
DA:1312,21
DA:1313,21
DA:1314,21
DA:1315,21
DA:1316,21
DA:1317,21
DA:1318,21
DA:1319,21
DA:1320,21
DA:1321,21
DA:1322,21
DA:1323,21
DA:1324,21
DA:1325,21
DA:1326,21
DA:1327,21
DA:1328,0
DA:1329,0
DA:1330,0
DA:1331,21
DA:1332,21
DA:1333,21
DA:1334,21
DA:1335,21
DA:1336,21
DA:1337,21
DA:1338,21
DA:1339,21
DA:1340,21
DA:1341,21
DA:1342,21
DA:1343,21
DA:1344,21
LF:1344
LH:1057
BRDA:41,0,0,21
BRDA:247,1,0,3
BRDA:248,2,0,11
BRDA:632,3,0,0
BRDA:632,4,0,0
BRDA:632,5,0,0
BRDA:633,6,0,0
BRDA:639,7,0,0
BRDA:656,8,0,0
BRDA:660,9,0,0
BRDA:668,10,0,0
BRDA:670,11,0,0
BRDA:672,12,0,0
BRDA:674,13,0,0
BRDA:679,14,0,0
BRDA:681,15,0,0
BRDA:685,16,0,0
BRDA:688,17,0,3
BRDA:689,18,0,0
BRDA:691,19,0,0
BRDA:698,20,0,1
BRDA:708,21,0,20
BRDA:710,22,0,0
BRDA:710,23,0,0
BRDA:716,24,0,17
BRDA:721,25,0,0
BRDA:722,26,0,0
BRDA:724,27,0,0
BRDA:726,28,0,0
BRDA:727,29,0,0
BRDA:728,30,0,0
BRDA:729,31,0,0
BRDA:832,32,0,0
BRDA:835,33,0,0
BRDA:919,34,0,5
BRDA:919,35,0,16
BRDA:965,36,0,12
BRDA:1009,37,0,0
BRDA:1015,38,0,0
BRDA:1026,39,0,0
BRDA:1177,40,0,5
BRDA:1177,41,0,16
BRDA:1199,42,0,18
BRDA:1211,43,0,3
BRDA:1250,44,0,0
BRDA:1311,45,0,0
BRDA:1323,46,0,5
BRDA:1323,47,0,16
BRDA:1324,48,0,2
BRDA:1324,49,0,1
BRDA:1324,50,0,1
BRDA:1324,51,0,19
BRDA:1324,52,0,4
BRDA:1324,53,0,15
BRDA:137,54,0,1
BRDA:138,55,0,0
BRDA:145,56,0,2
BRDA:146,57,0,1
BRDA:153,58,0,2
BRDA:154,59,0,0
BRDA:159,60,0,0
BRDA:162,61,0,0
BRDA:165,62,0,2
BRDA:166,63,0,0
BRDA:168,64,0,0
BRDA:171,65,0,1
BRDA:172,66,0,0
BRDA:174,67,0,0
BRDA:179,68,0,0
BRDA:183,69,0,2
BRDA:184,70,0,0
BRDA:184,71,0,0
BRDA:185,72,0,0
BRDA:189,73,0,0
BRDA:189,74,0,0
BRDA:190,75,0,0
BRDA:192,76,0,0
BRDA:193,77,0,0
BRDA:194,78,0,0
BRDA:194,79,0,0
BRDA:198,80,0,1
BRDA:203,81,0,2
BRDA:204,82,0,0
BRDA:215,83,0,5
BRDA:216,84,0,0
BRDA:222,85,0,5
BRDA:224,86,0,5
BRDA:224,87,0,2
BRDA:227,88,0,11
BRDA:227,89,0,0
BRDA:228,90,0,5
BRDA:229,91,0,0
BRDA:231,92,0,0
BRDA:240,93,0,7
BRDA:240,94,0,4
BRDA:244,95,0,7
BRDA:244,96,0,1
BRDA:244,97,0,1
BRDA:248,98,0,11
BRDA:250,99,0,1
BRDA:251,100,0,1
BRDA:252,101,0,0
BRDA:252,102,0,0
BRDA:271,103,0,1
BRDA:272,104,0,0
BRDA:276,105,0,0
BRDA:286,106,0,1
BRDA:287,107,0,0
BRDA:288,108,0,0
BRDA:289,109,0,0
BRDA:310,110,0,0
BRDA:299,111,0,1
BRDA:437,112,0,3
BRDA:438,113,0,1
BRDA:444,114,0,0
BRDA:453,115,0,0
BRDA:454,116,0,0
BRDA:488,117,0,0
BRDA:490,118,0,2
BRDA:440,119,0,1
BRDA:442,120,0,0
BRDA:471,121,0,1
BRDA:520,122,0,3
BRDA:521,123,0,2
BRDA:521,124,0,1
BRDA:524,125,0,2
BRDA:526,126,0,0
BRDA:529,127,0,2
BRDA:531,128,0,1
BRDA:535,129,0,0
BRDA:537,130,0,0
BRDA:551,131,0,0
BRDA:552,132,0,0
BRDA:556,133,0,0
BRDA:559,134,0,0
BRDA:571,135,0,0
BRDA:573,136,0,0
BRDA:587,137,0,0
BRDA:588,138,0,0
BRDA:594,139,0,0
BRDA:594,140,0,0
BRDA:595,141,0,0
BRDA:596,142,0,0
BRDA:596,143,0,0
BRDA:599,144,0,0
BRDA:600,145,0,0
BRDA:603,146,0,0
BRDA:605,147,0,0
BRDA:605,148,0,0
BRDA:605,149,0,0
BRDA:606,150,0,0
BRDA:607,151,0,0
BRDA:607,152,0,0
BRDA:607,153,0,0
BRDA:615,154,0,0
BRDA:623,155,0,2
BRDA:669,156,0,2
BRDA:701,157,0,4
BRDA:716,158,0,8
BRDA:733,159,0,11
BRDA:743,160,0,0
BRDA:755,161,0,0
BRDA:756,162,0,0
BRDA:772,163,0,0
BRDA:788,164,0,0
BRDA:738,165,0,1
BRDA:799,166,0,1
BRDA:937,167,0,2
BRDA:937,168,0,0
BRDA:969,169,0,2
BRDA:969,170,0,0
BRDA:1046,171,0,1
BRF:172
BRH:69
end_of_record
TN:
SF:src/Financeiro/Financeiro.tsx
FN:53,Financeiro
FN:90,formatDate
FN:98,parseDate
FN:110,parseNumber
FN:115,humanize
FN:120,handleModalClose
FN:162,handleSaveLancamento
FN:209,isOverdue
FN:219,getStatusColor
FN:227,getStatusLabel
FN:299,onClick
FN:309,handlePay
FN:337,onClick
FN:370,onChange
FN:375,onClick
FN:495,onChange
FN:510,onChange
FN:521,onChange
FN:530,onChange
FN:539,onChange
FN:550,onClose
FN:556,onChange
FN:560,onBlur
FN:573,onClick
FN:583,onChange
FN:603,onChange
FN:614,onChange
FN:640,onClose
FN:644,onClick
FN:649,onClose
FN:653,onClick
FNF:31
FNH:14
FNDA:15,Financeiro
FNDA:0,formatDate
FNDA:0,parseDate
FNDA:2,parseNumber
FNDA:0,humanize
FNDA:1,handleModalClose
FNDA:1,handleSaveLancamento
FNDA:6,isOverdue
FNDA:3,getStatusColor
FNDA:3,getStatusLabel
FNDA:1,onClick
FNDA:1,handlePay
FNDA:0,onClick
FNDA:0,onChange
FNDA:1,onClick
FNDA:1,onChange
FNDA:0,onChange
FNDA:0,onChange
FNDA:1,onChange
FNDA:1,onChange
FNDA:0,onClose
FNDA:0,onChange
FNDA:0,onBlur
FNDA:0,onClick
FNDA:0,onChange
FNDA:0,onChange
FNDA:1,onChange
FNDA:0,onClose
FNDA:0,onClick
FNDA:0,onClose
FNDA:0,onClick
DA:1,1
DA:2,1
DA:3,1
DA:4,1
DA:5,1
DA:6,1
DA:7,1
DA:8,1
DA:9,1
DA:10,1
DA:11,1
DA:12,1
DA:13,1
DA:14,1
DA:15,1
DA:16,1
DA:17,1
DA:18,1
DA:19,1
DA:20,1
DA:21,1
DA:22,1
DA:23,1
DA:24,1
DA:25,1
DA:26,1
DA:27,1
DA:28,1
DA:29,1
DA:30,1
DA:31,1
DA:32,1
DA:33,1
DA:34,1
DA:35,1
DA:36,1
DA:37,1
DA:38,1
DA:39,1
DA:40,1
DA:41,1
DA:42,1
DA:43,1
DA:44,1
DA:45,1
DA:46,1
DA:47,1
DA:48,1
DA:49,1
DA:50,1
DA:51,1
DA:52,1
DA:53,1
DA:54,15
DA:55,15
DA:56,15
DA:57,15
DA:58,15
DA:59,15
DA:60,15
DA:61,15
DA:62,15
DA:63,15
DA:64,15
DA:65,15
DA:66,15
DA:67,15
DA:68,15
DA:69,15
DA:70,15
DA:71,15
DA:72,15
DA:73,15
DA:74,15
DA:75,15
DA:76,15
DA:77,15
DA:78,15
DA:79,15
DA:80,15
DA:81,15
DA:82,15
DA:83,15
DA:84,15
DA:85,15
DA:86,15
DA:87,15
DA:88,15
DA:89,15
DA:90,15
DA:91,0
DA:92,0
DA:93,0
DA:94,0
DA:95,0
DA:96,0
DA:97,15
DA:98,15
DA:99,0
DA:100,0
DA:101,0
DA:102,0
DA:103,0
DA:104,0
DA:105,0
DA:106,0
DA:107,0
DA:108,0
DA:109,15
DA:110,15
DA:111,2
DA:112,2
DA:113,2
DA:114,15
DA:115,15
DA:116,0
DA:117,0
DA:118,0
DA:119,15
DA:120,15
DA:121,1
DA:122,1
DA:123,1
DA:124,1
DA:125,1
DA:126,1
DA:127,1
DA:128,1
DA:129,1
DA:130,1
DA:131,1
DA:132,1
DA:133,1
DA:134,15
DA:135,15
DA:136,5
DA:137,1
DA:138,1
DA:139,1
DA:140,1
DA:141,15
DA:142,15
DA:143,15
DA:144,5
DA:145,1
DA:146,1
DA:147,1
DA:148,1
DA:149,1
DA:150,1
DA:151,1
DA:152,1
DA:153,1
DA:154,1
DA:155,1
DA:156,1
DA:157,1
DA:158,1
DA:159,5
DA:160,15
DA:161,15
DA:162,15
DA:163,1
DA:164,1
DA:165,1
DA:166,1
DA:167,1
DA:168,1
DA:169,1
DA:170,1
DA:171,1
DA:172,1
DA:173,1
DA:174,1
DA:175,1
DA:176,1
DA:177,1
DA:178,1
DA:179,1
DA:180,1
DA:181,1
DA:182,1
DA:183,1
DA:184,1
DA:185,1
DA:186,1
DA:187,1
DA:188,1
DA:189,1
DA:190,1
DA:191,1
DA:192,1
DA:193,1
DA:194,1
DA:195,1
DA:196,1
DA:197,1
DA:198,1
DA:199,1
DA:200,1
DA:201,0
DA:202,0
DA:203,0
DA:204,1
DA:205,1
DA:206,1
DA:207,1
DA:208,15
DA:209,15
DA:210,6
DA:211,6
DA:212,6
DA:213,0
DA:214,0
DA:215,0
DA:216,0
DA:217,6
DA:218,15
DA:219,15
DA:220,3
DA:221,3
DA:222,3
DA:223,3
DA:224,0
DA:225,3
DA:226,15
DA:227,15
DA:228,3
DA:229,3
DA:230,3
DA:231,3
DA:232,0
DA:233,3
DA:234,15
DA:235,15
DA:236,15
DA:237,15
DA:238,3
DA:239,3
DA:240,3
DA:241,3
DA:242,3
DA:243,3
DA:244,3
DA:245,3
DA:246,3
DA:247,3
DA:248,3
DA:249,0
DA:250,3
DA:251,0
DA:252,0
DA:253,3
DA:254,3
DA:255,3
DA:256,3
DA:257,3
DA:258,0
DA:259,3
DA:260,3
DA:261,3
DA:262,15
DA:263,15
DA:264,15
DA:265,3
DA:266,3
DA:267,3
DA:268,3
DA:269,3
DA:270,3
DA:271,3
DA:272,3
DA:273,3
DA:274,3
DA:275,3
DA:276,3
DA:277,3
DA:278,3
DA:279,3
DA:280,3
DA:281,3
DA:282,3
DA:283,3
DA:284,3
DA:285,3
DA:286,3
DA:287,3
DA:288,3
DA:289,3
DA:290,3
DA:291,3
DA:292,0
DA:293,0
DA:294,3
DA:295,3
DA:296,3
DA:297,3
DA:298,3
DA:299,3
DA:300,3
DA:301,3
DA:302,3
DA:303,3
DA:304,3
DA:305,3
DA:306,3
DA:307,15
DA:308,15
DA:309,15
DA:310,1
DA:311,1
DA:312,1
DA:313,1
DA:314,1
DA:315,1
DA:316,0
DA:317,0
DA:318,0
DA:319,1
DA:320,1
DA:321,1
DA:322,1
DA:323,15
DA:324,15
DA:325,15
DA:326,15
DA:327,15
DA:328,15
DA:329,15
DA:330,15
DA:331,15
DA:332,15
DA:333,15
DA:334,15
DA:335,15
DA:336,15
DA:337,15
DA:338,15
DA:339,15
DA:340,15
DA:341,15
DA:342,15
DA:343,15
DA:344,15
DA:345,15
DA:346,15
DA:347,15
DA:348,15
DA:349,15
DA:350,15
DA:351,15
DA:352,15
DA:353,15
DA:354,15
DA:355,15
DA:356,15
DA:357,15
DA:358,15
DA:359,15
DA:360,15
DA:361,15
DA:362,15
DA:363,15
DA:364,15
DA:365,15
DA:366,15
DA:367,15
DA:368,15
DA:369,15
DA:370,15
DA:371,15
DA:372,15
DA:373,15
DA:374,15
DA:375,15
DA:376,15
DA:377,15
DA:378,15
DA:379,15
DA:380,15
DA:381,15
DA:382,15
DA:383,15
DA:384,15
DA:385,15
DA:386,15
DA:387,15
DA:388,15
DA:389,15
DA:390,15
DA:391,15
DA:392,15
DA:393,15
DA:394,15
DA:395,15
DA:396,1
DA:397,1
DA:398,1
DA:399,1
DA:400,1
DA:401,1
DA:402,1
DA:403,1
DA:404,1
DA:405,1
DA:406,4
DA:407,4
DA:408,4
DA:409,4
DA:410,1
DA:411,1
DA:412,1
DA:413,14
DA:414,14
DA:415,14
DA:416,14
DA:417,14
DA:418,14
DA:419,14
DA:420,14
DA:421,14
DA:422,14
DA:423,14
DA:424,14
DA:425,14
DA:426,14
DA:427,14
DA:428,14
DA:429,14
DA:430,14
DA:431,14
DA:432,14
DA:433,14
DA:434,14
DA:435,14
DA:436,14
DA:437,14
DA:438,14
DA:439,11
DA:440,11
DA:441,11
DA:442,11
DA:443,11
DA:444,11
DA:445,11
DA:446,11
DA:447,11
DA:448,11
DA:449,14
DA:450,14
DA:451,14
DA:452,14
DA:453,15
DA:454,15
DA:455,15
DA:456,15
DA:457,15
DA:458,15
DA:459,15
DA:460,15
DA:461,15
DA:462,15
DA:463,15
DA:464,15
DA:465,15
DA:466,15
DA:467,15
DA:468,15
DA:469,15
DA:470,15
DA:471,15
DA:472,15
DA:473,15
DA:474,15
DA:475,15
DA:476,15
DA:477,15
DA:478,15
DA:479,15
DA:480,15
DA:481,15
DA:482,15
DA:483,15
DA:484,15
DA:485,15
DA:486,15
DA:487,15
DA:488,15
DA:489,15
DA:490,15
DA:491,15
DA:492,15
DA:493,15
DA:494,15
DA:495,15
DA:496,15
DA:497,15
DA:498,15
DA:499,15
DA:500,15
DA:501,15
DA:502,15
DA:503,15
DA:504,15
DA:505,15
DA:506,15
DA:507,15
DA:508,15
DA:509,15
DA:510,15
DA:511,15
DA:512,15
DA:513,15
DA:514,15
DA:515,15
DA:516,15
DA:517,15
DA:518,15
DA:519,15
DA:520,15
DA:521,15
DA:522,15
DA:523,15
DA:524,15
DA:525,15
DA:526,15
DA:527,15
DA:528,15
DA:529,15
DA:530,15
DA:531,15
DA:532,15
DA:533,15
DA:534,15
DA:535,15
DA:536,15
DA:537,15
DA:538,15
DA:539,15
DA:540,15
DA:541,15
DA:542,15
DA:543,15
DA:544,15
DA:545,15
DA:546,15
DA:547,15
DA:548,15
DA:549,15
DA:550,15
DA:551,15
DA:552,15
DA:553,15
DA:554,15
DA:555,15
DA:556,15
DA:557,0
DA:558,0
DA:559,0
DA:560,15
DA:561,0
DA:562,0
DA:563,0
DA:564,0
DA:565,0
DA:566,0
DA:567,0
DA:568,0
DA:569,0
DA:570,0
DA:571,0
DA:572,15
DA:573,15
DA:574,15
DA:575,15
DA:576,15
DA:577,15
DA:578,15
DA:579,15
DA:580,15
DA:581,15
DA:582,15
DA:583,15
DA:584,0
DA:585,0
DA:586,0
DA:587,0
DA:588,15
DA:589,15
DA:590,15
DA:591,15
DA:592,15
DA:593,15
DA:594,15
DA:595,15
DA:596,15
DA:597,15
DA:598,15
DA:599,15
DA:600,15
DA:601,15
DA:602,15
DA:603,15
DA:604,15
DA:605,15
DA:606,15
DA:607,15
DA:608,15
DA:609,15
DA:610,15
DA:611,15
DA:612,15
DA:613,15
DA:614,15
DA:615,15
DA:616,15
DA:617,15
DA:618,15
DA:619,15
DA:620,15
DA:621,15
DA:622,15
DA:623,15
DA:624,15
DA:625,15
DA:626,15
DA:627,15
DA:628,15
DA:629,15
DA:630,15
DA:631,15
DA:632,15
DA:633,15
DA:634,15
DA:635,15
DA:636,15
DA:637,15
DA:638,15
DA:639,15
DA:640,15
DA:641,15
DA:642,15
DA:643,15
DA:644,15
DA:645,15
DA:646,15
DA:647,15
DA:648,15
DA:649,15
DA:650,15
DA:651,15
DA:652,15
DA:653,15
DA:654,15
DA:655,15
DA:656,15
DA:657,15
LF:657
LH:602
BRDA:53,0,0,15
BRDA:332,1,0,0
BRDA:335,2,0,0
BRDA:336,3,0,0
BRDA:337,4,0,0
BRDA:338,5,0,0
BRDA:341,6,0,0
BRDA:350,7,0,0
BRDA:351,8,0,0
BRDA:371,9,0,0
BRDA:392,10,0,0
BRDA:395,11,0,1
BRDA:412,12,0,14
BRDA:438,13,0,3
BRDA:438,14,0,11
BRDA:462,15,0,0
BRDA:485,16,0,0
BRDA:500,17,0,0
BRDA:526,18,0,0
BRDA:535,19,0,0
BRDA:549,20,0,0
BRDA:592,21,0,0
BRDA:632,22,0,1
BRDA:632,23,0,14
BRDA:643,24,0,1
BRDA:643,25,0,14
BRDA:652,26,0,14
BRDA:110,27,0,2
BRDA:112,28,0,0
BRDA:120,29,0,1
BRDA:135,30,0,5
BRDA:136,31,0,4
BRDA:136,32,0,1
BRDA:143,33,0,5
BRDA:144,34,0,1
BRDA:145,35,0,0
BRDA:146,36,0,0
BRDA:149,37,0,0
BRDA:149,38,0,0
BRDA:149,39,0,0
BRDA:150,40,0,0
BRDA:151,41,0,0
BRDA:151,42,0,0
BRDA:152,43,0,0
BRDA:162,44,0,1
BRDA:163,45,0,0
BRDA:164,46,0,0
BRDA:167,47,0,0
BRDA:172,48,0,0
BRDA:174,49,0,0
BRDA:184,50,0,0
BRDA:185,51,0,0
BRDA:185,52,0,0
BRDA:186,53,0,0
BRDA:188,54,0,0
BRDA:189,55,0,0
BRDA:190,56,0,0
BRDA:191,57,0,0
BRDA:191,58,0,0
BRDA:191,59,0,0
BRDA:200,60,0,0
BRDA:209,61,0,6
BRDA:210,62,0,0
BRDA:212,63,0,0
BRDA:212,64,0,0
BRDA:219,65,0,3
BRDA:220,66,0,0
BRDA:221,67,0,0
BRDA:222,68,0,0
BRDA:223,69,0,0
BRDA:223,70,0,0
BRDA:227,71,0,3
BRDA:228,72,0,0
BRDA:229,73,0,0
BRDA:230,74,0,0
BRDA:231,75,0,0
BRDA:231,76,0,0
BRDA:237,77,0,3
BRDA:241,78,0,0
BRDA:248,79,0,0
BRDA:250,80,0,0
BRDA:254,81,0,0
BRDA:257,82,0,0
BRDA:261,83,0,0
BRDA:261,84,0,0
BRDA:264,85,0,3
BRDA:280,86,0,0
BRDA:282,87,0,0
BRDA:291,88,0,0
BRDA:298,89,0,0
BRDA:301,90,0,1
BRDA:301,91,0,2
BRDA:299,92,0,1
BRDA:309,93,0,1
BRDA:310,94,0,0
BRDA:315,95,0,0
BRDA:311,96,0,1
BRDA:320,97,0,1
BRDA:320,98,0,1
BRDA:375,99,0,1
BRDA:405,100,0,4
BRDA:495,101,0,1
BRDA:495,102,0,0
BRDA:530,103,0,1
BRDA:539,104,0,1
BRDA:614,105,0,1
BRF:106
BRH:36
end_of_record
TN:
SF:src/components/Admin/AdminClients.tsx
FN:51,AdminClientFormSkeleton
FN:68,AdminClients
FN:110,handleSave
FN:152,onClick
FN:186,onChange
FN:193,onChange
FN:199,onChange
FN:206,onChange
FN:215,onChange
FN:223,onChange
FN:237,onChange
FNF:11
FNH:4
FNDA:1,AdminClientFormSkeleton
FNDA:16,AdminClients
FNDA:3,handleSave
FNDA:1,onClick
FNDA:0,onChange
FNDA:0,onChange
FNDA:0,onChange
FNDA:0,onChange
FNDA:0,onChange
FNDA:0,onChange
FNDA:0,onChange
DA:1,1
DA:2,1
DA:3,1
DA:4,1
DA:5,1
DA:6,1
DA:7,1
DA:8,1
DA:9,1
DA:10,1
DA:11,1
DA:12,1
DA:13,1
DA:14,1
DA:15,1
DA:16,1
DA:17,1
DA:18,1
DA:19,1
DA:20,1
DA:21,1
DA:22,1
DA:23,1
DA:24,1
DA:25,1
DA:26,1
DA:27,1
DA:28,1
DA:29,1
DA:30,1
DA:31,1
DA:32,1
DA:33,1
DA:34,1
DA:35,1
DA:36,1
DA:37,1
DA:38,1
DA:39,1
DA:40,1
DA:41,1
DA:42,1
DA:43,1
DA:44,1
DA:45,1
DA:46,1
DA:47,1
DA:48,1
DA:49,1
DA:50,1
DA:51,1
DA:52,1
DA:53,1
DA:54,1
DA:55,1
DA:56,1
DA:57,1
DA:58,1
DA:59,1
DA:60,1
DA:61,1
DA:62,1
DA:63,1
DA:64,1
DA:65,1
DA:66,1
DA:67,1
DA:68,1
DA:69,16
DA:70,16
DA:71,16
DA:72,16
DA:73,16
DA:74,16
DA:75,16
DA:76,16
DA:77,16
DA:78,16
DA:79,3
DA:80,3
DA:81,5
DA:82,16
DA:83,16
DA:84,16
DA:85,16
DA:86,8
DA:87,3
DA:88,3
DA:89,16
DA:90,16
DA:91,16
DA:92,8
DA:93,8
DA:94,5
DA:95,5
DA:96,5
DA:97,3
DA:98,3
DA:99,8
DA:100,8
DA:101,8
DA:102,8
DA:103,8
DA:104,8
DA:105,8
DA:106,8
DA:107,8
DA:108,16
DA:109,16
DA:110,16
DA:111,3
DA:112,3
DA:113,3
DA:114,3
DA:115,1
DA:116,1
DA:117,1
DA:118,1
DA:119,1
DA:120,1
DA:121,1
DA:122,1
DA:123,2
DA:124,2
DA:125,2
DA:126,2
DA:127,2
DA:128,2
DA:129,1
DA:130,1
DA:131,1
DA:132,1
DA:133,1
DA:134,1
DA:135,1
DA:136,1
DA:137,1
DA:138,1
DA:139,1
DA:140,3
DA:141,2
DA:142,2
DA:143,3
DA:144,16
DA:145,16
DA:146,16
DA:147,16
DA:148,16
DA:149,16
DA:150,16
DA:151,16
DA:152,16
DA:153,16
DA:154,16
DA:155,16
DA:156,16
DA:157,16
DA:158,16
DA:159,16
DA:160,16
DA:161,16
DA:162,16
DA:163,16
DA:164,16
DA:165,16
DA:166,16
DA:167,16
DA:168,16
DA:169,16
DA:170,16
DA:171,16
DA:172,16
DA:173,16
DA:174,16
DA:175,16
DA:176,16
DA:177,1
DA:178,15
DA:179,4
DA:180,11
DA:181,11
DA:182,11
DA:183,11
DA:184,11
DA:185,11
DA:186,11
DA:187,11
DA:188,11
DA:189,11
DA:190,11
DA:191,11
DA:192,11
DA:193,11
DA:194,11
DA:195,11
DA:196,11
DA:197,11
DA:198,11
DA:199,11
DA:200,11
DA:201,11
DA:202,11
DA:203,11
DA:204,11
DA:205,11
DA:206,11
DA:207,11
DA:208,11
DA:209,11
DA:210,11
DA:211,11
DA:212,11
DA:213,11
DA:214,11
DA:215,11
DA:216,11
DA:217,11
DA:218,11
DA:219,11
DA:220,11
DA:221,11
DA:222,11
DA:223,11
DA:224,0
DA:225,0
DA:226,0
DA:227,11
DA:228,11
DA:229,11
DA:230,11
DA:231,11
DA:232,11
DA:233,11
DA:234,11
DA:235,11
DA:236,11
DA:237,11
DA:238,11
DA:239,11
DA:240,11
DA:241,11
DA:242,11
DA:243,11
DA:244,11
DA:245,11
DA:246,11
DA:247,11
DA:248,11
DA:249,11
DA:250,11
DA:251,11
DA:252,11
DA:253,11
DA:254,16
DA:255,16
DA:256,16
DA:257,16
DA:258,16
DA:259,16
DA:260,16
DA:261,16
LF:261
LH:258
BRDA:51,0,0,1
BRDA:68,1,0,16
BRDA:176,2,0,1
BRDA:177,3,0,15
BRDA:178,4,0,4
BRDA:179,5,0,11
BRDA:78,6,0,5
BRDA:78,7,0,3
BRDA:80,8,0,0
BRDA:80,9,0,0
BRDA:85,10,0,8
BRDA:86,11,0,5
BRDA:86,12,0,3
BRDA:91,13,0,8
BRDA:93,14,0,5
BRDA:96,15,0,3
BRDA:99,16,0,0
BRDA:100,17,0,0
BRDA:101,18,0,0
BRDA:102,19,0,1
BRDA:103,20,0,1
BRDA:104,21,0,0
BRDA:105,22,0,1
BRDA:92,23,0,6
BRDA:110,24,0,3
BRDA:111,25,0,0
BRDA:114,26,0,1
BRDA:122,27,0,2
BRDA:128,28,0,1
BRDA:140,29,0,2
BRDA:152,30,0,1
BRF:31
BRH:24
end_of_record
TN:
SF:src/components/Admin/AdminHub.tsx
FN:35,AdminHub
FN:145,onClick
FNF:2
FNH:2
FNDA:4,AdminHub
FNDA:1,onClick
DA:1,1
DA:2,1
DA:3,1
DA:4,1
DA:5,1
DA:6,1
DA:7,1
DA:8,1
DA:9,1
DA:10,1
DA:11,1
DA:12,1
DA:13,1
DA:14,1
DA:15,1
DA:16,1
DA:17,1
DA:18,1
DA:19,1
DA:20,1
DA:21,1
DA:22,1
DA:23,1
DA:24,1
DA:25,1
DA:26,1
DA:27,1
DA:28,1
DA:29,1
DA:30,1
DA:31,1
DA:32,1
DA:33,1
DA:34,1
DA:35,1
DA:36,4
DA:37,4
DA:38,4
DA:39,4
DA:40,4
DA:41,4
DA:42,1
DA:43,1
DA:44,4
DA:45,4
DA:46,4
DA:47,4
DA:48,4
DA:49,4
DA:50,4
DA:51,4
DA:52,4
DA:53,4
DA:54,4
DA:55,4
DA:56,4
DA:57,4
DA:58,4
DA:59,4
DA:60,4
DA:61,4
DA:62,4
DA:63,4
DA:64,4
DA:65,4
DA:66,4
DA:67,4
DA:68,4
DA:69,4
DA:70,4
DA:71,4
DA:72,4
DA:73,4
DA:74,4
DA:75,4
DA:76,4
DA:77,4
DA:78,4
DA:79,4
DA:80,4
DA:81,4
DA:82,4
DA:83,4
DA:84,4
DA:85,4
DA:86,4
DA:87,4
DA:88,4
DA:89,4
DA:90,4
DA:91,4
DA:92,4
DA:93,4
DA:94,4
DA:95,4
DA:96,4
DA:97,4
DA:98,4
DA:99,4
DA:100,4
DA:101,4
DA:102,4
DA:103,4
DA:104,4
DA:105,4
DA:106,4
DA:107,4
DA:108,4
DA:109,4
DA:110,4
DA:111,4
DA:112,4
DA:113,4
DA:114,4
DA:115,4
DA:116,4
DA:117,4
DA:118,4
DA:119,1
DA:120,1
DA:121,1
DA:122,1
DA:123,1
DA:124,3
DA:125,3
DA:126,4
DA:127,4
DA:128,4
DA:129,4
DA:130,4
DA:131,4
DA:132,4
DA:133,4
DA:134,16
DA:135,16
DA:136,16
DA:137,16
DA:138,16
DA:139,16
DA:140,16
DA:141,16
DA:142,16
DA:143,16
DA:144,16
DA:145,16
DA:146,16
DA:147,16
DA:148,16
DA:149,16
DA:150,16
DA:151,16
DA:152,16
DA:153,16
DA:154,16
DA:155,16
DA:156,16
DA:157,16
DA:158,16
DA:159,16
DA:160,16
DA:161,16
DA:162,16
DA:163,16
DA:164,16
DA:165,16
DA:166,16
DA:167,16
DA:168,16
DA:169,16
DA:170,16
DA:171,16
DA:172,16
DA:173,4
DA:174,4
DA:175,4
DA:176,4
DA:177,4
DA:178,4
DA:179,4
LF:179
LH:179
BRDA:35,0,0,4
BRDA:45,1,0,2
BRDA:118,2,0,1
BRDA:123,3,0,3
BRDA:37,4,0,4
BRDA:40,5,0,3
BRDA:40,6,0,1
BRDA:41,7,0,1
BRDA:133,8,0,16
BRDA:145,9,0,1
BRF:10
BRH:10
end_of_record
TN:
SF:src/components/Admin/AdminTicketDetails.tsx
FN:83,formatDateTime
FN:90,toDateKey
FN:97,formatDayLabel
FN:110,humanizeKey
FN:116,shortTicketId
FN:117,formatBytes
FN:129,AdminTicketDetailsSkeleton
FN:137,AdminTicketDetails
FN:150,loadAll
FN:176,handleStatusChange
FN:194,handleSendMessage
FN:214,handlePriorityChange
FN:232,handleAttachmentPick
FN:245,handleOpenAttachment
FN:277,onClick
FN:359,onClick
FN:388,onChange
FN:398,onClick
FN:407,onChange
FNF:19
FNH:12
FNDA:18,formatDateTime
FNDA:36,toDateKey
FNDA:9,formatDayLabel
FNDA:18,humanizeKey
FNDA:14,shortTicketId
FNDA:0,formatBytes
FNDA:4,AdminTicketDetailsSkeleton
FNDA:14,AdminTicketDetails
FNDA:5,loadAll
FNDA:1,handleStatusChange
FNDA:1,handleSendMessage
FNDA:1,handlePriorityChange
FNDA:0,handleAttachmentPick
FNDA:0,handleOpenAttachment
FNDA:0,onClick
FNDA:0,onClick
FNDA:1,onChange
FNDA:0,onClick
FNDA:0,onChange
DA:1,1
DA:2,1
DA:3,1
DA:4,1
DA:5,1
DA:6,1
DA:7,1
DA:8,1
DA:9,1
DA:10,1
DA:11,1
DA:12,1
DA:13,1
DA:14,1
DA:15,1
DA:16,1
DA:17,1
DA:18,1
DA:19,1
DA:20,1
DA:21,1
DA:22,1
DA:23,1
DA:24,1
DA:25,1
DA:26,1
DA:27,1
DA:28,1
DA:29,1
DA:30,1
DA:31,1
DA:32,1
DA:33,1
DA:34,1
DA:35,1
DA:36,1
DA:37,1
DA:38,1
DA:39,1
DA:40,1
DA:41,1
DA:42,1
DA:43,1
DA:44,1
DA:45,1
DA:46,1
DA:47,1
DA:48,1
DA:49,1
DA:50,1
DA:51,1
DA:52,1
DA:53,1
DA:54,1
DA:55,1
DA:56,1
DA:57,1
DA:58,1
DA:59,1
DA:60,1
DA:61,1
DA:62,1
DA:63,1
DA:64,1
DA:65,1
DA:66,1
DA:67,1
DA:68,1
DA:69,1
DA:70,1
DA:71,1
DA:72,1
DA:73,1
DA:74,1
DA:75,1
DA:76,1
DA:77,1
DA:78,1
DA:79,1
DA:80,1
DA:81,1
DA:82,1
DA:83,1
DA:84,18
DA:85,18
DA:86,18
DA:87,18
DA:88,18
DA:89,1
DA:90,1
DA:91,36
DA:92,36
DA:93,36
DA:94,36
DA:95,36
DA:96,1
DA:97,1
DA:98,9
DA:99,9
DA:100,9
DA:101,9
DA:102,9
DA:103,9
DA:104,9
DA:105,9
DA:106,9
DA:107,9
DA:108,9
DA:109,1
DA:110,1
DA:111,18
DA:112,18
DA:113,18
DA:114,18
DA:115,1
DA:116,1
DA:117,1
DA:118,0
DA:119,0
DA:120,0
DA:121,0
DA:122,0
DA:123,0
DA:124,1
DA:125,1
DA:126,1
DA:127,1
DA:128,1
DA:129,1
DA:130,4
DA:131,4
DA:132,4
DA:133,4
DA:134,4
DA:135,1
DA:136,1
DA:137,1
DA:138,14
DA:139,14
DA:140,14
DA:141,14
DA:142,14
DA:143,14
DA:144,14
DA:145,14
DA:146,14
DA:147,14
DA:148,14
DA:149,14
DA:150,14
DA:151,5
DA:152,5
DA:153,5
DA:154,5
DA:155,5
DA:156,5
DA:157,5
DA:158,4
DA:159,4
DA:160,5
DA:161,1
DA:162,1
DA:163,1
DA:164,1
DA:165,1
DA:166,1
DA:167,5
DA:168,5
DA:169,5
DA:170,5
DA:171,14
DA:172,14
DA:173,4
DA:174,14
DA:175,14
DA:176,14
DA:177,1
DA:178,1
DA:179,1
DA:180,1
DA:181,1
DA:182,1
DA:183,1
DA:184,0
DA:185,0
DA:186,0
DA:187,0
DA:188,0
DA:189,1
DA:190,1
DA:191,1
DA:192,1
DA:193,14
DA:194,14
DA:195,1
DA:196,1
DA:197,1
DA:198,1
DA:199,1
DA:200,1
DA:201,1
DA:202,1
DA:203,1
DA:204,0
DA:205,0
DA:206,0
DA:207,0
DA:208,0
DA:209,1
DA:210,1
DA:211,1
DA:212,1
DA:213,14
DA:214,14
DA:215,1
DA:216,1
DA:217,1
DA:218,1
DA:219,1
DA:220,1
DA:221,1
DA:222,0
DA:223,0
DA:224,0
DA:225,0
DA:226,0
DA:227,1
DA:228,1
DA:229,1
DA:230,1
DA:231,14
DA:232,14
DA:233,0
DA:234,0
DA:235,0
DA:236,0
DA:237,0
DA:238,0
DA:239,0
DA:240,0
DA:241,0
DA:242,0
DA:243,0
DA:244,14
DA:245,14
DA:246,0
DA:247,0
DA:248,0
DA:249,0
DA:250,0
DA:251,0
DA:252,0
DA:253,0
DA:254,0
DA:255,0
DA:256,0
DA:257,0
DA:258,0
DA:259,0
DA:260,0
DA:261,0
DA:262,14
DA:263,14
DA:264,14
DA:265,14
DA:266,14
DA:267,14
DA:268,14
DA:269,14
DA:270,14
DA:271,14
DA:272,14
DA:273,14
DA:274,14
DA:275,14
DA:276,14
DA:277,14
DA:278,14
DA:279,14
DA:280,14
DA:281,14
DA:282,14
DA:283,14
DA:284,4
DA:285,10
DA:286,9
DA:287,9
DA:288,9
DA:289,9
DA:290,9
DA:291,9
DA:292,9
DA:293,9
DA:294,9
DA:295,9
DA:296,9
DA:297,9
DA:298,9
DA:299,9
DA:300,9
DA:301,9
DA:302,9
DA:303,9
DA:304,9
DA:305,9
DA:306,9
DA:307,9
DA:308,9
DA:309,9
DA:310,9
DA:311,9
DA:312,9
DA:313,9
DA:314,9
DA:315,9
DA:316,9
DA:317,9
DA:318,9
DA:319,9
DA:320,9
DA:321,9
DA:322,9
DA:323,9
DA:324,9
DA:325,0
DA:326,9
DA:327,9
DA:328,9
DA:329,9
DA:330,9
DA:331,9
DA:332,9
DA:333,9
DA:334,9
DA:335,9
DA:336,9
DA:337,9
DA:338,9
DA:339,9
DA:340,9
DA:341,9
DA:342,9
DA:343,9
DA:344,9
DA:345,9
DA:346,9
DA:347,9
DA:348,9
DA:349,9
DA:350,9
DA:351,9
DA:352,9
DA:353,0
DA:354,0
DA:355,0
DA:356,0
DA:357,0
DA:358,0
DA:359,0
DA:360,0
DA:361,0
DA:362,0
DA:363,0
DA:364,9
DA:365,9
DA:366,9
DA:367,9
DA:368,9
DA:369,9
DA:370,9
DA:371,9
DA:372,9
DA:373,9
DA:374,9
DA:375,9
DA:376,9
DA:377,9
DA:378,0
DA:379,0
DA:380,0
DA:381,9
DA:382,9
DA:383,9
DA:384,9
DA:385,9
DA:386,9
DA:387,9
DA:388,9
DA:389,9
DA:390,9
DA:391,9
DA:392,0
DA:393,0
DA:394,0
DA:395,0
DA:396,0
DA:397,0
DA:398,0
DA:399,0
DA:400,0
DA:401,0
DA:402,0
DA:403,9
DA:404,9
DA:405,9
DA:406,9
DA:407,9
DA:408,9
DA:409,9
DA:410,9
DA:411,9
DA:412,9
DA:413,9
DA:414,9
DA:415,9
DA:416,14
DA:417,14
DA:418,14
DA:419,14
DA:420,14
DA:421,14
LF:421
LH:347
BRDA:83,0,0,18
BRDA:84,1,0,0
BRDA:86,2,0,0
BRDA:90,3,0,36
BRDA:91,4,0,0
BRDA:92,5,0,18
BRDA:92,6,0,18
BRDA:93,7,0,0
BRDA:97,8,0,9
BRDA:98,9,0,0
BRDA:100,10,0,0
BRDA:105,11,0,0
BRDA:106,12,0,0
BRDA:110,13,0,18
BRDA:111,14,0,0
BRDA:112,15,0,0
BRDA:113,16,0,18
BRDA:116,17,0,14
BRDA:116,18,0,0
BRDA:129,19,0,4
BRDA:137,20,0,14
BRDA:273,21,0,9
BRDA:273,22,0,5
BRDA:283,23,0,4
BRDA:284,24,0,10
BRDA:285,25,0,1
BRDA:285,26,0,9
BRDA:296,27,0,0
BRDA:296,28,0,0
BRDA:297,29,0,0
BRDA:300,30,0,0
BRDA:324,31,0,0
BRDA:377,32,0,0
BRDA:391,33,0,0
BRDA:409,34,0,2
BRDA:150,35,0,5
BRDA:151,36,0,0
BRDA:157,37,0,4
BRDA:160,38,0,1
BRDA:172,39,0,4
BRDA:176,40,0,1
BRDA:177,41,0,0
BRDA:183,42,0,0
BRDA:194,43,0,1
BRDA:195,44,0,0
BRDA:203,45,0,0
BRDA:214,46,0,1
BRDA:215,47,0,0
BRDA:221,48,0,0
BRDA:326,49,0,9
BRDA:328,50,0,9
BRDA:332,51,0,0
BRDA:332,52,0,0
BRDA:333,53,0,0
BRDA:333,54,0,0
BRDA:334,55,0,0
BRDA:334,56,0,0
BRDA:337,57,0,0
BRDA:339,58,0,0
BRDA:345,59,0,0
BRDA:346,60,0,0
BRDA:352,61,0,0
BRDA:388,62,0,1
BRF:63
BRH:27
end_of_record
TN:
SF:src/components/Admin/AdminTickets.tsx
FN:101,formatDateTime
FN:112,humanizeKey
FN:121,shortTicketId
FN:127,AdminTicketsSkeleton
FN:135,AdminTickets
FN:162,handleStatusChange
FN:184,openConversation
FN:224,onClick
FN:258,onChange
FN:265,onChange
FN:272,onChange
FN:279,onChange
FN:286,onChange
FN:371,onChange
FN:382,onClick
FNF:15
FNH:10
FNDA:7,formatDateTime
FNDA:14,humanizeKey
FNDA:7,shortTicketId
FNDA:1,AdminTicketsSkeleton
FNDA:9,AdminTickets
FNDA:2,handleStatusChange
FNDA:1,openConversation
FNDA:1,onClick
FNDA:0,onChange
FNDA:0,onChange
FNDA:0,onChange
FNDA:0,onChange
FNDA:0,onChange
FNDA:2,onChange
FNDA:1,onClick
DA:1,1
DA:2,1
DA:3,1
DA:4,1
DA:5,1
DA:6,1
DA:7,1
DA:8,1
DA:9,1
DA:10,1
DA:11,1
DA:12,1
DA:13,1
DA:14,1
DA:15,1
DA:16,1
DA:17,1
DA:18,1
DA:19,1
DA:20,1
DA:21,1
DA:22,1
DA:23,1
DA:24,1
DA:25,1
DA:26,1
DA:27,1
DA:28,1
DA:29,1
DA:30,1
DA:31,1
DA:32,1
DA:33,1
DA:34,1
DA:35,1
DA:36,1
DA:37,1
DA:38,1
DA:39,1
DA:40,1
DA:41,1
DA:42,1
DA:43,1
DA:44,1
DA:45,1
DA:46,1
DA:47,1
DA:48,1
DA:49,1
DA:50,1
DA:51,1
DA:52,1
DA:53,1
DA:54,1
DA:55,1
DA:56,1
DA:57,1
DA:58,1
DA:59,1
DA:60,1
DA:61,1
DA:62,1
DA:63,1
DA:64,1
DA:65,1
DA:66,1
DA:67,1
DA:68,1
DA:69,1
DA:70,1
DA:71,1
DA:72,1
DA:73,1
DA:74,1
DA:75,1
DA:76,1
DA:77,1
DA:78,1
DA:79,1
DA:80,1
DA:81,1
DA:82,1
DA:83,1
DA:84,1
DA:85,1
DA:86,1
DA:87,1
DA:88,1
DA:89,1
DA:90,1
DA:91,1
DA:92,1
DA:93,1
DA:94,1
DA:95,1
DA:96,1
DA:97,1
DA:98,1
DA:99,1
DA:100,1
DA:101,1
DA:102,7
DA:103,7
DA:104,7
DA:105,7
DA:106,7
DA:107,7
DA:108,7
DA:109,7
DA:110,7
DA:111,1
DA:112,1
DA:113,14
DA:114,14
DA:115,14
DA:116,14
DA:117,14
DA:118,14
DA:119,14
DA:120,1
DA:121,1
DA:122,7
DA:123,7
DA:124,0
DA:125,0
DA:126,1
DA:127,1
DA:128,1
DA:129,1
DA:130,6
DA:131,1
DA:132,1
DA:133,1
DA:134,1
DA:135,1
DA:136,9
DA:137,9
DA:138,9
DA:139,9
DA:140,9
DA:141,9
DA:142,9
DA:143,9
DA:144,9
DA:145,9
DA:146,9
DA:147,9
DA:148,9
DA:149,9
DA:150,9
DA:151,9
DA:152,9
DA:153,9
DA:154,9
DA:155,9
DA:156,5
DA:157,5
DA:158,5
DA:159,5
DA:160,9
DA:161,9
DA:162,9
DA:163,2
DA:164,2
DA:165,2
DA:166,2
DA:167,2
DA:168,1
DA:169,1
DA:170,1
DA:171,1
DA:172,1
DA:173,1
DA:174,1
DA:175,1
DA:176,1
DA:177,1
DA:178,1
DA:179,2
DA:180,2
DA:181,2
DA:182,2
DA:183,9
DA:184,9
DA:185,1
DA:186,1
DA:187,9
DA:188,9
DA:189,9
DA:190,9
DA:191,9
DA:192,9
DA:193,9
DA:194,9
DA:195,9
DA:196,9
DA:197,9
DA:198,9
DA:199,9
DA:200,9
DA:201,9
DA:202,9
DA:203,9
DA:204,9
DA:205,9
DA:206,9
DA:207,9
DA:208,9
DA:209,9
DA:210,9
DA:211,9
DA:212,9
DA:213,9
DA:214,9
DA:215,9
DA:216,9
DA:217,9
DA:218,9
DA:219,9
DA:220,9
DA:221,9
DA:222,9
DA:223,9
DA:224,9
DA:225,9
DA:226,9
DA:227,9
DA:228,9
DA:229,9
DA:230,9
DA:231,9
DA:232,9
DA:233,9
DA:234,9
DA:235,9
DA:236,9
DA:237,9
DA:238,9
DA:239,9
DA:240,9
DA:241,9
DA:242,9
DA:243,9
DA:244,9
DA:245,9
DA:246,9
DA:247,9
DA:248,9
DA:249,9
DA:250,9
DA:251,9
DA:252,9
DA:253,9
DA:254,9
DA:255,9
DA:256,9
DA:257,9
DA:258,9
DA:259,9
DA:260,9
DA:261,9
DA:262,9
DA:263,9
DA:264,9
DA:265,9
DA:266,9
DA:267,9
DA:268,9
DA:269,9
DA:270,9
DA:271,9
DA:272,9
DA:273,9
DA:274,9
DA:275,9
DA:276,9
DA:277,9
DA:278,9
DA:279,9
DA:280,9
DA:281,9
DA:282,9
DA:283,9
DA:284,9
DA:285,9
DA:286,9
DA:287,9
DA:288,9
DA:289,9
DA:290,9
DA:291,9
DA:292,9
DA:293,9
DA:294,1
DA:295,8
DA:296,1
DA:297,1
DA:298,1
DA:299,1
DA:300,1
DA:301,1
DA:302,1
DA:303,1
DA:304,1
DA:305,7
DA:306,7
DA:307,7
DA:308,7
DA:309,7
DA:310,7
DA:311,7
DA:312,7
DA:313,7
DA:314,7
DA:315,7
DA:316,7
DA:317,7
DA:318,7
DA:319,7
DA:320,7
DA:321,7
DA:322,7
DA:323,7
DA:324,7
DA:325,7
DA:326,7
DA:327,7
DA:328,7
DA:329,7
DA:330,7
DA:331,7
DA:332,7
DA:333,7
DA:334,7
DA:335,7
DA:336,7
DA:337,7
DA:338,7
DA:339,7
DA:340,7
DA:341,7
DA:342,7
DA:343,7
DA:344,7
DA:345,7
DA:346,7
DA:347,7
DA:348,7
DA:349,7
DA:350,7
DA:351,7
DA:352,7
DA:353,7
DA:354,7
DA:355,7
DA:356,7
DA:357,7
DA:358,7
DA:359,7
DA:360,7
DA:361,7
DA:362,7
DA:363,7
DA:364,7
DA:365,7
DA:366,7
DA:367,35
DA:368,35
DA:369,7
DA:370,7
DA:371,7
DA:372,7
DA:373,7
DA:374,7
DA:375,7
DA:376,7
DA:377,7
DA:378,7
DA:379,7
DA:380,7
DA:381,7
DA:382,7
DA:383,7
DA:384,7
DA:385,7
DA:386,7
DA:387,7
DA:388,7
DA:389,7
DA:390,7
DA:391,7
DA:392,7
DA:393,7
DA:394,9
DA:395,9
DA:396,9
DA:397,9
DA:398,9
DA:399,9
DA:400,9
LF:400
LH:398
BRDA:101,0,0,7
BRDA:102,1,0,0
BRDA:104,2,0,0
BRDA:112,3,0,14
BRDA:113,4,0,0
BRDA:114,5,0,0
BRDA:117,6,0,14
BRDA:121,7,0,7
BRDA:122,8,0,0
BRDA:123,9,0,0
BRDA:127,10,0,1
BRDA:129,11,0,6
BRDA:135,12,0,9
BRDA:153,13,0,0
BRDA:293,14,0,1
BRDA:294,15,0,8
BRDA:295,16,0,1
BRDA:304,17,0,7
BRDA:155,18,0,5
BRDA:157,19,0,3
BRDA:158,20,0,3
BRDA:159,21,0,3
BRDA:162,22,0,2
BRDA:163,23,0,0
BRDA:167,24,0,1
BRDA:184,25,0,1
BRDA:224,26,0,1
BRDA:263,27,0,54
BRDA:270,28,0,36
BRDA:277,29,0,45
BRDA:284,30,0,36
BRDA:319,31,0,7
BRDA:353,32,0,6
BRDA:354,33,0,1
BRDA:354,34,0,6
BRDA:355,35,0,0
BRDA:386,36,0,1
BRDA:386,37,0,6
BRDA:366,38,0,42
BRDA:366,39,0,35
BRDA:371,40,0,2
BRDA:382,41,0,1
BRF:42
BRH:33
end_of_record
TN:
SF:src/components/Admin/PossiveisClientes.tsx
FN:50,formatDateTime
FN:61,normalizePhone
FN:63,AdminLeadsSkeleton
FN:71,PossiveisClientes
FN:90,handleStatusChange
FN:112,openMail
FN:117,openWhatsApp
FN:161,onClick
FN:195,onChange
FN:202,onChange
FN:268,onChange
FN:282,onClick
FN:285,onClick
FNF:13
FNH:11
FNDA:14,formatDateTime
FNDA:1,normalizePhone
FNDA:1,AdminLeadsSkeleton
FNDA:9,PossiveisClientes
FNDA:2,handleStatusChange
FNDA:1,openMail
FNDA:1,openWhatsApp
FNDA:1,onClick
FNDA:0,onChange
FNDA:0,onChange
FNDA:2,onChange
FNDA:1,onClick
FNDA:1,onClick
DA:1,1
DA:2,1
DA:3,1
DA:4,1
DA:5,1
DA:6,1
DA:7,1
DA:8,1
DA:9,1
DA:10,1
DA:11,1
DA:12,1
DA:13,1
DA:14,1
DA:15,1
DA:16,1
DA:17,1
DA:18,1
DA:19,1
DA:20,1
DA:21,1
DA:22,1
DA:23,1
DA:24,1
DA:25,1
DA:26,1
DA:27,1
DA:28,1
DA:29,1
DA:30,1
DA:31,1
DA:32,1
DA:33,1
DA:34,1
DA:35,1
DA:36,1
DA:37,1
DA:38,1
DA:39,1
DA:40,1
DA:41,1
DA:42,1
DA:43,1
DA:44,1
DA:45,1
DA:46,1
DA:47,1
DA:48,1
DA:49,1
DA:50,1
DA:51,14
DA:52,14
DA:53,14
DA:54,14
DA:55,14
DA:56,14
DA:57,14
DA:58,14
DA:59,14
DA:60,1
DA:61,1
DA:62,1
DA:63,1
DA:64,1
DA:65,1
DA:66,6
DA:67,1
DA:68,1
DA:69,1
DA:70,1
DA:71,1
DA:72,9
DA:73,9
DA:74,9
DA:75,9
DA:76,9
DA:77,9
DA:78,9
DA:79,9
DA:80,9
DA:81,9
DA:82,9
DA:83,9
DA:84,5
DA:85,5
DA:86,5
DA:87,5
DA:88,9
DA:89,9
DA:90,9
DA:91,2
DA:92,2
DA:93,2
DA:94,2
DA:95,2
DA:96,1
DA:97,1
DA:98,1
DA:99,1
DA:100,1
DA:101,1
DA:102,1
DA:103,1
DA:104,1
DA:105,1
DA:106,1
DA:107,2
DA:108,2
DA:109,2
DA:110,2
DA:111,9
DA:112,9
DA:113,1
DA:114,1
DA:115,1
DA:116,9
DA:117,9
DA:118,1
DA:119,1
DA:120,1
DA:121,1
DA:122,1
DA:123,9
DA:124,9
DA:125,9
DA:126,9
DA:127,9
DA:128,9
DA:129,9
DA:130,9
DA:131,9
DA:132,9
DA:133,9
DA:134,9
DA:135,9
DA:136,9
DA:137,9
DA:138,9
DA:139,9
DA:140,9
DA:141,9
DA:142,9
DA:143,9
DA:144,9
DA:145,9
DA:146,9
DA:147,9
DA:148,9
DA:149,9
DA:150,9
DA:151,9
DA:152,9
DA:153,9
DA:154,9
DA:155,9
DA:156,9
DA:157,9
DA:158,9
DA:159,9
DA:160,9
DA:161,9
DA:162,9
DA:163,9
DA:164,9
DA:165,9
DA:166,9
DA:167,9
DA:168,9
DA:169,9
DA:170,9
DA:171,9
DA:172,9
DA:173,9
DA:174,9
DA:175,9
DA:176,9
DA:177,9
DA:178,9
DA:179,9
DA:180,9
DA:181,9
DA:182,9
DA:183,9
DA:184,9
DA:185,9
DA:186,9
DA:187,9
DA:188,9
DA:189,9
DA:190,9
DA:191,9
DA:192,9
DA:193,9
DA:194,9
DA:195,9
DA:196,9
DA:197,9
DA:198,9
DA:199,9
DA:200,9
DA:201,9
DA:202,9
DA:203,9
DA:204,9
DA:205,9
DA:206,9
DA:207,9
DA:208,9
DA:209,9
DA:210,1
DA:211,8
DA:212,1
DA:213,1
DA:214,1
DA:215,1
DA:216,1
DA:217,1
DA:218,1
DA:219,1
DA:220,1
DA:221,7
DA:222,7
DA:223,7
DA:224,7
DA:225,7
DA:226,7
DA:227,7
DA:228,7
DA:229,7
DA:230,7
DA:231,7
DA:232,7
DA:233,7
DA:234,7
DA:235,7
DA:236,7
DA:237,7
DA:238,7
DA:239,7
DA:240,7
DA:241,7
DA:242,7
DA:243,7
DA:244,7
DA:245,7
DA:246,7
DA:247,7
DA:248,7
DA:249,7
DA:250,7
DA:251,7
DA:252,7
DA:253,7
DA:254,7
DA:255,7
DA:256,7
DA:257,7
DA:258,7
DA:259,7
DA:260,7
DA:261,7
DA:262,7
DA:263,28
DA:264,28
DA:265,7
DA:266,7
DA:267,7
DA:268,7
DA:269,7
DA:270,7
DA:271,7
DA:272,7
DA:273,7
DA:274,7
DA:275,7
DA:276,7
DA:277,7
DA:278,7
DA:279,7
DA:280,7
DA:281,7
DA:282,7
DA:283,7
DA:284,7
DA:285,7
DA:286,7
DA:287,7
DA:288,7
DA:289,7
DA:290,7
DA:291,7
DA:292,7
DA:293,7
DA:294,7
DA:295,9
DA:296,9
DA:297,9
DA:298,9
DA:299,9
DA:300,9
DA:301,9
LF:301
LH:301
BRDA:50,0,0,14
BRDA:51,1,0,0
BRDA:53,2,0,0
BRDA:61,3,0,1
BRDA:61,4,0,0
BRDA:63,5,0,1
BRDA:65,6,0,6
BRDA:71,7,0,9
BRDA:81,8,0,0
BRDA:209,9,0,1
BRDA:210,10,0,8
BRDA:211,11,0,1
BRDA:220,12,0,7
BRDA:83,13,0,5
BRDA:85,14,0,3
BRDA:86,15,0,3
BRDA:87,16,0,3
BRDA:90,17,0,2
BRDA:91,18,0,0
BRDA:95,19,0,1
BRDA:112,20,0,1
BRDA:113,21,0,0
BRDA:117,22,0,1
BRDA:119,23,0,0
BRDA:120,24,0,0
BRDA:161,25,0,1
BRDA:200,26,0,45
BRDA:235,27,0,7
BRDA:241,28,0,0
BRDA:242,29,0,0
BRDA:247,30,0,0
BRDA:252,31,0,0
BRDA:276,32,0,0
BRDA:262,33,0,35
BRDA:262,34,0,28
BRDA:268,35,0,2
BRDA:282,36,0,1
BRDA:285,37,0,1
BRF:38
BRH:25
end_of_record
TN:
SF:src/components/Anamnese/CadastroAnamnese.tsx
FN:62,buildQuestion
FN:82,responseTypeLabel
FN:86,mapItemToForm
FN:110,shouldShowOptions
FN:114,CadastroAnamnese
FN:167,resetForm
FN:172,openCreate
FN:177,openEdit
FN:183,updateQuestion
FN:194,addQuestion
FN:201,removeQuestion
FN:213,handleSave
FN:308,handleDeactivate
FN:332,onClick
FN:359,onChange
FN:481,onClose
FN:500,onChange
FN:509,onChange
FN:522,onChange
FN:532,onChange
FN:557,onClick
FN:569,onChange
FN:581,onChange
FN:590,onChange
FN:601,onChange
FN:611,onChange
FN:623,onChange
FN:640,onClick
FNF:28
FNH:4
FNDA:1,buildQuestion
FNDA:1,responseTypeLabel
FNDA:0,mapItemToForm
FNDA:1,shouldShowOptions
FNDA:1,CadastroAnamnese
FNDA:0,resetForm
FNDA:0,openCreate
FNDA:0,openEdit
FNDA:0,updateQuestion
FNDA:0,addQuestion
FNDA:0,removeQuestion
FNDA:0,handleSave
FNDA:0,handleDeactivate
FNDA:0,onClick
FNDA:0,onChange
FNDA:0,onClose
FNDA:0,onChange
FNDA:0,onChange
FNDA:0,onChange
FNDA:0,onChange
FNDA:0,onClick
FNDA:0,onChange
FNDA:0,onChange
FNDA:0,onChange
FNDA:0,onChange
FNDA:0,onChange
FNDA:0,onChange
FNDA:0,onClick
DA:1,1
DA:2,1
DA:3,1
DA:4,1
DA:5,1
DA:6,1
DA:7,1
DA:8,1
DA:9,1
DA:10,1
DA:11,1
DA:12,1
DA:13,1
DA:14,1
DA:15,1
DA:16,1
DA:17,1
DA:18,1
DA:19,1
DA:20,1
DA:21,1
DA:22,1
DA:23,1
DA:24,1
DA:25,1
DA:26,1
DA:27,1
DA:28,1
DA:29,1
DA:30,1
DA:31,1
DA:32,1
DA:33,1
DA:34,1
DA:35,1
DA:36,1
DA:37,1
DA:38,1
DA:39,1
DA:40,1
DA:41,1
DA:42,1
DA:43,1
DA:44,1
DA:45,1
DA:46,1
DA:47,1
DA:48,1
DA:49,1
DA:50,1
DA:51,1
DA:52,1
DA:53,1
DA:54,1
DA:55,1
DA:56,1
DA:57,1
DA:58,1
DA:59,1
DA:60,1
DA:61,1
DA:62,1
DA:63,1
DA:64,1
DA:65,1
DA:66,1
DA:67,1
DA:68,1
DA:69,1
DA:70,1
DA:71,1
DA:72,1
DA:73,1
DA:74,1
DA:75,1
DA:76,1
DA:77,1
DA:78,1
DA:79,1
DA:80,1
DA:81,1
DA:82,1
DA:83,1
DA:84,1
DA:85,1
DA:86,1
DA:87,0
DA:88,0
DA:89,0
DA:90,0
DA:91,0
DA:92,0
DA:93,0
DA:94,0
DA:95,0
DA:96,0
DA:97,0
DA:98,0
DA:99,0
DA:100,0
DA:101,0
DA:102,0
DA:103,0
DA:104,0
DA:105,0
DA:106,0
DA:107,0
DA:108,0
DA:109,1
DA:110,1
DA:111,1
DA:112,1
DA:113,1
DA:114,1
DA:115,1
DA:116,1
DA:117,1
DA:118,1
DA:119,1
DA:120,1
DA:121,1
DA:122,1
DA:123,1
DA:124,1
DA:125,1
DA:126,1
DA:127,1
DA:128,1
DA:129,1
DA:130,1
DA:131,1
DA:132,1
DA:133,1
DA:134,1
DA:135,1
DA:136,1
DA:137,1
DA:138,0
DA:139,0
DA:140,1
DA:141,1
DA:142,1
DA:143,1
DA:144,1
DA:145,1
DA:146,0
DA:147,0
DA:148,0
DA:149,0
DA:150,0
DA:151,0
DA:152,0
DA:153,0
DA:154,1
DA:155,1
DA:156,1
DA:157,1
DA:158,1
DA:159,0
DA:160,0
DA:161,0
DA:162,0
DA:163,0
DA:164,0
DA:165,1
DA:166,1
DA:167,1
DA:168,0
DA:169,0
DA:170,0
DA:171,1
DA:172,1
DA:173,0
DA:174,0
DA:175,0
DA:176,1
DA:177,1
DA:178,0
DA:179,0
DA:180,0
DA:181,0
DA:182,1
DA:183,1
DA:184,0
DA:185,0
DA:186,0
DA:187,0
DA:188,0
DA:189,0
DA:190,0
DA:191,0
DA:192,0
DA:193,1
DA:194,1
DA:195,0
DA:196,0
DA:197,0
DA:198,0
DA:199,0
DA:200,1
DA:201,1
DA:202,0
DA:203,0
DA:204,0
DA:205,0
DA:206,0
DA:207,0
DA:208,0
DA:209,0
DA:210,0
DA:211,0
DA:212,1
DA:213,1
DA:214,0
DA:215,0
DA:216,0
DA:217,0
DA:218,0
DA:219,0
DA:220,0
DA:221,0
DA:222,0
DA:223,0
DA:224,0
DA:225,0
DA:226,0
DA:227,0
DA:228,0
DA:229,0
DA:230,0
DA:231,0
DA:232,0
DA:233,0
DA:234,0
DA:235,0
DA:236,0
DA:237,0
DA:238,0
DA:239,0
DA:240,0
DA:241,0
DA:242,0
DA:243,0
DA:244,0
DA:245,0
DA:246,0
DA:247,0
DA:248,0
DA:249,0
DA:250,0
DA:251,0
DA:252,0
DA:253,0
DA:254,0
DA:255,0
DA:256,0
DA:257,0
DA:258,0
DA:259,0
DA:260,0
DA:261,0
DA:262,0
DA:263,0
DA:264,0
DA:265,0
DA:266,0
DA:267,0
DA:268,0
DA:269,0
DA:270,0
DA:271,0
DA:272,0
DA:273,0
DA:274,0
DA:275,0
DA:276,0
DA:277,0
DA:278,0
DA:279,0
DA:280,0
DA:281,0
DA:282,0
DA:283,0
DA:284,0
DA:285,0
DA:286,0
DA:287,0
DA:288,0
DA:289,0
DA:290,0
DA:291,0
DA:292,0
DA:293,0
DA:294,0
DA:295,0
DA:296,0
DA:297,0
DA:298,0
DA:299,0
DA:300,0
DA:301,0
DA:302,0
DA:303,0
DA:304,0
DA:305,0
DA:306,0
DA:307,1
DA:308,1
DA:309,0
DA:310,0
DA:311,0
DA:312,0
DA:313,0
DA:314,0
DA:315,0
DA:316,0
DA:317,0
DA:318,0
DA:319,0
DA:320,0
DA:321,0
DA:322,0
DA:323,0
DA:324,0
DA:325,1
DA:326,1
DA:327,1
DA:328,1
DA:329,1
DA:330,1
DA:331,1
DA:332,1
DA:333,1
DA:334,1
DA:335,1
DA:336,1
DA:337,1
DA:338,1
DA:339,1
DA:340,1
DA:341,1
DA:342,1
DA:343,1
DA:344,1
DA:345,1
DA:346,1
DA:347,1
DA:348,1
DA:349,1
DA:350,1
DA:351,0
DA:352,0
DA:353,1
DA:354,1
DA:355,1
DA:356,1
DA:357,1
DA:358,1
DA:359,1
DA:360,1
DA:361,1
DA:362,1
DA:363,1
DA:364,1
DA:365,1
DA:366,4
DA:367,4
DA:368,4
DA:369,4
DA:370,4
DA:371,4
DA:372,4
DA:373,4
DA:374,4
DA:375,4
DA:376,4
DA:377,4
DA:378,4
DA:379,4
DA:380,4
DA:381,4
DA:382,1
DA:383,1
DA:384,0
DA:385,0
DA:386,0
DA:387,0
DA:388,0
DA:389,0
DA:390,0
DA:391,0
DA:392,0
DA:393,0
DA:394,0
DA:395,0
DA:396,0
DA:397,0
DA:398,0
DA:399,0
DA:400,0
DA:401,0
DA:402,0
DA:403,0
DA:404,0
DA:405,0
DA:406,0
DA:407,0
DA:408,0
DA:409,0
DA:410,0
DA:411,0
DA:412,0
DA:413,0
DA:414,0
DA:415,0
DA:416,0
DA:417,0
DA:418,0
DA:419,0
DA:420,0
DA:421,0
DA:422,0
DA:423,0
DA:424,0
DA:425,0
DA:426,0
DA:427,0
DA:428,0
DA:429,0
DA:430,0
DA:431,0
DA:432,0
DA:433,0
DA:434,0
DA:435,0
DA:436,0
DA:437,0
DA:438,0
DA:439,0
DA:440,0
DA:441,0
DA:442,0
DA:443,0
DA:444,0
DA:445,0
DA:446,0
DA:447,0
DA:448,0
DA:449,0
DA:450,0
DA:451,0
DA:452,0
DA:453,0
DA:454,0
DA:455,0
DA:456,0
DA:457,0
DA:458,0
DA:459,0
DA:460,0
DA:461,0
DA:462,0
DA:463,0
DA:464,0
DA:465,0
DA:466,0
DA:467,0
DA:468,0
DA:469,0
DA:470,0
DA:471,0
DA:472,0
DA:473,0
DA:474,1
DA:475,1
DA:476,1
DA:477,1
DA:478,1
DA:479,1
DA:480,1
DA:481,1
DA:482,0
DA:483,0
DA:484,0
DA:485,1
DA:486,1
DA:487,1
DA:488,1
DA:489,1
DA:490,1
DA:491,1
DA:492,1
DA:493,1
DA:494,1
DA:495,1
DA:496,1
DA:497,1
DA:498,1
DA:499,1
DA:500,1
DA:501,1
DA:502,1
DA:503,1
DA:504,1
DA:505,1
DA:506,1
DA:507,1
DA:508,1
DA:509,1
DA:510,0
DA:511,0
DA:512,0
DA:513,1
DA:514,1
DA:515,1
DA:516,1
DA:517,1
DA:518,1
DA:519,1
DA:520,1
DA:521,1
DA:522,1
DA:523,0
DA:524,0
DA:525,0
DA:526,1
DA:527,1
DA:528,1
DA:529,1
DA:530,1
DA:531,1
DA:532,1
DA:533,0
DA:534,0
DA:535,0
DA:536,1
DA:537,1
DA:538,1
DA:539,1
DA:540,1
DA:541,1
DA:542,1
DA:543,1
DA:544,1
DA:545,1
DA:546,1
DA:547,1
DA:548,1
DA:549,1
DA:550,1
DA:551,1
DA:552,1
DA:553,1
DA:554,1
DA:555,1
DA:556,1
DA:557,1
DA:558,1
DA:559,1
DA:560,1
DA:561,1
DA:562,1
DA:563,1
DA:564,1
DA:565,1
DA:566,1
DA:567,1
DA:568,1
DA:569,1
DA:570,0
DA:571,0
DA:572,0
DA:573,1
DA:574,1
DA:575,1
DA:576,1
DA:577,1
DA:578,1
DA:579,1
DA:580,1
DA:581,1
DA:582,0
DA:583,0
DA:584,0
DA:585,1
DA:586,1
DA:587,1
DA:588,1
DA:589,1
DA:590,1
DA:591,0
DA:592,0
DA:593,0
DA:594,1
DA:595,1
DA:596,1
DA:597,1
DA:598,1
DA:599,1
DA:600,1
DA:601,1
DA:602,0
DA:603,0
DA:604,0
DA:605,1
DA:606,1
DA:607,1
DA:608,1
DA:609,1
DA:610,1
DA:611,1
DA:612,0
DA:613,0
DA:614,0
DA:615,1
DA:616,1
DA:617,1
DA:618,0
DA:619,0
DA:620,0
DA:621,0
DA:622,0
DA:623,0
DA:624,0
DA:625,0
DA:626,0
DA:627,0
DA:628,0
DA:629,1
DA:630,1
DA:631,1
DA:632,1
DA:633,1
DA:634,1
DA:635,1
DA:636,1
DA:637,1
DA:638,1
DA:639,1
DA:640,1
DA:641,1
DA:642,1
DA:643,1
DA:644,1
DA:645,1
DA:646,1
DA:647,1
DA:648,1
DA:649,1
DA:650,1
DA:651,1
DA:652,1
DA:653,1
LF:653
LH:342
BRDA:62,0,0,1
BRDA:82,1,0,1
BRDA:83,2,0,0
BRDA:83,3,0,0
BRDA:83,4,0,1
BRDA:110,5,0,1
BRDA:114,6,0,1
BRDA:329,7,0,0
BRDA:329,8,0,0
BRDA:329,9,0,0
BRDA:330,10,0,0
BRDA:336,11,0,0
BRDA:350,12,0,0
BRDA:383,13,0,0
BRDA:485,14,0,0
BRDA:644,15,0,0
BRDA:136,16,0,1
BRDA:143,17,0,1
BRDA:145,18,0,0
BRDA:156,19,0,1
BRDA:158,20,0,0
BRDA:365,21,0,4
BRDA:549,22,0,1
BRDA:617,23,0,0
BRF:24
BRH:10
end_of_record
TN:
SF:src/components/Auth/Adm.tsx
FN:9,Adm
FN:27,getErrorMessage
FN:36,handleLogin
FN:96,onChange
FN:97,onChange
FN:100,onClick
FN:109,onClick
FN:113,onClick
FNF:8
FNH:1
FNDA:1,Adm
FNDA:0,getErrorMessage
FNDA:0,handleLogin
FNDA:0,onChange
FNDA:0,onChange
FNDA:0,onClick
FNDA:0,onClick
FNDA:0,onClick
DA:1,1
DA:2,1
DA:3,1
DA:4,1
DA:5,1
DA:6,1
DA:7,1
DA:8,1
DA:9,1
DA:10,1
DA:11,1
DA:12,1
DA:13,1
DA:14,1
DA:15,1
DA:16,1
DA:17,1
DA:18,1
DA:19,1
DA:20,1
DA:21,1
DA:22,1
DA:23,1
DA:24,1
DA:25,1
DA:26,1
DA:27,1
DA:28,0
DA:29,0
DA:30,0
DA:31,0
DA:32,0
DA:33,0
DA:34,0
DA:35,1
DA:36,1
DA:37,0
DA:38,0
DA:39,0
DA:40,0
DA:41,0
DA:42,0
DA:43,0
DA:44,0
DA:45,0
DA:46,0
DA:47,0
DA:48,0
DA:49,0
DA:50,0
DA:51,0
DA:52,0
DA:53,0
DA:54,0
DA:55,0
DA:56,0
DA:57,0
DA:58,0
DA:59,0
DA:60,0
DA:61,0
DA:62,0
DA:63,0
DA:64,0
DA:65,1
DA:66,1
DA:67,1
DA:68,1
DA:69,1
DA:70,1
DA:71,1
DA:72,1
DA:73,1
DA:74,1
DA:75,1
DA:76,1
DA:77,1
DA:78,1
DA:79,1
DA:80,1
DA:81,1
DA:82,1
DA:83,1
DA:84,1
DA:85,1
DA:86,1
DA:87,1
DA:88,1
DA:89,1
DA:90,1
DA:91,1
DA:92,1
DA:93,1
DA:94,1
DA:95,1
DA:96,1
DA:97,1
DA:98,1
DA:99,1
DA:100,1
DA:101,1
DA:102,1
DA:103,1
DA:104,1
DA:105,1
DA:106,1
DA:107,1
DA:108,1
DA:109,1
DA:110,1
DA:111,1
DA:112,1
DA:113,1
DA:114,1
DA:115,1
DA:116,1
DA:117,1
DA:118,1
DA:119,1
DA:120,1
DA:121,1
LF:121
LH:86
BRDA:9,0,0,1
BRDA:15,1,0,1
BRDA:21,2,0,1
BRF:3
BRH:3
end_of_record
TN:
SF:src/components/Auth/AdmRegister.tsx
FN:10,isEtechdevDomain
FN:14,AdmRegister
FN:47,handleRequestCode
FN:95,handleVerifyCode
FN:149,onChange
FN:150,onChange
FN:151,onChange
FN:166,onChange
FN:174,onChange
FN:180,onClick
FN:187,onClick
FNF:11
FNH:1
FNDA:0,isEtechdevDomain
FNDA:1,AdmRegister
FNDA:0,handleRequestCode
FNDA:0,handleVerifyCode
FNDA:0,onChange
FNDA:0,onChange
FNDA:0,onChange
FNDA:0,onChange
FNDA:0,onChange
FNDA:0,onClick
FNDA:0,onClick
DA:1,1
DA:2,1
DA:3,1
DA:4,1
DA:5,1
DA:6,1
DA:7,1
DA:8,1
DA:9,1
DA:10,0
DA:11,0
DA:12,0
DA:13,1
DA:14,1
DA:15,1
DA:16,1
DA:17,1
DA:18,1
DA:19,1
DA:20,1
DA:21,1
DA:22,1
DA:23,1
DA:24,1
DA:25,1
DA:26,1
DA:27,1
DA:28,1
DA:29,1
DA:30,1
DA:31,1
DA:32,1
DA:33,1
DA:34,1
DA:35,1
DA:36,1
DA:37,1
DA:38,1
DA:39,1
DA:40,1
DA:41,1
DA:42,1
DA:43,1
DA:44,0
DA:45,0
DA:46,1
DA:47,1
DA:48,0
DA:49,0
DA:50,0
DA:51,0
DA:52,0
DA:53,0
DA:54,0
DA:55,0
DA:56,0
DA:57,0
DA:58,0
DA:59,0
DA:60,0
DA:61,0
DA:62,0
DA:63,0
DA:64,0
DA:65,0
DA:66,0
DA:67,0
DA:68,0
DA:69,0
DA:70,0
DA:71,0
DA:72,0
DA:73,0
DA:74,0
DA:75,0
DA:76,0
DA:77,0
DA:78,0
DA:79,0
DA:80,0
DA:81,0
DA:82,0
DA:83,0
DA:84,0
DA:85,0
DA:86,0
DA:87,0
DA:88,0
DA:89,0
DA:90,0
DA:91,0
DA:92,0
DA:93,0
DA:94,1
DA:95,1
DA:96,0
DA:97,0
DA:98,0
DA:99,0
DA:100,0
DA:101,0
DA:102,0
DA:103,0
DA:104,0
DA:105,0
DA:106,0
DA:107,0
DA:108,0
DA:109,0
DA:110,0
DA:111,0
DA:112,0
DA:113,0
DA:114,0
DA:115,0
DA:116,1
DA:117,1
DA:118,1
DA:119,1
DA:120,1
DA:121,1
DA:122,1
DA:123,1
DA:124,1
DA:125,1
DA:126,1
DA:127,1
DA:128,1
DA:129,1
DA:130,1
DA:131,1
DA:132,1
DA:133,1
DA:134,1
DA:135,1
DA:136,1
DA:137,1
DA:138,1
DA:139,1
DA:140,1
DA:141,1
DA:142,1
DA:143,1
DA:144,1
DA:145,1
DA:146,1
DA:147,1
DA:148,1
DA:149,1
DA:150,1
DA:151,1
DA:152,1
DA:153,1
DA:154,1
DA:155,1
DA:156,1
DA:157,1
DA:158,1
DA:159,1
DA:160,1
DA:161,1
DA:162,1
DA:163,1
DA:164,1
DA:165,1
DA:166,1
DA:167,1
DA:168,1
DA:169,1
DA:170,1
DA:171,1
DA:172,0
DA:173,0
DA:174,0
DA:175,0
DA:176,0
DA:177,0
DA:178,0
DA:179,0
DA:180,0
DA:181,0
DA:182,0
DA:183,0
DA:184,1
DA:185,1
DA:186,1
DA:187,1
DA:188,1
DA:189,1
DA:190,1
DA:191,1
DA:192,1
DA:193,1
DA:194,1
DA:195,1
DA:196,1
LF:196
LH:113
BRDA:14,0,0,1
BRDA:43,1,0,0
BRDA:44,2,0,0
BRDA:155,3,0,0
BRDA:156,4,0,0
BRDA:158,5,0,0
BRDA:159,6,0,0
BRDA:161,7,0,0
BRDA:162,8,0,0
BRDA:171,9,0,0
BRDA:24,10,0,1
BRDA:26,11,0,0
BRDA:30,12,0,1
BRF:13
BRH:3
end_of_record
TN:
SF:src/components/Auth/Cadastro.tsx
FN:17,Cadastro
FN:32,handleChange
FN:36,handleCadastro
FN:202,onChange
FN:213,onChange
FN:224,onChange
FN:235,onChange
FN:272,onClick
FNF:8
FNH:1
FNDA:1,Cadastro
FNDA:0,handleChange
FNDA:0,handleCadastro
FNDA:0,onChange
FNDA:0,onChange
FNDA:0,onChange
FNDA:0,onChange
FNDA:0,onClick
DA:1,1
DA:2,1
DA:3,1
DA:4,1
DA:5,1
DA:6,1
DA:7,1
DA:8,1
DA:9,1
DA:10,1
DA:11,1
DA:12,1
DA:13,1
DA:14,1
DA:15,1
DA:16,1
DA:17,1
DA:18,1
DA:19,1
DA:20,1
DA:21,1
DA:22,1
DA:23,1
DA:24,1
DA:25,1
DA:26,1
DA:27,1
DA:28,1
DA:29,1
DA:30,1
DA:31,1
DA:32,1
DA:33,0
DA:34,0
DA:35,1
DA:36,1
DA:37,0
DA:38,0
DA:39,0
DA:40,0
DA:41,0
DA:42,0
DA:43,0
DA:44,0
DA:45,0
DA:46,0
DA:47,0
DA:48,0
DA:49,0
DA:50,0
DA:51,0
DA:52,0
DA:53,0
DA:54,0
DA:55,0
DA:56,0
DA:57,0
DA:58,0
DA:59,0
DA:60,0
DA:61,0
DA:62,0
DA:63,0
DA:64,0
DA:65,0
DA:66,0
DA:67,0
DA:68,0
DA:69,0
DA:70,0
DA:71,0
DA:72,0
DA:73,0
DA:74,0
DA:75,0
DA:76,0
DA:77,0
DA:78,0
DA:79,0
DA:80,0
DA:81,0
DA:82,0
DA:83,0
DA:84,0
DA:85,0
DA:86,0
DA:87,0
DA:88,0
DA:89,0
DA:90,0
DA:91,0
DA:92,0
DA:93,0
DA:94,0
DA:95,0
DA:96,0
DA:97,0
DA:98,0
DA:99,0
DA:100,0
DA:101,0
DA:102,0
DA:103,0
DA:104,0
DA:105,0
DA:106,0
DA:107,0
DA:108,0
DA:109,0
DA:110,0
DA:111,0
DA:112,0
DA:113,0
DA:114,0
DA:115,0
DA:116,0
DA:117,0
DA:118,0
DA:119,0
DA:120,0
DA:121,0
DA:122,0
DA:123,0
DA:124,0
DA:125,0
DA:126,0
DA:127,0
DA:128,0
DA:129,0
DA:130,0
DA:131,0
DA:132,0
DA:133,0
DA:134,0
DA:135,0
DA:136,1
DA:137,1
DA:138,1
DA:139,1
DA:140,1
DA:141,1
DA:142,1
DA:143,1
DA:144,1
DA:145,1
DA:146,1
DA:147,1
DA:148,1
DA:149,1
DA:150,1
DA:151,1
DA:152,1
DA:153,1
DA:154,1
DA:155,1
DA:156,1
DA:157,1
DA:158,1
DA:159,1
DA:160,1
DA:161,1
DA:162,1
DA:163,1
DA:164,1
DA:165,1
DA:166,1
DA:167,1
DA:168,1
DA:169,1
DA:170,1
DA:171,1
DA:172,1
DA:173,1
DA:174,1
DA:175,1
DA:176,1
DA:177,1
DA:178,1
DA:179,1
DA:180,1
DA:181,1
DA:182,1
DA:183,1
DA:184,1
DA:185,1
DA:186,1
DA:187,1
DA:188,1
DA:189,1
DA:190,1
DA:191,1
DA:192,1
DA:193,1
DA:194,1
DA:195,1
DA:196,1
DA:197,1
DA:198,1
DA:199,1
DA:200,1
DA:201,1
DA:202,1
DA:203,1
DA:204,1
DA:205,1
DA:206,1
DA:207,1
DA:208,1
DA:209,1
DA:210,1
DA:211,1
DA:212,1
DA:213,1
DA:214,1
DA:215,1
DA:216,1
DA:217,1
DA:218,1
DA:219,1
DA:220,1
DA:221,1
DA:222,1
DA:223,1
DA:224,1
DA:225,1
DA:226,1
DA:227,1
DA:228,1
DA:229,1
DA:230,1
DA:231,1
DA:232,1
DA:233,1
DA:234,1
DA:235,1
DA:236,1
DA:237,1
DA:238,1
DA:239,1
DA:240,1
DA:241,1
DA:242,1
DA:243,1
DA:244,1
DA:245,1
DA:246,1
DA:247,1
DA:248,1
DA:249,1
DA:250,1
DA:251,1
DA:252,1
DA:253,1
DA:254,1
DA:255,1
DA:256,1
DA:257,1
DA:258,1
DA:259,1
DA:260,1
DA:261,1
DA:262,1
DA:263,1
DA:264,1
DA:265,1
DA:266,1
DA:267,1
DA:268,1
DA:269,1
DA:270,1
DA:271,1
DA:272,1
DA:273,1
DA:274,1
DA:275,1
DA:276,1
DA:277,1
DA:278,1
DA:279,1
DA:280,1
DA:281,1
LF:281
LH:180
BRDA:17,0,0,1
BRDA:20,1,0,0
BRDA:142,2,0,0
BRDA:143,3,0,0
BRDA:149,4,0,0
BRDA:150,5,0,0
BRDA:161,6,0,0
BRDA:162,7,0,0
BRDA:165,8,0,0
BRDA:178,9,0,0
BRDA:180,10,0,0
BRDA:181,11,0,0
BRDA:182,12,0,0
BRDA:194,13,0,0
BRDA:215,14,0,0
BRDA:217,15,0,0
BRF:16
BRH:1
end_of_record
TN:
SF:src/components/Auth/EsqueciSenha.tsx
FN:20,EsqueciSenha
FN:36,handleSendEmail
FN:66,handleVerifyCode
FN:91,handleResendCode
FN:120,handlePasswordChange
FN:129,handleResetPassword
FN:181,renderStepIndicator
FN:204,renderEmailStep
FN:219,onChange
FN:256,onClick
FN:263,renderCodeStep
FN:347,renderNewPasswordStep
FN:479,onError
FNF:13
FNH:3
FNDA:1,EsqueciSenha
FNDA:0,handleSendEmail
FNDA:0,handleVerifyCode
FNDA:0,handleResendCode
FNDA:0,handlePasswordChange
FNDA:0,handleResetPassword
FNDA:1,renderStepIndicator
FNDA:1,renderEmailStep
FNDA:0,onChange
FNDA:0,onClick
FNDA:0,renderCodeStep
FNDA:0,renderNewPasswordStep
FNDA:0,onError
DA:1,1
DA:2,1
DA:3,1
DA:4,1
DA:5,1
DA:6,1
DA:7,1
DA:8,1
DA:9,1
DA:10,1
DA:11,1
DA:12,1
DA:13,1
DA:14,1
DA:15,1
DA:16,1
DA:17,1
DA:18,1
DA:19,1
DA:20,1
DA:21,1
DA:22,1
DA:23,1
DA:24,1
DA:25,1
DA:26,1
DA:27,1
DA:28,1
DA:29,1
DA:30,1
DA:31,1
DA:32,1
DA:33,1
DA:34,1
DA:35,1
DA:36,1
DA:37,0
DA:38,0
DA:39,0
DA:40,0
DA:41,0
DA:42,0
DA:43,0
DA:44,0
DA:45,0
DA:46,0
DA:47,0
DA:48,0
DA:49,0
DA:50,0
DA:51,0
DA:52,0
DA:53,0
DA:54,0
DA:55,0
DA:56,0
DA:57,0
DA:58,0
DA:59,0
DA:60,0
DA:61,0
DA:62,0
DA:63,0
DA:64,0
DA:65,1
DA:66,1
DA:67,0
DA:68,0
DA:69,0
DA:70,0
DA:71,0
DA:72,0
DA:73,0
DA:74,0
DA:75,0
DA:76,0
DA:77,0
DA:78,0
DA:79,0
DA:80,0
DA:81,0
DA:82,0
DA:83,0
DA:84,0
DA:85,0
DA:86,0
DA:87,0
DA:88,0
DA:89,0
DA:90,1
DA:91,1
DA:92,0
DA:93,0
DA:94,0
DA:95,0
DA:96,0
DA:97,0
DA:98,0
DA:99,0
DA:100,0
DA:101,0
DA:102,0
DA:103,0
DA:104,0
DA:105,0
DA:106,0
DA:107,0
DA:108,0
DA:109,0
DA:110,0
DA:111,0
DA:112,0
DA:113,0
DA:114,0
DA:115,0
DA:116,0
DA:117,0
DA:118,0
DA:119,1
DA:120,1
DA:121,0
DA:122,0
DA:123,0
DA:124,0
DA:125,0
DA:126,0
DA:127,0
DA:128,1
DA:129,1
DA:130,0
DA:131,0
DA:132,0
DA:133,0
DA:134,0
DA:135,0
DA:136,0
DA:137,0
DA:138,0
DA:139,0
DA:140,0
DA:141,0
DA:142,0
DA:143,0
DA:144,0
DA:145,0
DA:146,0
DA:147,0
DA:148,0
DA:149,0
DA:150,0
DA:151,0
DA:152,0
DA:153,0
DA:154,0
DA:155,0
DA:156,0
DA:157,0
DA:158,0
DA:159,0
DA:160,0
DA:161,0
DA:162,0
DA:163,0
DA:164,0
DA:165,0
DA:166,0
DA:167,0
DA:168,0
DA:169,0
DA:170,0
DA:171,0
DA:172,0
DA:173,0
DA:174,0
DA:175,0
DA:176,0
DA:177,0
DA:178,0
DA:179,0
DA:180,1
DA:181,1
DA:182,1
DA:183,1
DA:184,1
DA:185,1
DA:186,1
DA:187,1
DA:188,1
DA:189,1
DA:190,1
DA:191,1
DA:192,1
DA:193,1
DA:194,1
DA:195,1
DA:196,1
DA:197,1
DA:198,1
DA:199,1
DA:200,1
DA:201,1
DA:202,1
DA:203,1
DA:204,1
DA:205,1
DA:206,1
DA:207,1
DA:208,1
DA:209,1
DA:210,1
DA:211,1
DA:212,1
DA:213,1
DA:214,1
DA:215,1
DA:216,1
DA:217,1
DA:218,1
DA:219,1
DA:220,1
DA:221,1
DA:222,1
DA:223,1
DA:224,1
DA:225,1
DA:226,1
DA:227,1
DA:228,1
DA:229,1
DA:230,1
DA:231,1
DA:232,1
DA:233,1
DA:234,1
DA:235,1
DA:236,1
DA:237,1
DA:238,1
DA:239,1
DA:240,1
DA:241,1
DA:242,1
DA:243,1
DA:244,1
DA:245,1
DA:246,1
DA:247,1
DA:248,1
DA:249,1
DA:250,1
DA:251,1
DA:252,1
DA:253,1
DA:254,1
DA:255,1
DA:256,1
DA:257,1
DA:258,1
DA:259,1
DA:260,1
DA:261,1
DA:262,1
DA:263,1
DA:264,0
DA:265,0
DA:266,0
DA:267,0
DA:268,0
DA:269,0
DA:270,0
DA:271,0
DA:272,0
DA:273,0
DA:274,0
DA:275,0
DA:276,0
DA:277,0
DA:278,0
DA:279,0
DA:280,0
DA:281,0
DA:282,0
DA:283,0
DA:284,0
DA:285,0
DA:286,0
DA:287,0
DA:288,0
DA:289,0
DA:290,0
DA:291,0
DA:292,0
DA:293,0
DA:294,0
DA:295,0
DA:296,0
DA:297,0
DA:298,0
DA:299,0
DA:300,0
DA:301,0
DA:302,0
DA:303,0
DA:304,0
DA:305,0
DA:306,0
DA:307,0
DA:308,0
DA:309,0
DA:310,0
DA:311,0
DA:312,0
DA:313,0
DA:314,0
DA:315,0
DA:316,0
DA:317,0
DA:318,0
DA:319,0
DA:320,0
DA:321,0
DA:322,0
DA:323,0
DA:324,0
DA:325,0
DA:326,0
DA:327,0
DA:328,0
DA:329,0
DA:330,0
DA:331,0
DA:332,0
DA:333,0
DA:334,0
DA:335,0
DA:336,0
DA:337,0
DA:338,0
DA:339,0
DA:340,0
DA:341,0
DA:342,0
DA:343,0
DA:344,0
DA:345,1
DA:346,1
DA:347,1
DA:348,0
DA:349,0
DA:350,0
DA:351,0
DA:352,0
DA:353,0
DA:354,0
DA:355,0
DA:356,0
DA:357,0
DA:358,0
DA:359,0
DA:360,0
DA:361,0
DA:362,0
DA:363,0
DA:364,0
DA:365,0
DA:366,0
DA:367,0
DA:368,0
DA:369,0
DA:370,0
DA:371,0
DA:372,0
DA:373,0
DA:374,0
DA:375,0
DA:376,0
DA:377,0
DA:378,0
DA:379,0
DA:380,0
DA:381,0
DA:382,0
DA:383,0
DA:384,0
DA:385,0
DA:386,0
DA:387,0
DA:388,0
DA:389,0
DA:390,0
DA:391,0
DA:392,0
DA:393,0
DA:394,0
DA:395,0
DA:396,0
DA:397,0
DA:398,0
DA:399,0
DA:400,0
DA:401,0
DA:402,0
DA:403,0
DA:404,0
DA:405,0
DA:406,0
DA:407,0
DA:408,0
DA:409,0
DA:410,0
DA:411,0
DA:412,0
DA:413,0
DA:414,0
DA:415,0
DA:416,0
DA:417,0
DA:418,0
DA:419,0
DA:420,0
DA:421,0
DA:422,0
DA:423,0
DA:424,0
DA:425,0
DA:426,0
DA:427,0
DA:428,0
DA:429,0
DA:430,0
DA:431,0
DA:432,0
DA:433,0
DA:434,0
DA:435,0
DA:436,0
DA:437,0
DA:438,0
DA:439,0
DA:440,0
DA:441,0
DA:442,0
DA:443,0
DA:444,0
DA:445,0
DA:446,0
DA:447,0
DA:448,0
DA:449,0
DA:450,1
DA:451,1
DA:452,1
DA:453,1
DA:454,1
DA:455,1
DA:456,1
DA:457,1
DA:458,1
DA:459,1
DA:460,1
DA:461,1
DA:462,1
DA:463,1
DA:464,1
DA:465,1
DA:466,1
DA:467,1
DA:468,1
DA:469,1
DA:470,1
DA:471,1
DA:472,1
DA:473,1
DA:474,1
DA:475,1
DA:476,1
DA:477,1
DA:478,1
DA:479,1
DA:480,1
DA:481,1
DA:482,1
DA:483,1
DA:484,1
DA:485,1
DA:486,1
DA:487,1
DA:488,1
DA:489,1
DA:490,1
DA:491,1
DA:492,1
DA:493,1
DA:494,1
DA:495,1
DA:496,1
DA:497,1
DA:498,1
DA:499,1
DA:500,1
DA:501,1
DA:502,1
DA:503,1
DA:504,1
DA:505,1
DA:506,1
DA:507,1
DA:508,1
DA:509,1
DA:510,1
DA:511,1
DA:512,1
DA:513,1
DA:514,1
DA:515,1
DA:516,1
DA:517,1
DA:518,1
DA:519,1
DA:520,1
LF:520
LH:202
BRDA:20,0,0,1
BRDA:458,1,0,0
BRDA:466,2,0,0
BRDA:467,3,0,0
BRDA:483,4,0,0
BRDA:501,5,0,0
BRDA:503,6,0,0
BRDA:504,7,0,0
BRDA:505,8,0,0
BRDA:514,9,0,0
BRDA:515,10,0,0
BRDA:181,11,0,1
BRDA:186,12,0,0
BRDA:192,13,0,0
BRDA:198,14,0,0
BRDA:204,15,0,1
BRF:16
BRH:3
end_of_record
TN:
SF:src/components/Auth/Login.tsx
FN:12,Login
FN:21,handleLogin
FN:95,onError
FN:137,onChange
FN:149,onChange
FN:160,onClick
FN:176,onClick
FNF:7
FNH:1
FNDA:2,Login
FNDA:0,handleLogin
FNDA:0,onError
FNDA:0,onChange
FNDA:0,onChange
FNDA:0,onClick
FNDA:0,onClick
DA:1,1
DA:2,1
DA:3,1
DA:4,1
DA:5,1
DA:6,1
DA:7,1
DA:8,1
DA:9,1
DA:10,1
DA:11,1
DA:12,1
DA:13,2
DA:14,2
DA:15,2
DA:16,2
DA:17,2
DA:18,2
DA:19,2
DA:20,2
DA:21,2
DA:22,0
DA:23,0
DA:24,0
DA:25,0
DA:26,0
DA:27,0
DA:28,0
DA:29,0
DA:30,0
DA:31,0
DA:32,0
DA:33,0
DA:34,0
DA:35,0
DA:36,0
DA:37,0
DA:38,0
DA:39,0
DA:40,0
DA:41,0
DA:42,0
DA:43,0
DA:44,0
DA:45,0
DA:46,0
DA:47,0
DA:48,0
DA:49,0
DA:50,0
DA:51,0
DA:52,0
DA:53,0
DA:54,0
DA:55,0
DA:56,0
DA:57,0
DA:58,0
DA:59,0
DA:60,2
DA:61,2
DA:62,2
DA:63,2
DA:64,2
DA:65,2
DA:66,2
DA:67,2
DA:68,2
DA:69,2
DA:70,2
DA:71,2
DA:72,2
DA:73,2
DA:74,2
DA:75,2
DA:76,2
DA:77,2
DA:78,2
DA:79,2
DA:80,2
DA:81,2
DA:82,2
DA:83,2
DA:84,2
DA:85,2
DA:86,2
DA:87,2
DA:88,2
DA:89,2
DA:90,2
DA:91,2
DA:92,2
DA:93,2
DA:94,2
DA:95,2
DA:96,2
DA:97,2
DA:98,2
DA:99,2
DA:100,2
DA:101,2
DA:102,2
DA:103,2
DA:104,2
DA:105,2
DA:106,2
DA:107,2
DA:108,2
DA:109,2
DA:110,2
DA:111,2
DA:112,2
DA:113,2
DA:114,2
DA:115,2
DA:116,2
DA:117,2
DA:118,2
DA:119,2
DA:120,2
DA:121,2
DA:122,2
DA:123,2
DA:124,2
DA:125,2
DA:126,2
DA:127,2
DA:128,2
DA:129,2
DA:130,2
DA:131,2
DA:132,2
DA:133,2
DA:134,2
DA:135,2
DA:136,2
DA:137,2
DA:138,2
DA:139,2
DA:140,2
DA:141,2
DA:142,2
DA:143,2
DA:144,2
DA:145,2
DA:146,2
DA:147,2
DA:148,2
DA:149,2
DA:150,2
DA:151,2
DA:152,2
DA:153,2
DA:154,2
DA:155,2
DA:156,2
DA:157,2
DA:158,2
DA:159,2
DA:160,2
DA:161,2
DA:162,2
DA:163,2
DA:164,2
DA:165,2
DA:166,2
DA:167,2
DA:168,2
DA:169,2
DA:170,2
DA:171,2
DA:172,2
DA:173,2
DA:174,2
DA:175,2
DA:176,2
DA:177,2
DA:178,2
DA:179,2
DA:180,2
DA:181,2
DA:182,2
DA:183,2
DA:184,2
DA:185,2
DA:186,2
DA:187,2
DA:188,2
DA:189,2
DA:190,2
DA:191,2
DA:192,2
DA:193,2
DA:194,2
DA:195,2
DA:196,2
DA:197,2
DA:198,2
DA:199,2
DA:200,2
DA:201,2
DA:202,2
DA:203,2
DA:204,2
DA:205,2
DA:206,2
LF:206
LH:168
BRDA:12,0,0,2
BRDA:76,1,0,0
BRDA:88,2,0,0
BRDA:89,3,0,0
BRDA:99,4,0,0
BRDA:114,5,0,0
BRDA:122,6,0,0
BRDA:147,7,0,0
BRDA:159,8,0,0
BRDA:169,9,0,0
BRF:10
BRH:1
end_of_record
TN:
SF:src/components/Communication/Conversations.tsx
FN:92,formatCpf
FN:98,formatAppointmentType
FN:104,isMediaMessage
FN:105,extractFirstUrlFromText
FN:112,parseMetadataObject
FN:125,findMetadataString
FN:155,resolveMediaUrl
FN:164,extractMediaMetadata
FN:237,isDeliveryEvent
FN:241,isEventMessage
FN:248,bubbleStyles
FN:280,Conversations
FN:320,queryFn
FN:331,queryFn
FN:337,queryFn
FN:363,queryFn
FN:408,refreshAll
FN:417,mutationFn
FN:418,onSuccess
FN:423,onError
FN:433,mutationFn
FN:434,onSuccess
FN:439,onError
FN:449,mutationFn
FN:450,onSuccess
FN:455,onError
FN:465,mutationFn
FN:466,onSuccess
FN:476,onError
FN:486,mutationFn
FN:487,onSuccess
FN:498,onError
FN:512,handleSaveOperator
FN:599,isValidProtocolFormat
FN:605,openProtocolModal
FN:616,handleLookupProtocol
FN:650,queueButtonLabel
FN:656,isAlreadyAssignedToMe
FN:660,renderAppointmentCard
FN:678,renderPatientInfo
FN:743,renderMessageContent
FN:814,onClick
FN:823,onClick
FN:826,onClick
FN:860,onClick
FN:871,onChange
FN:891,onChange
FN:901,onClick
FN:995,onClick
FN:1016,onClick
FN:1030,onClick
FN:1041,onClick
FN:1056,onChange
FN:1060,onKeyDown
FN:1077,onClick
FN:1143,onChange
FN:1148,onClick
FN:1172,onClose
FN:1185,onChange
FN:1207,onChange
FN:1217,onChange
FN:1225,onClick
FN:1377,onClose
FN:1386,onClose
FN:1402,onChange
FN:1412,onKeyDown
FN:1425,onClick
FN:1443,onChange
FN:1449,onClick
FN:1516,onClose
FN:1531,onClick
FN:1551,onClick
FNF:72
FNH:6
FNDA:2,formatCpf
FNDA:0,formatAppointmentType
FNDA:0,isMediaMessage
FNDA:0,extractFirstUrlFromText
FNDA:0,parseMetadataObject
FNDA:0,findMetadataString
FNDA:0,resolveMediaUrl
FNDA:0,extractMediaMetadata
FNDA:0,isDeliveryEvent
FNDA:0,isEventMessage
FNDA:0,bubbleStyles
FNDA:2,Conversations
FNDA:1,queryFn
FNDA:1,queryFn
FNDA:1,queryFn
FNDA:0,queryFn
FNDA:0,refreshAll
FNDA:0,mutationFn
FNDA:0,onSuccess
FNDA:0,onError
FNDA:0,mutationFn
FNDA:0,onSuccess
FNDA:0,onError
FNDA:0,mutationFn
FNDA:0,onSuccess
FNDA:0,onError
FNDA:0,mutationFn
FNDA:0,onSuccess
FNDA:0,onError
FNDA:0,mutationFn
FNDA:0,onSuccess
FNDA:0,onError
FNDA:0,handleSaveOperator
FNDA:0,isValidProtocolFormat
FNDA:0,openProtocolModal
FNDA:0,handleLookupProtocol
FNDA:0,queueButtonLabel
FNDA:0,isAlreadyAssignedToMe
FNDA:0,renderAppointmentCard
FNDA:2,renderPatientInfo
FNDA:0,renderMessageContent
FNDA:0,onClick
FNDA:0,onClick
FNDA:0,onClick
FNDA:0,onClick
FNDA:0,onChange
FNDA:0,onChange
FNDA:0,onClick
FNDA:0,onClick
FNDA:0,onClick
FNDA:0,onClick
FNDA:0,onClick
FNDA:0,onChange
FNDA:0,onKeyDown
FNDA:0,onClick
FNDA:0,onChange
FNDA:0,onClick
FNDA:0,onClose
FNDA:0,onChange
FNDA:0,onChange
FNDA:0,onChange
FNDA:0,onClick
FNDA:0,onClose
FNDA:0,onClose
FNDA:0,onChange
FNDA:0,onKeyDown
FNDA:0,onClick
FNDA:0,onChange
FNDA:0,onClick
FNDA:0,onClose
FNDA:0,onClick
FNDA:0,onClick
DA:1,1
DA:2,1
DA:3,1
DA:4,1
DA:5,1
DA:6,1
DA:7,1
DA:8,1
DA:9,1
DA:10,1
DA:11,1
DA:12,1
DA:13,1
DA:14,1
DA:15,1
DA:16,1
DA:17,1
DA:18,1
DA:19,1
DA:20,1
DA:21,1
DA:22,1
DA:23,1
DA:24,1
DA:25,1
DA:26,1
DA:27,1
DA:28,1
DA:29,1
DA:30,1
DA:31,1
DA:32,1
DA:33,1
DA:34,1
DA:35,1
DA:36,1
DA:37,1
DA:38,1
DA:39,1
DA:40,1
DA:41,1
DA:42,1
DA:43,1
DA:44,1
DA:45,1
DA:46,1
DA:47,1
DA:48,1
DA:49,1
DA:50,1
DA:51,1
DA:52,1
DA:53,1
DA:54,1
DA:55,1
DA:56,1
DA:57,1
DA:58,1
DA:59,1
DA:60,1
DA:61,1
DA:62,1
DA:63,1
DA:64,1
DA:65,1
DA:66,1
DA:67,1
DA:68,1
DA:69,1
DA:70,1
DA:71,1
DA:72,1
DA:73,1
DA:74,1
DA:75,1
DA:76,1
DA:77,1
DA:78,1
DA:79,1
DA:80,1
DA:81,1
DA:82,1
DA:83,1
DA:84,1
DA:85,1
DA:86,1
DA:87,1
DA:88,1
DA:89,1
DA:90,1
DA:91,1
DA:92,1
DA:93,2
DA:94,2
DA:95,0
DA:96,0
DA:97,1
DA:98,1
DA:99,0
DA:100,0
DA:101,0
DA:102,0
DA:103,1
DA:104,1
DA:105,1
DA:106,0
DA:107,0
DA:108,0
DA:109,0
DA:110,0
DA:111,1
DA:112,1
DA:113,0
DA:114,0
DA:115,0
DA:116,0
DA:117,0
DA:118,0
DA:119,0
DA:120,0
DA:121,0
DA:122,0
DA:123,0
DA:124,1
DA:125,1
DA:126,0
DA:127,0
DA:128,0
DA:129,0
DA:130,0
DA:131,0
DA:132,0
DA:133,0
DA:134,0
DA:135,0
DA:136,0
DA:137,0
DA:138,0
DA:139,0
DA:140,0
DA:141,0
DA:142,0
DA:143,0
DA:144,0
DA:145,0
DA:146,0
DA:147,0
DA:148,0
DA:149,0
DA:150,0
DA:151,0
DA:152,0
DA:153,0
DA:154,1
DA:155,1
DA:156,0
DA:157,0
DA:158,0
DA:159,0
DA:160,0
DA:161,0
DA:162,0
DA:163,1
DA:164,1
DA:165,0
DA:166,0
DA:167,0
DA:168,0
DA:169,0
DA:170,0
DA:171,0
DA:172,0
DA:173,0
DA:174,0
DA:175,0
DA:176,0
DA:177,0
DA:178,0
DA:179,0
DA:180,0
DA:181,0
DA:182,0
DA:183,0
DA:184,0
DA:185,0
DA:186,0
DA:187,0
DA:188,0
DA:189,0
DA:190,0
DA:191,0
DA:192,0
DA:193,0
DA:194,0
DA:195,0
DA:196,0
DA:197,0
DA:198,0
DA:199,0
DA:200,0
DA:201,0
DA:202,0
DA:203,0
DA:204,0
DA:205,0
DA:206,0
DA:207,0
DA:208,0
DA:209,0
DA:210,0
DA:211,0
DA:212,0
DA:213,0
DA:214,0
DA:215,0
DA:216,0
DA:217,0
DA:218,0
DA:219,0
DA:220,0
DA:221,0
DA:222,0
DA:223,0
DA:224,0
DA:225,0
DA:226,0
DA:227,0
DA:228,0
DA:229,0
DA:230,0
DA:231,0
DA:232,0
DA:233,0
DA:234,0
DA:235,0
DA:236,1
DA:237,1
DA:238,0
DA:239,0
DA:240,0
DA:241,1
DA:242,0
DA:243,0
DA:244,0
DA:245,1
DA:246,1
DA:247,1
DA:248,1
DA:249,0
DA:250,0
DA:251,0
DA:252,0
DA:253,0
DA:254,0
DA:255,0
DA:256,0
DA:257,0
DA:258,0
DA:259,0
DA:260,0
DA:261,0
DA:262,0
DA:263,0
DA:264,0
DA:265,0
DA:266,0
DA:267,0
DA:268,0
DA:269,0
DA:270,0
DA:271,0
DA:272,0
DA:273,0
DA:274,0
DA:275,0
DA:276,0
DA:277,0
DA:278,0
DA:279,1
DA:280,1
DA:281,2
DA:282,2
DA:283,2
DA:284,2
DA:285,2
DA:286,2
DA:287,2
DA:288,2
DA:289,2
DA:290,2
DA:291,2
DA:292,2
DA:293,2
DA:294,2
DA:295,2
DA:296,2
DA:297,2
DA:298,2
DA:299,2
DA:300,2
DA:301,2
DA:302,2
DA:303,2
DA:304,2
DA:305,2
DA:306,2
DA:307,2
DA:308,2
DA:309,2
DA:310,2
DA:311,2
DA:312,2
DA:313,2
DA:314,2
DA:315,2
DA:316,2
DA:317,2
DA:318,2
DA:319,2
DA:320,2
DA:321,1
DA:322,1
DA:323,1
DA:324,1
DA:325,1
DA:326,2
DA:327,2
DA:328,2
DA:329,2
DA:330,2
DA:331,2
DA:332,2
DA:333,2
DA:334,2
DA:335,2
DA:336,2
DA:337,2
DA:338,2
DA:339,2
DA:340,2
DA:341,2
DA:342,2
DA:343,2
DA:344,2
DA:345,2
DA:346,2
DA:347,2
DA:348,2
DA:349,0
DA:350,0
DA:351,2
DA:352,0
DA:353,0
DA:354,2
DA:355,2
DA:356,2
DA:357,2
DA:358,2
DA:359,2
DA:360,2
DA:361,2
DA:362,2
DA:363,2
DA:364,0
DA:365,0
DA:366,2
DA:367,2
DA:368,2
DA:369,2
DA:370,2
DA:371,1
DA:372,1
DA:373,1
DA:374,1
DA:375,0
DA:376,0
DA:377,0
DA:378,0
DA:379,0
DA:380,0
DA:381,0
DA:382,0
DA:383,0
DA:384,1
DA:385,1
DA:386,2
DA:387,2
DA:388,2
DA:389,1
DA:390,1
DA:391,1
DA:392,2
DA:393,2
DA:394,2
DA:395,1
DA:396,0
DA:397,0
DA:398,2
DA:399,2
DA:400,2
DA:401,1
DA:402,0
DA:403,0
DA:404,0
DA:405,0
DA:406,2
DA:407,2
DA:408,2
DA:409,0
DA:410,0
DA:411,0
DA:412,0
DA:413,0
DA:414,0
DA:415,2
DA:416,2
DA:417,2
DA:418,2
DA:419,0
DA:420,0
DA:421,0
DA:422,0
DA:423,2
DA:424,0
DA:425,0
DA:426,0
DA:427,0
DA:428,0
DA:429,0
DA:430,2
DA:431,2
DA:432,2
DA:433,2
DA:434,2
DA:435,0
DA:436,0
DA:437,0
DA:438,0
DA:439,2
DA:440,0
DA:441,0
DA:442,0
DA:443,0
DA:444,0
[...]
DA:128,1
DA:129,1
DA:130,1
DA:131,2
DA:132,2
DA:133,2
DA:134,2
DA:135,1
DA:136,1
DA:137,1
DA:138,1
DA:139,1
DA:140,1
DA:141,1
DA:142,1
DA:143,1
DA:144,1
DA:145,1
DA:146,1
DA:147,1
DA:148,1
DA:149,1
DA:150,1
DA:151,1
DA:152,1
DA:153,1
DA:154,1
DA:155,1
DA:156,1
DA:157,1
DA:158,1
DA:159,1
DA:160,1
DA:161,1
DA:162,1
DA:163,1
DA:164,1
DA:165,1
DA:166,1
DA:167,1
LF:167
LH:165
BRDA:57,0,0,36
BRDA:58,1,0,35
BRDA:63,2,0,1
BRDA:65,3,0,0
BRDA:66,4,0,0
BRDA:67,5,0,1
BRDA:69,6,0,0
BRDA:74,7,0,0
BRDA:74,8,0,1
BRDA:75,9,0,0
BRDA:75,10,0,1
BRDA:80,11,0,1
BRDA:85,12,0,1
BRDA:96,13,0,35
BRDA:101,14,0,1
BRDA:106,15,0,1
BRDA:111,16,0,1
BRDA:116,17,0,2
BRDA:118,18,0,0
BRDA:119,19,0,1
BRDA:119,20,0,1
BRDA:122,21,0,1
BRDA:130,22,0,2
BRDA:132,23,0,1
BRDA:133,24,0,1
BRDA:133,25,0,1
BRDA:136,26,0,1
BRDA:141,27,0,1
BRDA:149,28,0,1
BRDA:154,29,0,1
BRDA:161,30,0,1
BRF:31
BRH:25
end_of_record
TN:
SF:src/services/tissBatchService.ts
FN:42,list
FN:47,create
FN:52,updateStatus
FN:57,registerProtocol
FN:62,registerReturn
FN:76,represent
FN:81,downloadXml
FNF:7
FNH:7
FNDA:1,list
FNDA:1,create
FNDA:1,updateStatus
FNDA:1,registerProtocol
FNDA:1,registerReturn
FNDA:1,represent
FNDA:1,downloadXml
DA:1,1
DA:2,1
DA:3,1
DA:4,1
DA:5,1
DA:6,1
DA:7,1
DA:8,1
DA:9,1
DA:10,1
DA:11,1
DA:12,1
DA:13,1
DA:14,1
DA:15,1
DA:16,1
DA:17,1
DA:18,1
DA:19,1
DA:20,1
DA:21,1
DA:22,1
DA:23,1
DA:24,1
DA:25,1
DA:26,1
DA:27,1
DA:28,1
DA:29,1
DA:30,1
DA:31,1
DA:32,1
DA:33,1
DA:34,1
DA:35,1
DA:36,1
DA:37,1
DA:38,1
DA:39,1
DA:40,1
DA:41,1
DA:42,1
DA:43,1
DA:44,1
DA:45,1
DA:46,1
DA:47,1
DA:48,1
DA:49,1
DA:50,1
DA:51,1
DA:52,1
DA:53,1
DA:54,1
DA:55,1
DA:56,1
DA:57,1
DA:58,1
DA:59,1
DA:60,1
DA:61,1
DA:62,1
DA:63,1
DA:64,1
DA:65,1
DA:66,1
DA:67,1
DA:68,1
DA:69,1
DA:70,1
DA:71,1
DA:72,1
DA:73,1
DA:74,1
DA:75,1
DA:76,1
DA:77,1
DA:78,1
DA:79,1
DA:80,1
DA:81,1
DA:82,1
DA:83,1
DA:84,1
DA:85,1
LF:85
LH:85
BRDA:42,0,0,1
BRDA:47,1,0,1
BRDA:52,2,0,1
BRDA:57,3,0,1
BRDA:62,4,0,1
BRDA:76,5,0,1
BRDA:81,6,0,1
BRF:7
BRH:7
end_of_record
TN:
SF:src/services/userService.ts
FN:4,listUsers
FN:9,getUser
FN:14,createUser
FN:19,updateUser
FN:24,deleteUser
FN:29,addAccessToUser
FNF:6
FNH:6
FNDA:1,listUsers
FNDA:3,getUser
FNDA:1,createUser
FNDA:1,updateUser
FNDA:1,deleteUser
FNDA:2,addAccessToUser
DA:1,1
DA:2,1
DA:3,1
DA:4,1
DA:5,1
DA:6,1
DA:7,1
DA:8,1
DA:9,1
DA:10,3
DA:11,3
DA:12,3
DA:13,1
DA:14,1
DA:15,1
DA:16,1
DA:17,1
DA:18,1
DA:19,1
DA:20,1
DA:21,1
DA:22,1
DA:23,1
DA:24,1
DA:25,1
DA:26,1
DA:27,1
DA:28,1
DA:29,1
DA:30,2
DA:31,2
DA:32,2
DA:33,1
DA:34,1
DA:35,2
DA:36,2
DA:37,2
DA:38,1
DA:39,1
DA:40,1
LF:40
LH:40
BRDA:4,0,0,1
BRDA:9,1,0,3
BRDA:14,2,0,1
BRDA:19,3,0,1
BRDA:24,4,0,1
BRDA:29,5,0,2
BRDA:31,6,0,0
BRDA:32,7,0,1
BRDA:31,8,0,3
BRF:9
BRH:8
end_of_record
TN:
SF:src/services/whatsappConversationService.ts
FN:99,listFlows
FN:104,listOperators
FN:130,saveSettings
FN:159,saveOperatorConfig
FN:189,listConversations
FN:199,getMessages
FN:212,getProtocolHistory
FN:248,claimConversation
FN:253,sendMessage
FN:258,closeConversation
FNF:10
FNH:10
FNDA:2,listFlows
FNDA:4,listOperators
FNDA:3,saveSettings
FNDA:2,saveOperatorConfig
FNDA:2,listConversations
FNDA:2,getMessages
FNDA:3,getProtocolHistory
FNDA:1,claimConversation
FNDA:1,sendMessage
FNDA:1,closeConversation
DA:1,1
DA:2,1
DA:3,1
DA:4,1
DA:5,1
DA:6,1
DA:7,1
DA:8,1
DA:9,1
DA:10,1
DA:11,1
DA:12,1
DA:13,1
DA:14,1
DA:15,1
DA:16,1
DA:17,1
DA:18,1
DA:19,1
DA:20,1
DA:21,1
DA:22,1
DA:23,1
DA:24,1
DA:25,1
DA:26,1
DA:27,1
DA:28,1
DA:29,1
DA:30,1
DA:31,1
DA:32,1
DA:33,1
DA:34,1
DA:35,1
DA:36,1
DA:37,1
DA:38,1
DA:39,1
DA:40,1
DA:41,1
DA:42,1
DA:43,1
DA:44,1
DA:45,1
DA:46,1
DA:47,1
DA:48,1
DA:49,1
DA:50,1
DA:51,1
DA:52,1
DA:53,1
DA:54,1
DA:55,1
DA:56,1
DA:57,1
DA:58,1
DA:59,1
DA:60,1
DA:61,1
DA:62,1
DA:63,1
DA:64,1
DA:65,1
DA:66,1
DA:67,1
DA:68,1
DA:69,1
DA:70,1
DA:71,1
DA:72,1
DA:73,1
DA:74,1
DA:75,1
DA:76,1
DA:77,1
DA:78,1
DA:79,1
DA:80,1
DA:81,1
DA:82,1
DA:83,1
DA:84,1
DA:85,1
DA:86,1
DA:87,1
DA:88,1
DA:89,1
DA:90,1
DA:91,1
DA:92,1
DA:93,1
DA:94,1
DA:95,1
DA:96,1
DA:97,1
DA:98,1
DA:99,1
DA:100,2
DA:101,2
DA:102,2
DA:103,1
DA:104,1
DA:105,4
DA:106,4
DA:107,4
DA:108,4
DA:109,4
DA:110,4
DA:111,4
DA:112,2
DA:113,2
DA:114,4
DA:115,4
DA:116,4
DA:117,2
DA:118,2
DA:119,2
DA:120,2
DA:121,1
DA:122,1
DA:123,1
DA:124,1
DA:125,2
DA:126,2
DA:127,2
DA:128,4
DA:129,1
DA:130,1
DA:131,3
DA:132,3
DA:133,3
DA:134,3
DA:135,3
DA:136,3
DA:137,3
DA:138,3
DA:139,3
DA:140,3
DA:141,3
DA:142,3
DA:143,3
DA:144,3
DA:145,3
DA:146,3
DA:147,1
DA:148,3
DA:149,2
DA:150,2
DA:151,2
DA:152,2
DA:153,1
DA:154,1
DA:155,1
DA:156,1
DA:157,3
DA:158,1
DA:159,1
DA:160,2
DA:161,2
DA:162,2
DA:163,2
DA:164,2
DA:165,2
DA:166,2
DA:167,2
DA:168,2
DA:169,2
DA:170,2
DA:171,2
DA:172,2
DA:173,2
DA:174,2
DA:175,2
DA:176,2
DA:177,1
DA:178,1
DA:179,1
DA:180,1
DA:181,1
DA:182,1
DA:183,1
DA:184,1
DA:185,1
DA:186,1
DA:187,2
DA:188,1
DA:189,1
DA:190,2
DA:191,2
DA:192,2
DA:193,2
DA:194,2
DA:195,2
DA:196,2
DA:197,2
DA:198,1
DA:199,1
DA:200,2
DA:201,2
DA:202,2
DA:203,2
DA:204,2
DA:205,2
DA:206,2
DA:207,2
DA:208,2
DA:209,2
DA:210,2
DA:211,1
DA:212,1
DA:213,3
DA:214,3
DA:215,3
DA:216,3
DA:217,3
DA:218,3
DA:219,1
DA:220,1
DA:221,2
DA:222,2
DA:223,2
DA:224,1
DA:225,1
DA:226,3
DA:227,3
DA:228,3
DA:229,3
DA:230,1
DA:231,1
DA:232,3
DA:233,3
DA:234,1
DA:235,1
DA:236,1
DA:237,1
DA:238,1
DA:239,1
DA:240,1
DA:241,1
DA:242,1
DA:243,1
DA:244,1
DA:245,1
DA:246,3
DA:247,1
DA:248,1
DA:249,1
DA:250,1
DA:251,1
DA:252,1
DA:253,1
DA:254,1
DA:255,1
DA:256,1
DA:257,1
DA:258,1
DA:259,1
DA:260,1
DA:261,1
DA:262,1
DA:263,1
DA:264,1
LF:264
LH:264
BRDA:99,0,0,2
BRDA:101,1,0,1
BRDA:104,2,0,4
BRDA:111,3,0,2
BRDA:114,4,0,2
BRDA:114,5,0,1
BRDA:116,6,0,2
BRDA:117,7,0,0
BRDA:118,8,0,1
BRDA:118,9,0,0
BRDA:120,10,0,1
BRDA:125,11,0,1
BRDA:125,12,0,0
BRDA:130,13,0,3
BRDA:137,14,0,0
BRDA:146,15,0,1
BRDA:148,16,0,2
BRDA:149,17,0,0
BRDA:150,18,0,1
BRDA:152,19,0,1
BRDA:159,20,0,2
BRDA:167,21,0,0
BRDA:176,22,0,1
BRDA:179,23,0,0
BRDA:180,24,0,0
BRDA:180,25,0,0
BRDA:182,26,0,0
BRDA:189,27,0,2
BRDA:196,28,0,1
BRDA:199,29,0,2
BRDA:212,30,0,3
BRDA:217,31,0,0
BRDA:218,32,0,1
BRDA:220,33,0,2
BRDA:223,34,0,1
BRDA:226,35,0,1
BRDA:226,36,0,0
BRDA:227,37,0,1
BRDA:227,38,0,0
BRDA:229,39,0,1
BRDA:231,40,0,0
BRDA:240,41,0,0
BRDA:241,42,0,0
BRDA:231,43,0,3
BRDA:232,44,0,2
BRDA:232,45,0,1
BRDA:248,46,0,1
BRDA:253,47,0,1
BRDA:258,48,0,1
BRF:49
BRH:33
end_of_record
TN:
SF:src/services/whatsappService.ts
FN:78,getConfig
FN:90,saveConfig
FN:112,deleteConfig
FN:124,listTemplates
FN:129,saveTemplate
FN:141,getTemplate
FN:146,deleteTemplate
FN:150,syncHsmStatus
FN:155,loadDefaultTemplates
FN:160,pushTemplateToGupshup
FN:167,getNotificationConfig
FN:172,saveNotificationConfig
FN:185,sendMessage
FN:194,testMessage
FN:199,previewMessage
FN:206,listLogs
FN:217,getLog
FN:224,getAvailableVariables
FNF:18
FNH:18
FNDA:4,getConfig
FNDA:1,saveConfig
FNDA:1,deleteConfig
FNDA:2,listTemplates
FNDA:1,saveTemplate
FNDA:1,getTemplate
FNDA:1,deleteTemplate
FNDA:1,syncHsmStatus
FNDA:1,loadDefaultTemplates
FNDA:1,pushTemplateToGupshup
FNDA:2,getNotificationConfig
FNDA:1,saveNotificationConfig
FNDA:1,sendMessage
FNDA:1,testMessage
FNDA:1,previewMessage
FNDA:2,listLogs
FNDA:1,getLog
FNDA:2,getAvailableVariables
DA:1,1
DA:2,1
DA:3,1
DA:4,1
DA:5,1
DA:6,1
DA:7,1
DA:8,1
DA:9,1
DA:10,1
DA:11,1
DA:12,1
DA:13,1
DA:14,1
DA:15,1
DA:16,1
DA:17,1
DA:18,1
DA:19,1
DA:20,1
DA:21,1
DA:22,1
DA:23,1
DA:24,1
DA:25,1
DA:26,1
DA:27,1
DA:28,1
DA:29,1
DA:30,1
DA:31,1
DA:32,1
DA:33,1
DA:34,1
DA:35,1
DA:36,1
DA:37,1
DA:38,1
DA:39,1
DA:40,1
DA:41,1
DA:42,1
DA:43,1
DA:44,1
DA:45,1
DA:46,1
DA:47,1
DA:48,1
DA:49,1
DA:50,1
DA:51,1
DA:52,1
DA:53,1
DA:54,1
DA:55,1
DA:56,1
DA:57,1
DA:58,1
DA:59,1
DA:60,1
DA:61,1
DA:62,1
DA:63,1
DA:64,1
DA:65,1
DA:66,1
DA:67,1
DA:68,1
DA:69,1
DA:70,1
DA:71,1
DA:72,1
DA:73,1
DA:74,1
DA:75,1
DA:76,1
DA:77,1
DA:78,1
DA:79,4
DA:80,4
DA:81,4
DA:82,4
DA:83,4
DA:84,4
DA:85,4
DA:86,4
DA:87,4
DA:88,4
DA:89,1
DA:90,1
DA:91,1
DA:92,1
DA:93,1
DA:94,1
DA:95,1
DA:96,1
DA:97,1
DA:98,1
DA:99,1
DA:100,1
DA:101,1
DA:102,1
DA:103,1
DA:104,1
DA:105,1
DA:106,1
DA:107,1
DA:108,1
DA:109,1
DA:110,1
DA:111,1
DA:112,1
DA:113,1
DA:114,1
DA:115,1
DA:116,1
DA:117,1
DA:118,1
DA:119,1
DA:120,1
DA:121,1
DA:122,1
DA:123,1
DA:124,1
DA:125,2
DA:126,2
DA:127,2
DA:128,1
DA:129,1
DA:130,1
DA:131,1
DA:132,1
DA:133,1
DA:134,1
DA:135,1
DA:136,1
DA:137,1
DA:138,1
DA:139,1
DA:140,1
DA:141,1
DA:142,1
DA:143,1
DA:144,1
DA:145,1
DA:146,1
DA:147,1
DA:148,1
DA:149,1
DA:150,1
DA:151,1
DA:152,1
DA:153,1
DA:154,1
DA:155,1
DA:156,1
DA:157,1
DA:158,1
DA:159,1
DA:160,1
DA:161,1
DA:162,1
DA:163,1
DA:164,1
DA:165,1
DA:166,1
DA:167,1
DA:168,2
DA:169,2
DA:170,2
DA:171,1
DA:172,1
DA:173,1
DA:174,1
DA:175,1
DA:176,1
DA:177,1
DA:178,1
DA:179,1
DA:180,1
DA:181,1
DA:182,1
DA:183,1
DA:184,1
DA:185,1
DA:186,1
DA:187,1
DA:188,1
DA:189,1
DA:190,1
DA:191,1
DA:192,1
DA:193,1
DA:194,1
DA:195,1
DA:196,1
DA:197,1
DA:198,1
DA:199,1
DA:200,1
DA:201,1
DA:202,1
DA:203,1
DA:204,1
DA:205,1
DA:206,1
DA:207,2
DA:208,2
DA:209,2
DA:210,2
DA:211,2
DA:212,2
DA:213,2
DA:214,2
DA:215,2
DA:216,1
DA:217,1
DA:218,1
DA:219,1
DA:220,1
DA:221,1
DA:222,1
DA:223,1
DA:224,1
DA:225,2
DA:226,2
DA:227,2
DA:228,1
LF:228
LH:228
BRDA:78,0,0,4
BRDA:82,1,0,1
BRDA:82,2,0,3
BRDA:84,3,0,1
BRDA:84,4,0,0
BRDA:90,5,0,1
BRDA:101,6,0,0
BRDA:112,7,0,1
BRDA:116,8,0,0
BRDA:124,9,0,2
BRDA:129,10,0,1
BRDA:141,11,0,1
BRDA:146,12,0,1
BRDA:150,13,0,1
BRDA:155,14,0,1
BRDA:160,15,0,1
BRDA:167,16,0,2
BRDA:172,17,0,1
BRDA:185,18,0,1
BRDA:194,19,0,1
BRDA:199,20,0,1
BRDA:206,21,0,2
BRDA:217,22,0,1
BRDA:224,23,0,2
BRF:24
BRH:21
end_of_record
TN:
SF:src/themes/theme.ts
FNF:0
FNH:0
DA:1,1
DA:2,1
DA:3,1
DA:4,1
DA:5,1
DA:6,1
DA:7,1
DA:8,1
DA:9,1
DA:10,1
DA:11,1
DA:12,1
DA:13,1
DA:14,1
DA:15,1
DA:16,1
DA:17,1
DA:18,1
DA:19,1
DA:20,1
DA:21,1
DA:22,1
DA:23,1
DA:24,1
DA:25,1
DA:26,1
DA:27,1
DA:28,1
DA:29,1
DA:30,1
DA:31,1
DA:32,1
DA:33,1
DA:34,1
DA:35,1
DA:36,1
DA:37,1
DA:38,1
DA:39,1
DA:40,1
DA:41,1
DA:42,1
DA:43,1
DA:44,1
DA:45,1
DA:46,1
DA:47,1
DA:48,1
DA:49,1
DA:50,1
DA:51,1
DA:52,1
DA:53,1
DA:54,1
DA:55,1
DA:56,1
DA:57,1
DA:58,1
LF:58
LH:58
BRF:0
BRH:0
end_of_record
TN:
SF:src/utils/appColorScheme.ts
FN:6,isBrowser
FN:8,getAppColorScheme
FN:15,applyAppColorScheme
FN:23,resetAppColorScheme
FNF:4
FNH:4
FNDA:50,isBrowser
FNDA:48,getAppColorScheme
FNDA:2,applyAppColorScheme
FNDA:1,resetAppColorScheme
DA:1,1
DA:2,1
DA:3,1
DA:4,1
DA:5,1
DA:6,1
DA:7,1
DA:8,1
DA:9,48
DA:10,48
DA:11,48
DA:12,48
DA:13,48
DA:14,1
DA:15,1
DA:16,2
DA:17,2
DA:18,2
DA:19,2
DA:20,2
DA:21,2
DA:22,1
DA:23,1
DA:24,1
DA:25,1
LF:25
LH:25
BRDA:6,0,0,50
BRDA:8,1,0,48
BRDA:9,2,0,0
BRDA:11,3,0,47
BRDA:12,4,0,1
BRDA:12,5,0,47
BRDA:15,6,0,2
BRDA:16,7,0,0
BRDA:23,8,0,1
BRF:9
BRH:7
end_of_record
TN:
SF:src/utils/cpfRegistry.ts
FN:21,isRecord
FN:23,getApiList
FN:43,getEntityId
FN:46,getEntityCpf
FN:48,findExistingCpf
FNF:5
FNH:5
FNDA:6,isRecord
FNDA:10,getApiList
FNDA:11,getEntityId
FNDA:5,getEntityCpf
FNDA:6,findExistingCpf
DA:1,1
DA:2,1
DA:3,1
DA:4,1
DA:5,1
DA:6,1
DA:7,1
DA:8,1
DA:9,1
DA:10,1
DA:11,1
DA:12,1
DA:13,1
DA:14,1
DA:15,1
DA:16,1
DA:17,1
DA:18,1
DA:19,1
DA:20,1
DA:21,1
DA:22,1
DA:23,1
DA:24,10
DA:25,4
DA:26,10
DA:27,10
DA:28,10
DA:29,10
DA:30,14
DA:31,14
DA:32,14
DA:33,2
DA:34,10
DA:35,10
DA:36,2
DA:37,2
DA:38,2
DA:39,0
DA:40,0
DA:41,0
DA:42,1
DA:43,1
DA:44,11
DA:45,1
DA:46,1
DA:47,1
DA:48,6
DA:49,6
DA:50,6
DA:51,6
DA:52,6
DA:53,6
DA:54,6
DA:55,5
DA:56,5
DA:57,5
DA:58,5
DA:59,5
DA:60,5
DA:61,5
DA:62,5
DA:63,5
DA:64,5
DA:65,4
DA:66,4
DA:67,3
DA:68,5
DA:69,5
DA:70,6
DA:71,2
DA:72,2
DA:73,2
DA:74,2
DA:75,2
DA:76,2
DA:77,3
DA:78,3
DA:79,3
DA:80,3
DA:81,2
DA:82,3
DA:83,3
DA:84,6
DA:85,2
DA:86,2
DA:87,2
DA:88,2
DA:89,2
DA:90,2
DA:91,1
DA:92,1
DA:93,1
LF:93
LH:90
BRDA:21,0,0,6
BRDA:23,1,0,10
BRDA:24,2,0,6
BRDA:24,3,0,4
BRDA:26,4,0,0
BRDA:29,5,0,14
BRDA:31,6,0,2
BRDA:32,7,0,2
BRDA:34,8,0,0
BRDA:35,9,0,2
BRDA:38,10,0,0
BRDA:43,11,0,11
BRDA:44,12,0,5
BRDA:44,13,0,5
BRDA:44,14,0,3
BRDA:44,15,0,0
BRDA:44,16,0,0
BRDA:46,17,0,5
BRDA:46,18,0,0
BRDA:48,19,0,6
BRDA:54,20,0,1
BRDA:54,21,0,5
BRDA:70,22,0,2
BRDA:76,23,0,3
BRDA:84,24,0,2
BRDA:90,25,0,1
BRDA:64,26,0,4
BRDA:66,27,0,1
BRDA:66,28,0,1
BRDA:66,29,0,1
BRDA:66,30,0,3
BRDA:78,31,0,3
BRDA:80,32,0,1
BRDA:80,33,0,1
BRDA:80,34,0,1
BRDA:80,35,0,2
BRF:36
BRH:30
end_of_record
TN:
SF:src/utils/formatters.ts
FN:1,onlyDigits
FN:5,normalizeEmail
FN:7,isValidEmail
FN:13,isValidCPF
FN:18,calcDigit
FN:32,formatCPF
FN:41,formatCNPJ
FN:51,formatCEP
FN:58,formatPhone
FN:70,formatDateInput
FN:79,parseApiDateToLocalDate
FNF:11
FNH:11
FNDA:112,onlyDigits
FNDA:41,normalizeEmail
FNDA:3,isValidEmail
FNDA:2,isValidCPF
FNDA:2,calcDigit
FNDA:22,formatCPF
FNDA:28,formatCNPJ
FNDA:5,formatCEP
FNDA:27,formatPhone
FNDA:9,formatDateInput
FNDA:4,parseApiDateToLocalDate
DA:1,1
DA:2,1
DA:3,1
DA:4,1
DA:5,1
DA:6,1
DA:7,1
DA:8,3
DA:9,3
DA:10,3
DA:11,3
DA:12,1
DA:13,1
DA:14,2
DA:15,2
DA:16,2
DA:17,1
DA:18,1
DA:19,2
DA:20,2
DA:21,19
DA:22,19
DA:23,2
DA:24,2
DA:25,2
DA:26,1
DA:27,1
DA:28,1
DA:29,1
DA:30,2
DA:31,1
DA:32,1
DA:33,22
DA:34,22
DA:35,14
DA:36,14
DA:37,14
DA:38,5
DA:39,5
DA:40,1
DA:41,1
DA:42,28
DA:43,28
DA:44,28
DA:45,28
DA:46,28
DA:47,28
DA:48,4
DA:49,4
DA:50,1
DA:51,1
DA:52,5
DA:53,5
DA:54,1
DA:55,1
DA:56,1
DA:57,1
DA:58,1
DA:59,27
DA:60,27
DA:61,12
DA:62,10
DA:63,10
DA:64,12
DA:65,12
DA:66,3
DA:67,3
DA:68,3
DA:69,1
DA:70,1
DA:71,9
DA:72,9
DA:73,9
DA:74,9
DA:75,5
DA:76,5
DA:77,1
DA:78,1
DA:79,1
DA:80,4
DA:81,2
DA:82,2
DA:83,2
DA:84,1
DA:85,1
DA:86,1
DA:87,1
DA:88,1
DA:89,1
DA:90,0
DA:91,0
LF:91
LH:89
BRDA:1,0,0,112
BRDA:1,1,0,30
BRDA:5,2,0,41
BRDA:5,3,0,3
BRDA:7,4,0,3
BRDA:9,5,0,0
BRDA:13,6,0,2
BRDA:15,7,0,0
BRDA:16,8,0,1
BRDA:18,9,0,2
BRDA:20,10,0,19
BRDA:24,11,0,0
BRDA:32,12,0,22
BRDA:34,13,0,8
BRDA:34,14,0,14
BRDA:35,15,0,3
BRDA:35,16,0,11
BRDA:36,17,0,3
BRDA:36,18,0,8
BRDA:37,19,0,3
BRDA:37,20,0,5
BRDA:41,21,0,28
BRDA:43,22,0,0
BRDA:44,23,0,4
BRDA:44,24,0,24
BRDA:45,25,0,6
BRDA:45,26,0,18
BRDA:46,27,0,6
BRDA:46,28,0,12
BRDA:47,29,0,8
BRDA:47,30,0,4
BRDA:51,31,0,5
BRDA:53,32,0,4
BRDA:53,33,0,1
BRDA:54,34,0,0
BRDA:58,35,0,27
BRDA:60,36,0,15
BRDA:60,37,0,12
BRDA:61,38,0,2
BRDA:61,39,0,10
BRDA:64,40,0,4
BRDA:64,41,0,6
BRDA:65,42,0,3
BRDA:70,43,0,9
BRDA:72,44,0,0
BRDA:73,45,0,2
BRDA:73,46,0,7
BRDA:74,47,0,2
BRDA:74,48,0,5
BRDA:79,49,0,4
BRDA:80,50,0,2
BRDA:83,51,0,1
BRDA:89,52,0,0
BRF:53
BRH:46
end_of_record
TN:
SF:src/utils/moduleTypeAccess.ts
FN:16,normalizeCompanyModuleType
FN:21,isModuleAllowedForCompanyType
FN:29,filterModulesForCompanyType
FN:34,filterAccessesForCompanyType
FNF:4
FNH:4
FNDA:3,normalizeCompanyModuleType
FNDA:9,isModuleAllowedForCompanyType
FNDA:4,filterModulesForCompanyType
FNDA:1,filterAccessesForCompanyType
DA:1,1
DA:2,1
DA:3,1
DA:4,1
DA:5,1
DA:6,1
DA:7,1
DA:8,1
DA:9,1
DA:10,1
DA:11,1
DA:12,1
DA:13,1
DA:14,1
DA:15,1
DA:16,1
DA:17,3
DA:18,2
DA:19,2
DA:20,1
DA:21,1
DA:22,9
DA:23,9
DA:24,7
DA:25,7
DA:26,1
DA:27,1
DA:28,1
DA:29,1
DA:30,4
DA:31,4
DA:32,4
DA:33,1
DA:34,1
DA:35,1
DA:36,1
DA:37,1
DA:38,1
DA:39,1
DA:40,2
DA:41,2
DA:42,1
DA:43,1
DA:44,1
LF:44
LH:44
BRDA:16,0,0,3
BRDA:17,1,0,2
BRDA:17,2,0,2
BRDA:17,3,0,1
BRDA:21,4,0,9
BRDA:22,5,0,1
BRDA:22,6,0,8
BRDA:23,7,0,7
BRDA:24,8,0,5
BRDA:25,9,0,1
BRDA:29,10,0,4
BRDA:32,11,0,5
BRDA:32,12,0,0
BRDA:34,13,0,1
BRDA:39,14,0,2
BRDA:41,15,0,0
BRDA:43,16,0,2
BRF:17
BRH:15
end_of_record
TN:
SF:src/utils/sectorClassification.ts
FN:3,normalizeText
FN:5,isRoomLikeName
FN:11,isRoomSector
FN:21,markRoomDescription
FN:29,stripRoomMarker
FNF:5
FNH:5
FNDA:73,normalizeText
FNDA:29,isRoomLikeName
FNDA:13,isRoomSector
FNDA:7,markRoomDescription
FNDA:15,stripRoomMarker
DA:1,1
DA:2,1
DA:3,1
DA:4,1
DA:5,1
DA:6,29
DA:7,29
DA:8,29
DA:9,29
DA:10,1
DA:11,1
DA:12,13
DA:13,11
DA:14,11
DA:15,11
DA:16,13
DA:17,13
DA:18,6
DA:19,6
DA:20,1
DA:21,1
DA:22,7
DA:23,7
DA:24,7
DA:25,7
DA:26,3
DA:27,3
DA:28,1
DA:29,1
DA:30,15
DA:31,15
DA:32,15
DA:33,15
DA:34,2
DA:35,2
LF:35
LH:35
BRDA:3,0,0,73
BRDA:3,1,0,17
BRDA:5,2,0,29
BRDA:7,3,0,5
BRDA:7,4,0,24
BRDA:8,5,0,12
BRDA:11,6,0,13
BRDA:12,7,0,2
BRDA:12,8,0,11
BRDA:16,9,0,3
BRDA:16,10,0,8
BRDA:17,11,0,2
BRDA:17,12,0,6
BRDA:21,13,0,7
BRDA:23,14,0,2
BRDA:23,15,0,5
BRDA:24,16,0,1
BRDA:24,17,0,4
BRDA:25,18,0,1
BRDA:25,19,0,3
BRDA:29,20,0,15
BRDA:31,21,0,4
BRDA:31,22,0,11
BRDA:32,23,0,5
BRDA:32,24,0,6
BRDA:33,25,0,4
BRDA:33,26,0,2
BRF:27
BRH:27
end_of_record
TN:
SF:src/utils/userRole.ts
FN:1,isDoctorUser
FNF:1
FNH:1
FNDA:84,isDoctorUser
DA:1,1
DA:2,84
DA:3,5
DA:4,84
DA:5,84
DA:6,2
DA:7,84
DA:8,84
DA:9,84
LF:9
LH:9
BRDA:1,0,0,84
BRDA:2,1,0,5
BRDA:2,2,0,79
BRDA:2,3,0,5
BRDA:4,4,0,3
BRDA:4,5,0,1
BRDA:4,6,0,2
BRDA:5,7,0,13
BRDA:5,8,0,3
BRDA:5,9,0,2
BRDA:7,10,0,0
BRDA:8,11,0,2
BRF:12
BRH:11
end_of_record
TN:
SF:src/utils/validations.ts
FN:13,validateCNPJ
FN:31,validateEmail
FN:41,validatePhone
FN:50,validateDate
FN:59,validatePassword
FN:74,validateCompanyForm
FN:110,validateBranchForm
FN:134,validateSectorForm
FN:158,validateUserForm
FN:219,validateAccessForm
FNF:10
FNH:10
FNDA:6,validateCNPJ
FNDA:8,validateEmail
FNDA:9,validatePhone
FNDA:7,validateDate
FNDA:6,validatePassword
FNDA:3,validateCompanyForm
FNDA:2,validateBranchForm
FNDA:2,validateSectorForm
FNDA:5,validateUserForm
FNDA:1,validateAccessForm
DA:1,1
DA:2,1
DA:3,1
DA:4,1
DA:5,1
DA:6,1
DA:7,1
DA:8,1
DA:9,1
DA:10,1
DA:11,1
DA:12,1
DA:13,1
DA:14,6
DA:15,5
DA:16,5
DA:17,5
DA:18,5
DA:19,5
DA:20,6
DA:21,4
DA:22,4
DA:23,6
DA:24,2
DA:25,2
DA:26,2
DA:27,1
DA:28,1
DA:29,1
DA:30,1
DA:31,1
DA:32,8
DA:33,7
DA:34,7
DA:35,7
DA:36,7
DA:37,1
DA:38,1
DA:39,1
DA:40,1
DA:41,1
DA:42,9
DA:43,8
DA:44,9
DA:45,9
DA:46,1
DA:47,1
DA:48,1
DA:49,1
DA:50,1
DA:51,7
DA:52,6
DA:53,6
DA:54,6
DA:55,1
DA:56,1
DA:57,1
DA:58,1
DA:59,1
DA:60,6
DA:61,1
DA:62,1
DA:63,5
DA:64,6
DA:65,3
DA:66,3
DA:67,2
DA:68,2
DA:69,2
DA:70,1
DA:71,1
DA:72,1
DA:73,1
DA:74,1
DA:75,3
DA:76,3
DA:77,3
DA:78,3
DA:79,3
DA:80,3
DA:81,3
DA:82,3
DA:83,3
DA:84,1
DA:85,3
DA:86,1
DA:87,1
DA:88,3
DA:89,3
DA:90,1
DA:91,1
DA:92,3
DA:93,3
DA:94,1
DA:95,1
DA:96,3
DA:97,3
DA:98,1
DA:99,1
DA:100,3
DA:101,3
DA:102,3
DA:103,3
DA:104,3
DA:105,3
DA:106,1
DA:107,1
DA:108,1
DA:109,1
DA:110,1
DA:111,2
DA:112,2
DA:113,2
DA:114,2
DA:115,2
DA:116,2
DA:117,2
DA:118,1
DA:119,1
DA:120,2
DA:121,2
DA:122,1
DA:123,1
DA:124,2
DA:125,2
DA:126,2
DA:127,2
DA:128,2
DA:129,2
DA:130,1
DA:131,1
DA:132,1
DA:133,1
DA:134,1
DA:135,2
DA:136,2
DA:137,2
DA:138,2
DA:139,2
DA:140,2
DA:141,2
DA:142,1
DA:143,1
DA:144,2
DA:145,2
DA:146,1
DA:147,1
DA:148,2
DA:149,2
DA:150,2
DA:151,2
DA:152,2
DA:153,2
DA:154,1
DA:155,1
DA:156,1
DA:157,1
DA:158,1
DA:159,5
DA:160,5
DA:161,5
DA:162,5
DA:163,5
DA:164,5
DA:165,5
DA:166,5
DA:167,5
DA:168,5
DA:169,5
DA:170,5
DA:171,1
DA:172,1
DA:173,5
DA:174,5
DA:175,1
DA:176,1
DA:177,5
DA:178,5
DA:179,1
DA:180,1
DA:181,5
DA:182,5
DA:183,1
DA:184,5
DA:185,1
DA:186,1
DA:187,5
DA:188,5
DA:189,1
DA:190,5
DA:191,1
DA:192,1
DA:193,5
DA:194,5
DA:195,5
DA:196,4
DA:197,1
DA:198,4
DA:199,3
DA:200,3
DA:201,2
DA:202,2
DA:203,3
DA:204,4
DA:205,5
DA:206,5
DA:207,1
DA:208,1
DA:209,5
DA:210,5
DA:211,5
DA:212,5
DA:213,5
DA:214,5
DA:215,1
DA:216,1
DA:217,1
DA:218,1
DA:219,1
DA:220,1
DA:221,1
DA:222,1
DA:223,1
DA:224,1
DA:225,1
DA:226,1
DA:227,1
DA:228,1
DA:229,1
DA:230,1
DA:231,1
DA:232,1
DA:233,1
DA:234,1
DA:235,1
DA:236,1
DA:237,1
LF:237
LH:237
BRDA:13,0,0,6
BRDA:14,1,0,1
BRDA:14,2,0,5
BRDA:20,3,0,1
BRDA:20,4,0,4
BRDA:23,5,0,2
BRDA:31,6,0,8
BRDA:32,7,0,1
BRDA:32,8,0,7
BRDA:41,9,0,9
BRDA:42,10,0,1
BRDA:42,11,0,8
BRDA:44,12,0,4
BRDA:50,13,0,7
BRDA:51,14,0,1
BRDA:51,15,0,6
BRDA:59,16,0,6
BRDA:60,17,0,1
BRDA:62,18,0,5
BRDA:64,19,0,3
BRDA:66,20,0,2
BRDA:74,21,0,3
BRDA:83,22,0,1
BRDA:85,23,0,2
BRDA:85,24,0,1
BRDA:89,25,0,1
BRDA:93,26,0,2
BRDA:93,27,0,1
BRDA:97,28,0,2
BRDA:97,29,0,1
BRDA:110,30,0,2
BRDA:117,31,0,1
BRDA:121,32,0,1
BRDA:134,33,0,2
BRDA:141,34,0,1
BRDA:145,35,0,1
BRDA:158,36,0,5
BRDA:170,37,0,1
BRDA:174,38,0,1
BRDA:178,39,0,4
BRDA:178,40,0,1
BRDA:182,41,0,1
BRDA:184,42,0,4
BRDA:184,43,0,1
BRDA:188,44,0,1
BRDA:190,45,0,4
BRDA:190,46,0,1
BRDA:195,47,0,2
BRDA:195,48,0,4
BRDA:196,49,0,3
BRDA:196,50,0,1
BRDA:198,51,0,3
BRDA:200,52,0,2
BRDA:201,53,0,0
BRDA:206,54,0,2
BRDA:206,55,0,1
BRDA:219,56,0,1
BRDA:225,57,0,0
BRF:58
BRH:56
end_of_record
