TN:
SF:src/hooks/useAdminLeadsQuery.ts
FN:5,fetchAdminLeads
FN:8,useAdminLeadsQuery
FN:11,queryFn
FNF:3
FNH:2
FNDA:1,fetchAdminLeads
FNDA:1,useAdminLeadsQuery
FNDA:0,queryFn
DA:1,1
DA:2,1
DA:3,1
DA:4,1
DA:5,1
DA:6,1
DA:7,1
DA:8,1
DA:9,1
DA:10,1
DA:11,1
DA:12,1
DA:13,1
DA:14,1
DA:15,1
LF:15
LH:15
BRDA:5,0,0,1
BRDA:8,1,0,1
BRDA:10,2,0,0
BRDA:10,3,0,0
BRF:4
BRH:2
end_of_record
TN:
SF:src/hooks/useAdminTicketsQuery.ts
FN:5,fetchAdminTickets
FN:14,useAdminTicketsQuery
FN:30,queryFn
FNF:3
FNH:2
FNDA:1,fetchAdminTickets
FNDA:1,useAdminTicketsQuery
FNDA:0,queryFn
DA:1,1
DA:2,1
DA:3,1
DA:4,1
DA:5,1
DA:6,1
DA:7,1
DA:8,1
DA:9,1
DA:10,1
DA:11,1
DA:12,1
DA:13,1
DA:14,1
DA:15,1
DA:16,1
DA:17,1
DA:18,1
DA:19,1
DA:20,1
DA:21,1
DA:22,1
DA:23,1
DA:24,1
DA:25,1
DA:26,1
DA:27,1
DA:28,1
DA:29,1
DA:30,1
DA:31,1
DA:32,1
DA:33,1
DA:34,1
LF:34
LH:34
BRDA:5,0,0,1
BRDA:14,1,0,1
BRDA:24,2,0,0
BRDA:25,3,0,0
BRDA:26,4,0,0
BRDA:27,5,0,0
BRDA:28,6,0,0
BRF:7
BRH:2
end_of_record
TN:
SF:src/hooks/useAnamnesisTemplatesQuery.ts
FN:5,fetchAnamnesisTemplates
FN:10,useAnamnesisTemplatesQuery
FNF:2
FNH:2
FNDA:2,fetchAnamnesisTemplates
FNDA:2,useAnamnesisTemplatesQuery
DA:1,1
DA:2,1
DA:3,1
DA:4,1
DA:5,1
DA:6,2
DA:7,2
DA:8,2
DA:9,1
DA:10,1
DA:11,2
DA:12,2
DA:13,2
DA:14,2
LF:14
LH:14
BRDA:5,0,0,2
BRDA:7,1,0,1
BRDA:7,2,0,1
BRDA:10,3,0,2
BRF:4
BRH:4
end_of_record
TN:
SF:src/hooks/useAppointmentsQuery.ts
FN:5,fetchAppointments
FN:16,useAppointmentsQuery
FNF:2
FNH:2
FNDA:9,fetchAppointments
FNDA:10,useAppointmentsQuery
DA:1,1
DA:2,1
DA:3,1
DA:4,1
DA:5,1
DA:6,9
DA:7,9
DA:8,5
DA:9,4
DA:10,2
DA:11,2
DA:12,1
DA:13,1
DA:14,9
DA:15,1
DA:16,1
DA:17,10
DA:18,10
DA:19,10
DA:20,10
LF:20
LH:20
BRDA:5,0,0,9
BRDA:7,1,0,5
BRDA:8,2,0,4
BRDA:9,3,0,2
BRDA:10,4,0,2
BRDA:11,5,0,1
BRDA:12,6,0,1
BRDA:16,7,0,10
BRF:8
BRH:8
end_of_record
TN:
SF:src/hooks/useBIOverviewQuery.ts
FN:5,useBIOverviewQuery
FN:7,queryFn
FN:12,useBIOccupancyQuery
FN:14,queryFn
FN:19,useBIFinancialQuery
FN:21,queryFn
FN:26,useBIClinicalQuery
FN:28,queryFn
FN:33,useBIResourcesQuery
FN:35,queryFn
FN:40,useBIAuthorizationsQuery
FN:42,queryFn
FN:47,useBITeaQuery
FN:49,queryFn
FN:54,useBIReportsQuery
FN:56,queryFn
FN:61,useBICommunicationQuery
FN:63,queryFn
FNF:18
FNH:9
FNDA:1,useBIOverviewQuery
FNDA:0,queryFn
FNDA:1,useBIOccupancyQuery
FNDA:0,queryFn
FNDA:1,useBIFinancialQuery
FNDA:0,queryFn
FNDA:1,useBIClinicalQuery
FNDA:0,queryFn
FNDA:1,useBIResourcesQuery
FNDA:0,queryFn
FNDA:1,useBIAuthorizationsQuery
FNDA:0,queryFn
FNDA:1,useBITeaQuery
FNDA:0,queryFn
FNDA:1,useBIReportsQuery
FNDA:0,queryFn
FNDA:1,useBICommunicationQuery
FNDA:0,queryFn
DA:1,1
DA:2,1
DA:3,1
DA:4,1
DA:5,1
DA:6,1
DA:7,1
DA:8,1
DA:9,1
DA:10,1
DA:11,1
DA:12,1
DA:13,1
DA:14,1
DA:15,1
DA:16,1
DA:17,1
DA:18,1
DA:19,1
DA:20,1
DA:21,1
DA:22,1
DA:23,1
DA:24,1
DA:25,1
DA:26,1
DA:27,1
DA:28,1
DA:29,1
DA:30,1
DA:31,1
DA:32,1
DA:33,1
DA:34,1
DA:35,1
DA:36,1
DA:37,1
DA:38,1
DA:39,1
DA:40,1
DA:41,1
DA:42,1
DA:43,1
DA:44,1
DA:45,1
DA:46,1
DA:47,1
DA:48,1
DA:49,1
DA:50,1
DA:51,1
DA:52,1
DA:53,1
DA:54,1
DA:55,1
DA:56,1
DA:57,1
DA:58,1
DA:59,1
DA:60,1
DA:61,1
DA:62,1
DA:63,1
DA:64,1
DA:65,1
DA:66,1
LF:66
LH:66
BRDA:5,0,0,1
BRDA:12,1,0,1
BRDA:19,2,0,1
BRDA:26,3,0,1
BRDA:33,4,0,1
BRDA:40,5,0,1
BRDA:47,6,0,1
BRDA:54,7,0,1
BRDA:61,8,0,1
BRF:9
BRH:9
end_of_record
TN:
SF:src/hooks/useBranchSettingsQuery.ts
FN:5,fetchBranchSettings
FN:7,useBranchSettingsQuery
FN:9,queryFn
FNF:3
FNH:2
FNDA:1,fetchBranchSettings
FNDA:1,useBranchSettingsQuery
FNDA:0,queryFn
DA:1,1
DA:2,1
DA:3,1
DA:4,1
DA:5,1
DA:6,1
DA:7,1
DA:8,1
DA:9,1
DA:10,1
DA:11,1
DA:12,1
LF:12
LH:12
BRDA:5,0,0,1
BRDA:7,1,0,1
BRDA:8,2,0,0
BRF:3
BRH:2
end_of_record
TN:
SF:src/hooks/useClinicalQueueQuery.ts
FN:7,fetchClinicalQueue
FN:23,useClinicalQueueQuery
FNF:2
FNH:2
FNDA:5,fetchClinicalQueue
FNDA:7,useClinicalQueueQuery
DA:1,1
DA:2,1
DA:3,1
DA:4,1
DA:5,1
DA:6,1
DA:7,1
DA:8,5
DA:9,5
DA:10,5
DA:11,5
DA:12,5
DA:13,5
DA:14,5
DA:15,4
DA:16,1
DA:17,1
DA:18,0
DA:19,0
DA:20,0
DA:21,5
DA:22,1
DA:23,1
DA:24,7
DA:25,7
DA:26,7
DA:27,7
LF:27
LH:24
BRDA:7,0,0,5
BRDA:14,1,0,4
BRDA:15,2,0,1
BRDA:17,3,0,0
BRDA:23,4,0,7
BRF:5
BRH:4
end_of_record
TN:
SF:src/hooks/useConvenioAuthorizationsQuery.ts
FN:14,fetchConvenioAuthorizations
FN:26,useConvenioAuthorizationsQuery
FN:33,queryFn
FNF:3
FNH:3
FNDA:5,fetchConvenioAuthorizations
FNDA:3,useConvenioAuthorizationsQuery
FNDA:2,queryFn
DA:1,1
DA:2,1
DA:3,1
DA:4,1
DA:5,1
DA:6,1
DA:7,1
DA:8,1
DA:9,1
DA:10,1
DA:11,1
DA:12,1
DA:13,1
DA:14,1
DA:15,5
DA:16,5
DA:17,5
DA:18,5
DA:19,5
DA:20,5
DA:21,5
DA:22,5
DA:23,5
DA:24,5
DA:25,1
DA:26,1
DA:27,3
DA:28,3
DA:29,3
DA:30,3
DA:31,3
DA:32,3
DA:33,3
DA:34,3
DA:35,3
LF:35
LH:35
BRDA:14,0,0,5
BRDA:16,1,0,3
BRDA:17,2,0,2
BRDA:18,3,0,4
BRDA:23,4,0,3
BRDA:23,5,0,2
BRDA:26,6,0,3
BRDA:29,7,0,1
BRDA:30,8,0,2
BRDA:31,9,0,1
BRDA:33,10,0,2
BRF:11
BRH:11
end_of_record
TN:
SF:src/hooks/useCurrentUserProfileQuery.ts
FN:6,getCachedUser
FN:11,useCurrentUserProfileQuery
FN:17,queryFn
FNF:3
FNH:2
FNDA:132,getCachedUser
FNDA:132,useCurrentUserProfileQuery
FNDA:0,queryFn
DA:1,1
DA:2,1
DA:3,1
DA:4,1
DA:5,1
DA:6,1
DA:7,132
DA:8,132
DA:9,132
DA:10,1
DA:11,1
DA:12,132
DA:13,132
DA:14,132
DA:15,132
DA:16,132
DA:17,132
DA:18,132
DA:19,132
DA:20,132
DA:21,132
DA:22,132
DA:23,132
DA:24,132
DA:25,132
DA:26,132
DA:27,132
DA:28,132
LF:28
LH:28
BRDA:6,0,0,132
BRDA:8,1,0,1
BRDA:8,2,0,1
BRDA:8,3,0,131
BRDA:11,4,0,132
BRDA:13,5,0,1
BRDA:13,6,0,131
BRDA:19,7,0,131
BRF:8
BRH:8
end_of_record
TN:
SF:src/hooks/useDeliveriesQuery.ts
FN:5,fetchDeliveries
FN:18,useDeliveriesQuery
FNF:2
FNH:2
FNDA:4,fetchDeliveries
FNDA:3,useDeliveriesQuery
DA:1,1
DA:2,1
DA:3,1
DA:4,1
DA:5,1
DA:6,4
DA:7,4
DA:8,2
DA:9,2
DA:10,0
DA:11,2
DA:12,1
DA:13,1
DA:14,0
DA:15,1
DA:16,4
DA:17,1
DA:18,1
DA:19,3
DA:20,3
DA:21,3
DA:22,3
LF:22
LH:20
BRDA:5,0,0,4
BRDA:7,1,0,2
BRDA:8,2,0,2
BRDA:9,3,0,0
BRDA:11,4,0,1
BRDA:11,5,0,1
BRDA:12,6,0,1
BRDA:13,7,0,0
BRDA:18,8,0,3
BRF:9
BRH:7
end_of_record
TN:
SF:src/hooks/useDoctorsAdminQuery.ts
FN:5,fetchDoctorsAdmin
FN:9,useDoctorsAdminQuery
FNF:2
FNH:2
FNDA:7,fetchDoctorsAdmin
FNDA:13,useDoctorsAdminQuery
DA:1,1
DA:2,1
DA:3,1
DA:4,1
DA:5,1
DA:6,7
DA:7,7
DA:8,1
DA:9,1
DA:10,13
DA:11,13
DA:12,13
DA:13,13
LF:13
LH:13
BRDA:5,0,0,7
BRDA:9,1,0,13
BRF:2
BRH:2
end_of_record
TN:
SF:src/hooks/useFinanceEntriesQuery.ts
FN:5,fetchFinanceEntries
FN:16,useFinanceEntriesQuery
FNF:2
FNH:2
FNDA:1,fetchFinanceEntries
FNDA:1,useFinanceEntriesQuery
DA:1,1
DA:2,1
DA:3,1
DA:4,1
DA:5,1
DA:6,1
DA:7,1
DA:8,0
DA:9,1
DA:10,1
DA:11,0
DA:12,0
DA:13,0
DA:14,1
DA:15,1
DA:16,1
DA:17,1
DA:18,1
DA:19,1
DA:20,1
LF:20
LH:16
BRDA:5,0,0,1
BRDA:7,1,0,0
BRDA:10,2,0,0
BRDA:16,3,0,1
BRF:4
BRH:2
end_of_record
TN:
SF:src/hooks/useInsurancesAdminQuery.ts
FN:5,fetchInsurancesAdmin
FN:9,useInsurancesAdminQuery
FNF:2
FNH:2
FNDA:4,fetchInsurancesAdmin
FNDA:9,useInsurancesAdminQuery
DA:1,1
DA:2,1
DA:3,1
DA:4,1
DA:5,1
DA:6,4
DA:7,4
DA:8,1
DA:9,1
DA:10,9
DA:11,9
DA:12,9
DA:13,9
LF:13
LH:13
BRDA:5,0,0,4
BRDA:9,1,0,9
BRF:2
BRH:2
end_of_record
TN:
SF:src/hooks/useInventoryItemsQuery.ts
FN:5,fetchInventoryItems
FN:16,useInventoryItemsQuery
FNF:2
FNH:2
FNDA:5,fetchInventoryItems
FNDA:5,useInventoryItemsQuery
DA:1,1
DA:2,1
DA:3,1
DA:4,1
DA:5,1
DA:6,5
DA:7,5
DA:8,3
DA:9,2
DA:10,1
DA:11,1
DA:12,0
DA:13,1
DA:14,5
DA:15,1
DA:16,1
DA:17,5
DA:18,5
DA:19,5
DA:20,5
LF:20
LH:19
BRDA:5,0,0,5
BRDA:7,1,0,3
BRDA:8,2,0,2
BRDA:9,3,0,1
BRDA:10,4,0,1
BRDA:11,5,0,0
BRDA:16,6,0,5
BRF:7
BRH:6
end_of_record
TN:
SF:src/hooks/useInvoicesQuery.ts
FN:5,fetchInvoices
FN:10,useInvoicesQuery
FNF:2
FNH:2
FNDA:1,fetchInvoices
FNDA:1,useInvoicesQuery
DA:1,1
DA:2,1
DA:3,1
DA:4,1
DA:5,1
DA:6,1
DA:7,1
DA:8,1
DA:9,1
DA:10,1
DA:11,1
DA:12,1
DA:13,1
DA:14,1
LF:14
LH:14
BRDA:5,0,0,1
BRDA:7,1,0,0
BRDA:7,2,0,0
BRDA:10,3,0,1
BRF:4
BRH:2
end_of_record
TN:
SF:src/hooks/useMedicalEquipmentsQuery.ts
FN:5,fetchMedicalEquipments
FN:7,useMedicalEquipmentsQuery
FNF:2
FNH:2
FNDA:2,fetchMedicalEquipments
FNDA:5,useMedicalEquipmentsQuery
DA:1,1
DA:2,1
DA:3,1
DA:4,1
DA:5,1
DA:6,1
DA:7,1
DA:8,5
DA:9,5
DA:10,5
DA:11,5
LF:11
LH:11
BRDA:5,0,0,2
BRDA:7,1,0,5
BRF:2
BRH:2
end_of_record
TN:
SF:src/hooks/useMyTicketsQuery.ts
FN:5,fetchMyTickets
FN:8,useMyTicketsQuery
FN:11,queryFn
FNF:3
FNH:3
FNDA:35,fetchMyTickets
FNDA:67,useMyTicketsQuery
FNDA:33,queryFn
DA:1,1
DA:2,1
DA:3,1
DA:4,1
DA:5,1
DA:6,35
DA:7,1
DA:8,1
DA:9,67
DA:10,67
DA:11,67
DA:12,67
DA:13,67
LF:13
LH:13
BRDA:5,0,0,35
BRDA:8,1,0,67
BRDA:10,2,0,2
BRDA:10,3,0,65
BRDA:10,4,0,2
BRDA:10,5,0,66
BRDA:10,6,0,2
BRDA:11,7,0,33
BRF:8
BRH:8
end_of_record
TN:
SF:src/hooks/useNursingTemplatesQuery.ts
FN:5,fetchNursingTemplates
FN:10,useNursingTemplatesQuery
FNF:2
FNH:2
FNDA:2,fetchNursingTemplates
FNDA:2,useNursingTemplatesQuery
DA:1,1
DA:2,1
DA:3,1
DA:4,1
DA:5,1
DA:6,2
DA:7,2
DA:8,2
DA:9,1
DA:10,1
DA:11,2
DA:12,2
DA:13,2
DA:14,2
LF:14
LH:14
BRDA:5,0,0,2
BRDA:7,1,0,1
BRDA:7,2,0,1
BRDA:10,3,0,2
BRF:4
BRH:4
end_of_record
TN:
SF:src/hooks/usePatientAppointmentsQuery.ts
FN:5,fetchPatientAppointments
FN:19,usePatientAppointmentsQuery
FN:21,queryFn
FNF:3
FNH:2
FNDA:9,fetchPatientAppointments
FNDA:3,usePatientAppointmentsQuery
FNDA:0,queryFn
DA:1,1
DA:2,1
DA:3,1
DA:4,1
DA:5,1
DA:6,9
DA:7,7
DA:8,7
DA:9,3
DA:10,4
DA:11,1
DA:12,3
DA:13,1
DA:14,2
DA:15,1
DA:16,1
DA:17,9
DA:18,1
DA:19,1
DA:20,3
DA:21,3
DA:22,3
DA:23,3
DA:24,3
LF:24
LH:24
BRDA:5,0,0,9
BRDA:6,1,0,2
BRDA:6,2,0,7
BRDA:8,3,0,3
BRDA:9,4,0,4
BRDA:10,5,0,1
BRDA:11,6,0,3
BRDA:12,7,0,2
BRDA:12,8,0,1
BRDA:13,9,0,2
BRDA:14,10,0,1
BRDA:15,11,0,1
BRDA:19,12,0,3
BRDA:20,13,0,2
BRF:14
BRH:14
end_of_record
TN:
SF:src/hooks/usePatientTodayAppointmentsQuery.ts
FN:5,formatLocalDate
FN:21,fetchPatientTodayAppointments
FN:37,usePatientTodayAppointmentsQuery
FN:39,queryFn
FNF:4
FNH:3
FNDA:3,formatLocalDate
FNDA:3,fetchPatientTodayAppointments
FNDA:1,usePatientTodayAppointmentsQuery
FNDA:0,queryFn
DA:1,1
DA:2,1
DA:3,1
DA:4,1
DA:5,1
DA:6,3
DA:7,3
DA:8,3
DA:9,3
DA:10,3
DA:11,1
DA:12,1
DA:13,1
DA:14,1
DA:15,1
DA:16,1
DA:17,1
DA:18,1
DA:19,1
DA:20,1
DA:21,1
DA:22,3
DA:23,3
DA:24,3
DA:25,3
DA:26,3
DA:27,3
DA:28,2
DA:29,2
DA:30,2
DA:31,2
DA:32,2
DA:33,2
DA:34,3
DA:35,3
DA:36,1
DA:37,1
DA:38,1
DA:39,1
DA:40,1
DA:41,1
DA:42,1
LF:42
LH:42
BRDA:5,0,0,3
BRDA:21,1,0,3
BRDA:26,2,0,3
BRDA:26,3,0,0
BRDA:27,4,0,2
BRDA:29,5,0,1
BRDA:29,6,0,1
BRDA:29,7,0,0
BRDA:30,8,0,1
BRDA:30,9,0,0
BRDA:31,10,0,1
BRDA:32,11,0,1
BRDA:33,12,0,1
BRDA:33,13,0,0
BRDA:37,14,0,1
BRF:15
BRH:11
end_of_record
TN:
SF:src/hooks/usePatientsAdminQuery.ts
FN:5,fetchPatientsAdmin
FN:9,usePatientsAdminQuery
FNF:2
FNH:2
FNDA:4,fetchPatientsAdmin
FNDA:9,usePatientsAdminQuery
DA:1,1
DA:2,1
DA:3,1
DA:4,1
DA:5,1
DA:6,4
DA:7,4
DA:8,1
DA:9,1
DA:10,9
DA:11,9
DA:12,9
DA:13,9
LF:13
LH:13
BRDA:5,0,0,4
BRDA:9,1,0,9
BRF:2
BRH:2
end_of_record
TN:
SF:src/hooks/usePreSchedulingsQuery.ts
FN:11,fetchPreSchedulings
FN:21,usePreSchedulingsQuery
FN:23,queryFn
FNF:3
FNH:2
FNDA:1,fetchPreSchedulings
FNDA:1,usePreSchedulingsQuery
FNDA:0,queryFn
DA:1,1
DA:2,1
DA:3,1
DA:4,1
DA:5,1
DA:6,1
DA:7,1
DA:8,1
DA:9,1
DA:10,1
DA:11,1
DA:12,1
DA:13,1
DA:14,1
DA:15,1
DA:16,1
DA:17,1
DA:18,1
DA:19,1
DA:20,1
DA:21,1
DA:22,1
DA:23,1
DA:24,1
DA:25,1
LF:25
LH:25
BRDA:11,0,0,1
BRDA:13,1,0,0
BRDA:18,2,0,0
BRDA:21,3,0,1
BRDA:22,4,0,0
BRDA:22,5,0,0
BRF:6
BRH:2
end_of_record
TN:
SF:src/hooks/useProceduresAdminQuery.ts
FN:5,fetchProceduresAdmin
FN:18,useProceduresAdminQuery
FNF:2
FNH:2
FNDA:8,fetchProceduresAdmin
FNDA:11,useProceduresAdminQuery
DA:1,1
DA:2,1
DA:3,1
DA:4,1
DA:5,1
DA:6,8
DA:7,8
DA:8,7
DA:9,1
DA:10,1
DA:11,0
DA:12,0
DA:13,0
DA:14,0
DA:15,0
DA:16,8
DA:17,1
DA:18,1
DA:19,11
DA:20,11
DA:21,11
DA:22,11
LF:22
LH:17
BRDA:5,0,0,8
BRDA:7,1,0,7
BRDA:8,2,0,1
BRDA:10,3,0,0
BRDA:18,4,0,11
BRF:5
BRH:4
end_of_record
TN:
SF:src/hooks/usePublicBranchInfoQuery.ts
FN:5,usePublicBranchInfoQuery
FN:7,queryFn
FNF:2
FNH:2
FNDA:4,usePublicBranchInfoQuery
FNDA:1,queryFn
DA:1,1
DA:2,1
DA:3,1
DA:4,1
DA:5,1
DA:6,4
DA:7,4
DA:8,4
DA:9,4
DA:10,4
LF:10
LH:10
BRDA:5,0,0,4
BRDA:6,1,0,3
BRDA:8,2,0,1
BRDA:7,3,0,1
BRDA:7,4,0,0
BRF:5
BRH:4
end_of_record
TN:
SF:src/hooks/usePublicPreSchedulingMetaQuery.ts
FN:5,usePublicPreSchedulingMetaQuery
FN:7,queryFn
FNF:2
FNH:2
FNDA:3,usePublicPreSchedulingMetaQuery
FNDA:1,queryFn
DA:1,1
DA:2,1
DA:3,1
DA:4,1
DA:5,1
DA:6,3
DA:7,3
DA:8,3
DA:9,3
DA:10,3
LF:10
LH:10
BRDA:5,0,0,3
BRDA:6,1,0,1
BRDA:7,2,0,1
BRDA:7,3,0,0
BRF:4
BRH:3
end_of_record
TN:
SF:src/hooks/useReceptionQueueQuery.ts
FN:7,fetchReceptionQueue
FN:21,useReceptionQueueQuery
FNF:2
FNH:2
FNDA:1,fetchReceptionQueue
FNDA:1,useReceptionQueueQuery
DA:1,1
DA:2,1
DA:3,1
DA:4,1
DA:5,1
DA:6,1
DA:7,1
DA:8,1
DA:9,1
DA:10,1
DA:11,1
DA:12,1
DA:13,0
DA:14,1
DA:15,1
DA:16,0
DA:17,0
DA:18,0
DA:19,1
DA:20,1
DA:21,1
DA:22,1
DA:23,1
DA:24,1
DA:25,1
LF:25
LH:21
BRDA:7,0,0,1
BRDA:12,1,0,0
BRDA:15,2,0,0
BRDA:21,3,0,1
BRF:4
BRH:2
end_of_record
TN:
SF:src/hooks/useReportAddendumDraftQuery.ts
FN:5,fetchReportAddendumDraft
FN:16,useReportAddendumDraftQuery
FN:18,queryFn
FNF:3
FNH:3
FNDA:5,fetchReportAddendumDraft
FNDA:3,useReportAddendumDraftQuery
FNDA:1,queryFn
DA:1,1
DA:2,1
DA:3,1
DA:4,1
DA:5,1
DA:6,5
DA:7,4
DA:8,4
DA:9,4
DA:10,0
DA:11,4
DA:12,5
DA:13,5
DA:14,5
DA:15,1
DA:16,1
DA:17,3
DA:18,3
DA:19,3
DA:20,3
LF:20
LH:19
BRDA:5,0,0,5
BRDA:6,1,0,1
BRDA:6,2,0,4
BRDA:9,3,0,0
BRDA:10,4,0,4
BRDA:11,5,0,3
BRDA:11,6,0,1
BRDA:13,7,0,3
BRDA:16,8,0,3
BRDA:17,9,0,1
BRDA:19,10,0,2
BRDA:18,11,0,1
BRF:12
BRH:11
end_of_record
TN:
SF:src/hooks/useReportExamsPageDataQuery.ts
FN:8,fetchReportExamsPageData
FN:24,useReportExamsPageDataQuery
FNF:2
FNH:2
FNDA:2,fetchReportExamsPageData
FNDA:2,useReportExamsPageDataQuery
DA:1,1
DA:2,1
DA:3,1
DA:4,1
DA:5,1
DA:6,1
DA:7,1
DA:8,1
DA:9,2
DA:10,2
DA:11,2
DA:12,2
DA:13,2
DA:14,2
DA:15,2
DA:16,2
DA:17,2
DA:18,2
DA:19,2
DA:20,2
DA:21,2
DA:22,2
DA:23,1
DA:24,1
DA:25,2
DA:26,2
DA:27,2
DA:28,2
LF:28
LH:28
BRDA:8,0,0,2
BRDA:24,1,0,2
BRF:2
BRH:2
end_of_record
TN:
SF:src/hooks/useReportPreviousReportsQuery.ts
FN:14,fetchReportPreviousReports
FN:36,useReportPreviousReportsQuery
FN:38,queryFn
FNF:3
FNH:2
FNDA:6,fetchReportPreviousReports
FNDA:2,useReportPreviousReportsQuery
FNDA:0,queryFn
DA:1,1
DA:2,1
DA:3,1
DA:4,1
DA:5,1
DA:6,1
DA:7,1
DA:8,1
DA:9,1
DA:10,1
DA:11,1
DA:12,1
DA:13,1
DA:14,1
DA:15,6
DA:16,5
DA:17,5
DA:18,5
DA:19,3
DA:20,2
DA:21,1
DA:22,1
DA:23,1
DA:24,0
DA:25,6
DA:26,6
DA:27,5
DA:28,5
DA:29,5
DA:30,5
DA:31,5
DA:32,5
DA:33,6
DA:34,6
DA:35,1
DA:36,1
DA:37,2
DA:38,2
DA:39,2
DA:40,2
DA:41,2
LF:41
LH:40
BRDA:14,0,0,6
BRDA:15,1,0,1
BRDA:15,2,0,5
BRDA:18,3,0,3
BRDA:19,4,0,2
BRDA:20,5,0,1
BRDA:21,6,0,1
BRDA:23,7,0,0
BRDA:26,8,0,5
BRDA:27,9,0,1
BRDA:28,10,0,4
BRDA:29,11,0,4
BRDA:30,12,0,4
BRDA:31,13,0,4
BRDA:31,14,0,3
BRDA:32,15,0,3
BRDA:33,16,0,5
BRDA:36,17,0,2
BRF:18
BRH:17
end_of_record
TN:
SF:src/hooks/useReportSettingsQuery.ts
FN:10,fetchReportSettingsData
FN:30,useReportSettingsQuery
FNF:2
FNH:2
FNDA:2,fetchReportSettingsData
FNDA:2,useReportSettingsQuery
DA:1,1
DA:2,1
DA:3,1
DA:4,1
DA:5,1
DA:6,1
DA:7,1
DA:8,1
DA:9,1
DA:10,1
DA:11,2
DA:12,2
DA:13,2
DA:14,2
DA:15,2
DA:16,2
DA:17,2
DA:18,2
DA:19,2
DA:20,2
DA:21,2
DA:22,2
DA:23,2
DA:24,2
DA:25,2
DA:26,2
DA:27,2
DA:28,2
DA:29,1
DA:30,1
DA:31,2
DA:32,2
DA:33,2
DA:34,2
LF:34
LH:34
BRDA:10,0,0,2
BRDA:30,1,0,2
BRF:2
BRH:2
end_of_record
TN:
SF:src/hooks/useReportsQuery.ts
FN:5,fetchReports
FN:16,useReportsQuery
FNF:2
FNH:2
FNDA:6,fetchReports
FNDA:3,useReportsQuery
DA:1,1
DA:2,1
DA:3,1
DA:4,1
DA:5,1
DA:6,6
DA:7,6
DA:8,2
DA:9,4
DA:10,2
DA:11,2
DA:12,1
DA:13,1
DA:14,6
DA:15,1
DA:16,1
DA:17,3
DA:18,3
DA:19,3
DA:20,3
LF:20
LH:20
BRDA:5,0,0,6
BRDA:7,1,0,2
BRDA:8,2,0,4
BRDA:9,3,0,2
BRDA:10,4,0,2
BRDA:11,5,0,1
BRDA:12,6,0,1
BRDA:16,7,0,3
BRF:8
BRH:8
end_of_record
TN:
SF:src/hooks/useRoomsAdminQuery.ts
FN:5,fetchRoomsAdmin
FN:18,useRoomsAdminQuery
FNF:2
FNH:2
FNDA:4,fetchRoomsAdmin
FNDA:7,useRoomsAdminQuery
DA:1,1
DA:2,1
DA:3,1
DA:4,1
DA:5,1
DA:6,4
DA:7,4
DA:8,4
DA:9,0
DA:10,0
DA:11,0
DA:12,0
DA:13,0
DA:14,0
DA:15,0
DA:16,4
DA:17,1
DA:18,1
DA:19,7
DA:20,7
DA:21,7
DA:22,7
LF:22
LH:15
BRDA:5,0,0,4
BRDA:8,1,0,0
BRDA:18,2,0,7
BRF:3
BRH:2
end_of_record
TN:
SF:src/hooks/useSettingsAccessesQuery.ts
FN:5,fetchSettingsAccesses
FN:7,useSettingsAccessesQuery
FNF:2
FNH:2
FNDA:1,fetchSettingsAccesses
FNDA:1,useSettingsAccessesQuery
DA:1,1
DA:2,1
DA:3,1
DA:4,1
DA:5,1
DA:6,1
DA:7,1
DA:8,1
DA:9,1
DA:10,1
DA:11,1
LF:11
LH:11
BRDA:5,0,0,1
BRDA:7,1,0,1
BRF:2
BRH:2
end_of_record
TN:
SF:src/hooks/useSettingsBranchesQuery.ts
FN:5,fetchSettingsBranches
FN:7,useSettingsBranchesQuery
FNF:2
FNH:2
FNDA:3,fetchSettingsBranches
FNDA:5,useSettingsBranchesQuery
DA:1,1
DA:2,1
DA:3,1
DA:4,1
DA:5,1
DA:6,1
DA:7,1
DA:8,5
DA:9,5
DA:10,5
DA:11,5
LF:11
LH:11
BRDA:5,0,0,3
BRDA:7,1,0,5
BRF:2
BRH:2
end_of_record
TN:
SF:src/hooks/useSettingsCompaniesQuery.ts
FN:5,fetchSettingsCompanies
FN:7,useSettingsCompaniesQuery
FNF:2
FNH:2
FNDA:1,fetchSettingsCompanies
FNDA:1,useSettingsCompaniesQuery
DA:1,1
DA:2,1
DA:3,1
DA:4,1
DA:5,1
DA:6,1
DA:7,1
DA:8,1
DA:9,1
DA:10,1
DA:11,1
LF:11
LH:11
BRDA:5,0,0,1
BRDA:7,1,0,1
BRF:2
BRH:2
end_of_record
TN:
SF:src/hooks/useSettingsDoctorsQuery.ts
FN:5,fetchSettingsDoctors
FN:7,useSettingsDoctorsQuery
FNF:2
FNH:2
FNDA:1,fetchSettingsDoctors
FNDA:1,useSettingsDoctorsQuery
DA:1,1
DA:2,1
DA:3,1
DA:4,1
DA:5,1
DA:6,1
DA:7,1
DA:8,1
DA:9,1
DA:10,1
DA:11,1
LF:11
LH:11
BRDA:5,0,0,1
BRDA:7,1,0,1
BRF:2
BRH:2
end_of_record
TN:
SF:src/hooks/useSettingsModulesQuery.ts
FN:5,fetchSettingsModules
FN:7,useSettingsModulesQuery
FNF:2
FNH:2
FNDA:1,fetchSettingsModules
FNDA:1,useSettingsModulesQuery
DA:1,1
DA:2,1
DA:3,1
DA:4,1
DA:5,1
DA:6,1
DA:7,1
DA:8,1
DA:9,1
DA:10,1
DA:11,1
LF:11
LH:11
BRDA:5,0,0,1
BRDA:7,1,0,1
BRF:2
BRH:2
end_of_record
TN:
SF:src/hooks/useSettingsSectorsQuery.ts
FN:5,fetchSettingsSectors
FN:7,useSettingsSectorsQuery
FNF:2
FNH:2
FNDA:1,fetchSettingsSectors
FNDA:1,useSettingsSectorsQuery
DA:1,1
DA:2,1
DA:3,1
DA:4,1
DA:5,1
DA:6,1
DA:7,1
DA:8,1
DA:9,1
DA:10,1
DA:11,1
LF:11
LH:11
BRDA:5,0,0,1
BRDA:7,1,0,1
BRF:2
BRH:2
end_of_record
TN:
SF:src/hooks/useSettingsUsersQuery.ts
FN:5,fetchSettingsUsers
FN:7,useSettingsUsersQuery
FNF:2
FNH:2
FNDA:1,fetchSettingsUsers
FNDA:1,useSettingsUsersQuery
DA:1,1
DA:2,1
DA:3,1
DA:4,1
DA:5,1
DA:6,1
DA:7,1
DA:8,1
DA:9,1
DA:10,1
DA:11,1
LF:11
LH:11
BRDA:5,0,0,1
BRDA:7,1,0,1
BRF:2
BRH:2
end_of_record
TN:
SF:src/hooks/useTeaCancellationTherapiesQuery.ts
FN:10,fetchTeaCancellationTherapies
FN:19,useTeaCancellationTherapiesQuery
FN:21,queryFn
FNF:3
FNH:2
FNDA:2,fetchTeaCancellationTherapies
FNDA:2,useTeaCancellationTherapiesQuery
FNDA:0,queryFn
DA:1,1
DA:2,1
DA:3,1
DA:4,1
DA:5,1
DA:6,1
DA:7,1
DA:8,1
DA:9,1
DA:10,1
DA:11,2
DA:12,1
DA:13,1
DA:14,1
DA:15,1
DA:16,2
DA:17,2
DA:18,1
DA:19,1
DA:20,2
DA:21,2
DA:22,2
DA:23,2
DA:24,2
LF:24
LH:24
BRDA:10,0,0,2
BRDA:11,1,0,1
BRDA:16,2,0,1
BRDA:16,3,0,0
BRDA:19,4,0,2
BRDA:20,5,0,1
BRDA:20,6,0,1
BRF:7
BRH:6
end_of_record
TN:
SF:src/hooks/useTeaEvolutionTemplatesQuery.ts
FN:5,fetchTeaEvolutionTemplates
FN:18,useTeaEvolutionTemplatesQuery
FNF:2
FNH:2
FNDA:2,fetchTeaEvolutionTemplates
FNDA:2,useTeaEvolutionTemplatesQuery
DA:1,1
DA:2,1
DA:3,1
DA:4,1
DA:5,1
DA:6,2
DA:7,2
DA:8,1
DA:9,1
DA:10,1
DA:11,0
DA:12,0
DA:13,0
DA:14,0
DA:15,0
DA:16,2
DA:17,1
DA:18,1
DA:19,2
DA:20,2
DA:21,2
DA:22,2
LF:22
LH:17
BRDA:5,0,0,2
BRDA:7,1,0,1
BRDA:8,2,0,1
BRDA:10,3,0,0
BRDA:18,4,0,2
BRF:5
BRH:4
end_of_record
TN:
SF:src/hooks/useTeaEvolutionsQuery.ts
FN:5,fetchTeaEvolutions
FN:19,useTeaEvolutionsQuery
FN:21,queryFn
FNF:3
FNH:2
FNDA:2,fetchTeaEvolutions
FNDA:2,useTeaEvolutionsQuery
FNDA:0,queryFn
DA:1,1
DA:2,1
DA:3,1
DA:4,1
DA:5,1
DA:6,2
DA:7,1
DA:8,1
DA:9,0
DA:10,1
DA:11,1
DA:12,0
DA:13,0
DA:14,0
DA:15,0
DA:16,0
DA:17,2
DA:18,1
DA:19,1
DA:20,2
DA:21,2
DA:22,2
DA:23,2
DA:24,2
LF:24
LH:18
BRDA:5,0,0,2
BRDA:6,1,0,1
BRDA:8,2,0,0
BRDA:9,3,0,1
BRDA:11,4,0,0
BRDA:19,5,0,2
BRDA:20,6,0,1
BRF:7
BRH:5
end_of_record
TN:
SF:src/hooks/useTeaPitQuery.ts
FN:5,fetchTeaPit
FN:10,useTeaPitQuery
FN:12,queryFn
FNF:3
FNH:2
FNDA:2,fetchTeaPit
FNDA:3,useTeaPitQuery
FNDA:0,queryFn
DA:1,1
DA:2,1
DA:3,1
DA:4,1
DA:5,1
DA:6,2
DA:7,1
DA:8,1
DA:9,1
DA:10,1
DA:11,3
DA:12,3
DA:13,3
DA:14,3
DA:15,3
LF:15
LH:15
BRDA:5,0,0,2
BRDA:6,1,0,1
BRDA:10,2,0,3
BRF:3
BRH:3
end_of_record
TN:
SF:src/hooks/useTeaPlansQuery.ts
FN:11,fetchTeaPlans
FN:28,useTeaPlansQuery
FN:30,queryFn
FNF:3
FNH:3
FNDA:8,fetchTeaPlans
FNDA:5,useTeaPlansQuery
FNDA:1,queryFn
DA:1,1
DA:2,1
DA:3,1
DA:4,1
DA:5,1
DA:6,1
DA:7,1
DA:8,1
DA:9,1
DA:10,1
DA:11,1
DA:12,8
DA:13,7
DA:14,7
DA:15,7
DA:16,7
DA:17,7
DA:18,1
DA:19,6
DA:20,2
DA:21,4
DA:22,2
DA:23,2
DA:24,1
DA:25,1
DA:26,8
DA:27,1
DA:28,1
DA:29,5
DA:30,5
DA:31,5
DA:32,5
DA:33,5
LF:33
LH:33
BRDA:11,0,0,8
BRDA:12,1,0,1
BRDA:12,2,0,7
BRDA:17,3,0,1
BRDA:18,4,0,6
BRDA:19,5,0,2
BRDA:20,6,0,4
BRDA:21,7,0,3
BRDA:21,8,0,2
BRDA:22,9,0,2
BRDA:23,10,0,1
BRDA:24,11,0,1
BRDA:28,12,0,5
BRDA:29,13,0,4
BRDA:29,14,0,0
BRDA:30,15,0,1
BRF:16
BRH:15
end_of_record
TN:
SF:src/hooks/useTeaProfilesQuery.ts
FN:10,fetchTeaProfiles
FN:29,useTeaProfilesQuery
FN:31,queryFn
FNF:3
FNH:3
FNDA:8,fetchTeaProfiles
FNDA:9,useTeaProfilesQuery
FNDA:7,queryFn
DA:1,1
DA:2,1
DA:3,1
DA:4,1
DA:5,1
DA:6,1
DA:7,1
DA:8,1
DA:9,1
DA:10,1
DA:11,8
DA:12,8
DA:13,8
DA:14,8
DA:15,8
DA:16,8
DA:17,8
DA:18,8
DA:19,7
DA:20,1
DA:21,1
DA:22,0
DA:23,0
DA:24,0
DA:25,0
DA:26,0
DA:27,8
DA:28,1
DA:29,1
DA:30,9
DA:31,9
DA:32,9
DA:33,9
LF:33
LH:28
BRDA:10,0,0,8
BRDA:12,1,0,2
BRDA:13,2,0,2
BRDA:18,3,0,7
BRDA:19,4,0,1
BRDA:21,5,0,0
BRDA:29,6,0,9
BRDA:30,7,0,3
BRDA:30,8,0,3
BRDA:30,9,0,1
BRDA:30,10,0,8
BRDA:31,11,0,7
BRF:12
BRH:11
end_of_record
TN:
SF:src/hooks/useTeaReportQuery.ts
FN:11,fetchTeaReport
FN:19,useTeaReportQuery
FN:21,queryFn
FNF:3
FNH:2
FNDA:2,fetchTeaReport
FNDA:2,useTeaReportQuery
FNDA:0,queryFn
DA:1,1
DA:2,1
DA:3,1
DA:4,1
DA:5,1
DA:6,1
DA:7,1
DA:8,1
DA:9,1
DA:10,1
DA:11,1
DA:12,2
DA:13,1
DA:14,1
DA:15,2
DA:16,2
DA:17,2
DA:18,1
DA:19,1
DA:20,2
DA:21,2
DA:22,2
DA:23,2
DA:24,2
LF:24
LH:24
BRDA:11,0,0,2
BRDA:12,1,0,1
BRDA:15,2,0,1
BRDA:19,3,0,2
BRF:4
BRH:4
end_of_record
TN:
SF:src/hooks/useTissBatchesQuery.ts
FN:5,fetchTissBatches
FN:10,useTissBatchesQuery
FNF:2
FNH:2
FNDA:1,fetchTissBatches
FNDA:1,useTissBatchesQuery
DA:1,1
DA:2,1
DA:3,1
DA:4,1
DA:5,1
DA:6,1
DA:7,1
DA:8,1
DA:9,1
DA:10,1
DA:11,1
DA:12,1
DA:13,1
DA:14,1
DA:15,1
LF:15
LH:15
BRDA:5,0,0,1
BRDA:7,1,0,0
BRDA:10,2,0,1
BRF:3
BRH:2
end_of_record
TN:
SF:src/hooks/useWhatsAppConfigQuery.ts
FN:6,fetchWhatsAppConfig
FN:11,useWhatsAppConfigQuery
FN:16,queryFn
FNF:3
FNH:3
FNDA:4,fetchWhatsAppConfig
FNDA:4,useWhatsAppConfigQuery
FNDA:3,queryFn
DA:1,1
DA:2,1
DA:3,1
DA:4,1
DA:5,1
DA:6,1
DA:7,4
DA:8,4
DA:9,4
DA:10,1
DA:11,1
DA:12,4
DA:13,4
DA:14,4
DA:15,4
DA:16,4
DA:17,4
DA:18,4
LF:18
LH:18
BRDA:6,0,0,4
BRDA:11,1,0,4
BRDA:15,2,0,2
BRDA:15,3,0,2
BRDA:15,4,0,2
BRDA:15,5,0,3
BRDA:16,6,0,3
BRF:7
BRH:7
end_of_record
TN:
SF:src/hooks/useWhatsAppPageDataQuery.ts
FN:5,fetchWhatsAppPageData
FN:21,useWhatsAppPageDataQuery
FNF:2
FNH:2
FNDA:2,fetchWhatsAppPageData
FNDA:2,useWhatsAppPageDataQuery
DA:1,1
DA:2,1
DA:3,1
DA:4,1
DA:5,1
DA:6,2
DA:7,2
DA:8,2
DA:9,2
DA:10,2
DA:11,2
DA:12,2
DA:13,2
DA:14,2
DA:15,2
DA:16,2
DA:17,2
DA:18,2
DA:19,2
DA:20,1
DA:21,1
DA:22,2
DA:23,2
DA:24,2
DA:25,2
LF:25
LH:25
BRDA:5,0,0,2
BRDA:14,1,0,0
BRDA:15,2,0,0
BRDA:16,3,0,0
BRDA:17,4,0,1
BRDA:17,5,0,1
BRDA:21,6,0,2
BRF:7
BRH:4
end_of_record
TN:
SF:src/lib/apiError.ts
FN:25,toStringValue
FN:52,prettifyFieldName
FN:70,extractFieldFromMessage
FN:83,resolveRequiredFieldsMessage
FN:88,registerField
FN:92,isRequiredMessage
FN:123,isLikelyEnglishError
FN:131,resolveApiErrorMessage
FN:171,showApiErrorToast
FNF:9
FNH:8
FNDA:10,toStringValue
FNDA:2,prettifyFieldName
FNDA:0,extractFieldFromMessage
FNDA:8,resolveRequiredFieldsMessage
FNDA:2,registerField
FNDA:3,isRequiredMessage
FNDA:2,isLikelyEnglishError
FNDA:8,resolveApiErrorMessage
FNDA:1,showApiErrorToast
DA:1,1
DA:2,1
DA:3,1
DA:4,1
DA:5,1
DA:6,1
DA:7,1
DA:8,1
DA:9,1
DA:10,1
DA:11,1
DA:12,1
DA:13,1
DA:14,1
DA:15,1
DA:16,1
DA:17,1
DA:18,1
DA:19,1
DA:20,1
DA:21,1
DA:22,1
DA:23,1
DA:24,1
DA:25,1
DA:26,1
DA:27,1
DA:28,1
DA:29,1
DA:30,1
DA:31,1
DA:32,1
DA:33,1
DA:34,1
DA:35,1
DA:36,1
DA:37,1
DA:38,1
DA:39,1
DA:40,1
DA:41,1
DA:42,1
DA:43,1
DA:44,1
DA:45,1
DA:46,1
DA:47,1
DA:48,1
DA:49,1
DA:50,1
DA:51,1
DA:52,1
DA:53,2
DA:54,2
DA:55,2
DA:56,2
DA:57,2
DA:58,2
DA:59,2
DA:60,2
DA:61,0
DA:62,0
DA:63,0
DA:64,0
DA:65,0
DA:66,0
DA:67,0
DA:68,0
DA:69,1
DA:70,1
DA:71,0
DA:72,0
DA:73,0
DA:74,0
DA:75,0
DA:76,0
DA:77,0
DA:78,0
DA:79,0
DA:80,0
DA:81,0
DA:82,1
DA:83,1
DA:84,8
DA:85,8
DA:86,7
DA:87,7
DA:88,7
DA:89,2
DA:90,2
DA:91,2
DA:92,7
DA:93,7
DA:94,7
DA:95,8
DA:96,1
DA:97,3
DA:98,3
DA:99,3
DA:100,1
DA:101,1
DA:102,7
DA:103,7
DA:104,0
DA:105,7
DA:106,0
DA:107,7
DA:108,8
DA:109,8
DA:110,0
DA:111,0
DA:112,0
DA:113,0
DA:114,8
DA:115,8
DA:116,8
DA:117,1
DA:118,1
DA:119,1
DA:120,1
DA:121,1
DA:122,1
DA:123,1
DA:124,2
DA:125,2
DA:126,2
DA:127,2
DA:128,2
DA:129,2
DA:130,1
DA:131,1
DA:132,8
DA:133,8
DA:134,7
DA:135,7
DA:136,8
DA:137,7
DA:138,7
DA:139,7
DA:140,7
DA:141,7
DA:142,1
DA:143,1
DA:144,8
DA:145,8
DA:146,8
DA:147,7
DA:148,7
DA:149,7
DA:150,8
DA:151,1
DA:152,1
DA:153,6
DA:154,8
DA:155,71
DA:156,71
DA:157,5
DA:158,8
DA:159,8
DA:160,8
DA:161,8
DA:162,8
DA:163,8
DA:164,8
DA:165,2
DA:166,8
DA:167,1
DA:168,1
DA:169,1
DA:170,1
DA:171,1
DA:172,1
DA:173,1
DA:174,1
DA:175,1
DA:176,1
DA:177,1
DA:178,1
DA:179,1
DA:180,1
DA:181,1
DA:182,1
LF:182
LH:157
BRDA:25,0,0,10
BRDA:25,1,0,0
BRDA:52,2,0,2
BRDA:53,3,0,0
BRDA:58,4,0,0
BRDA:60,5,0,0
BRDA:83,6,0,8
BRDA:84,7,0,7
BRDA:85,8,0,7
BRDA:85,9,0,1
BRDA:85,10,0,7
BRDA:95,11,0,1
BRDA:95,12,0,1
BRDA:95,13,0,1
BRDA:101,14,0,7
BRDA:103,15,0,0
BRDA:104,16,0,7
BRDA:105,17,0,0
BRDA:116,18,0,6
BRDA:116,19,0,1
BRDA:88,20,0,2
BRDA:92,21,0,3
BRDA:92,22,0,11
BRDA:96,23,0,3
BRDA:97,24,0,0
BRDA:99,25,0,2
BRDA:98,26,0,3
BRDA:123,27,0,2
BRDA:124,28,0,0
BRDA:128,29,0,1
BRDA:131,30,0,8
BRDA:133,31,0,1
BRDA:133,32,0,7
BRDA:136,33,0,6
BRDA:136,34,0,7
BRDA:137,35,0,6
BRDA:137,36,0,7
BRDA:138,37,0,6
BRDA:138,38,0,7
BRDA:139,39,0,7
BRDA:140,40,0,6
BRDA:140,41,0,7
BRDA:141,42,0,6
BRDA:141,43,0,1
BRDA:142,44,0,0
BRDA:142,45,0,1
BRDA:146,46,0,0
BRDA:146,47,0,7
BRDA:150,48,0,1
BRDA:152,49,0,6
BRDA:154,50,0,71
BRDA:155,51,0,1
BRDA:156,52,0,5
BRDA:158,53,0,0
BRDA:159,54,0,0
BRDA:159,55,0,5
BRDA:160,56,0,0
BRDA:160,57,0,5
BRDA:161,58,0,1
BRDA:161,59,0,4
BRDA:162,60,0,1
BRDA:162,61,0,3
BRDA:163,62,0,0
BRDA:163,63,0,3
BRDA:164,64,0,1
BRDA:164,65,0,2
BRDA:166,66,0,1
BRDA:171,67,0,1
BRF:68
BRH:54
end_of_record
TN:
SF:src/lib/queryKeys.ts
FNF:0
FNH:0
DA:1,1
DA:2,1
DA:3,1
DA:4,1
DA:5,1
DA:6,1
DA:7,1
DA:8,1
DA:9,1
DA:10,1
DA:11,1
DA:12,1
DA:13,1
DA:14,1
DA:15,1
DA:16,1
DA:17,1
DA:18,1
DA:19,1
DA:20,1
DA:21,1
DA:22,1
DA:23,1
DA:24,1
DA:25,1
DA:26,1
DA:27,1
DA:28,1
DA:29,1
DA:30,1
DA:31,1
DA:32,1
DA:33,1
DA:34,1
DA:35,1
DA:36,1
DA:37,1
DA:38,1
DA:39,1
DA:40,1
DA:41,1
DA:42,1
DA:43,1
DA:44,1
DA:45,1
DA:46,1
DA:47,1
DA:48,1
DA:49,1
DA:50,1
DA:51,1
DA:52,1
DA:53,1
DA:54,1
DA:55,1
DA:56,1
DA:57,1
DA:58,1
DA:59,1
DA:60,1
DA:61,1
DA:62,1
DA:63,1
DA:64,1
DA:65,1
DA:66,1
DA:67,1
DA:68,1
DA:69,1
DA:70,1
LF:70
LH:70
BRF:0
BRH:0
end_of_record
TN:
SF:src/lib/reportLayout.ts
FN:25,normalizeReportLayout
FN:27,numberValue
FN:48,escapeHtml
FNF:3
FNH:3
FNDA:6,normalizeReportLayout
FNDA:30,numberValue
FNDA:3,escapeHtml
DA:1,1
DA:2,1
DA:3,1
DA:4,1
DA:5,1
DA:6,1
DA:7,1
DA:8,1
DA:9,1
DA:10,1
DA:11,1
DA:12,1
DA:13,1
DA:14,1
DA:15,1
DA:16,1
DA:17,1
DA:18,1
DA:19,1
DA:20,1
DA:21,1
DA:22,1
DA:23,1
DA:24,1
DA:25,1
DA:26,6
DA:27,6
DA:28,30
DA:29,30
DA:30,30
DA:31,6
DA:32,6
DA:33,6
DA:34,6
DA:35,6
DA:36,6
DA:37,6
DA:38,6
DA:39,6
DA:40,6
DA:41,6
DA:42,6
DA:43,6
DA:44,6
DA:45,6
DA:46,6
DA:47,1
DA:48,1
DA:49,3
DA:50,3
DA:51,3
DA:52,3
DA:53,3
LF:53
LH:53
BRDA:25,0,0,6
BRDA:26,1,0,2
BRDA:26,2,0,2
BRDA:26,3,0,4
BRDA:35,4,0,1
BRDA:35,5,0,5
BRDA:36,6,0,1
BRDA:36,7,0,5
BRDA:27,8,0,30
BRDA:29,9,0,2
BRDA:29,10,0,28
BRDA:48,11,0,3
BRDA:48,12,0,2
BRF:13
BRH:13
end_of_record
TN:
SF:src/services/accessService.ts
FN:21,listAccesses
FN:26,createAccess
FN:31,updateAccess
FN:36,deleteAccess
FNF:4
FNH:4
FNDA:1,listAccesses
FNDA:1,createAccess
FNDA:1,updateAccess
FNDA:1,deleteAccess
DA:1,1
DA:2,1
DA:3,1
DA:4,1
DA:5,1
DA:6,1
DA:7,1
DA:8,1
DA:9,1
DA:10,1
DA:11,1
DA:12,1
DA:13,1
DA:14,1
DA:15,1
DA:16,1
DA:17,1
DA:18,1
DA:19,1
DA:20,1
DA:21,1
DA:22,1
DA:23,1
DA:24,1
DA:25,1
DA:26,1
DA:27,1
DA:28,1
DA:29,1
DA:30,1
DA:31,1
DA:32,1
DA:33,1
DA:34,1
DA:35,1
DA:36,1
DA:37,1
DA:38,1
DA:39,1
DA:40,1
DA:41,1
DA:42,1
LF:42
LH:42
BRDA:21,0,0,1
BRDA:26,1,0,1
BRDA:31,2,0,1
BRDA:36,3,0,1
BRF:4
BRH:4
end_of_record
TN:
SF:src/services/appointmentAttachmentService.ts
FN:12,uploadAttachment
FN:20,listAttachments
FN:25,viewAttachment
FNF:3
FNH:3
FNDA:1,uploadAttachment
FNDA:1,listAttachments
FNDA:1,viewAttachment
DA:1,1
DA:2,1
DA:3,1
DA:4,1
DA:5,1
DA:6,1
DA:7,1
DA:8,1
DA:9,1
DA:10,1
DA:11,1
DA:12,1
DA:13,1
DA:14,1
DA:15,1
DA:16,1
DA:17,1
DA:18,1
DA:19,1
DA:20,1
DA:21,1
DA:22,1
DA:23,1
DA:24,1
DA:25,1
DA:26,1
DA:27,1
DA:28,1
DA:29,1
DA:30,1
DA:31,1
LF:31
LH:31
BRDA:12,0,0,1
BRDA:20,1,0,1
BRDA:25,2,0,1
BRF:3
BRH:3
end_of_record
TN:
SF:src/services/appointmentService.ts
FN:30,list
FN:49,create
FN:55,getById
FN:61,update
FN:67,remove
FN:73,createWorklist
FNF:6
FNH:6
FNDA:6,list
FNDA:1,create
FNDA:1,getById
FNDA:1,update
FNDA:1,remove
FNDA:1,createWorklist
DA:1,1
DA:2,1
DA:3,1
DA:4,1
DA:5,1
DA:6,1
DA:7,1
DA:8,1
DA:9,1
DA:10,1
DA:11,1
DA:12,1
DA:13,1
DA:14,1
DA:15,1
DA:16,1
DA:17,1
DA:18,1
DA:19,1
DA:20,1
DA:21,1
DA:22,1
DA:23,1
DA:24,1
DA:25,1
DA:26,1
DA:27,1
DA:28,1
DA:29,1
DA:30,1
DA:31,6
DA:32,6
DA:33,6
DA:34,6
DA:35,6
DA:36,6
DA:37,6
DA:38,6
DA:39,6
DA:40,6
DA:41,6
DA:42,6
DA:43,6
DA:44,6
DA:45,6
DA:46,6
DA:47,6
DA:48,1
DA:49,1
DA:50,1
DA:51,1
DA:52,1
DA:53,1
DA:54,1
DA:55,1
DA:56,1
DA:57,1
DA:58,1
DA:59,1
DA:60,1
DA:61,1
DA:62,1
DA:63,1
DA:64,1
DA:65,1
DA:66,1
DA:67,1
DA:68,1
DA:69,1
DA:70,1
DA:71,1
DA:72,1
DA:73,1
DA:74,1
DA:75,1
DA:76,1
DA:77,1
DA:78,1
LF:78
LH:78
BRDA:30,0,0,6
BRDA:49,1,0,1
BRDA:55,2,0,1
BRDA:61,3,0,1
BRDA:67,4,0,1
BRDA:73,5,0,1
BRF:6
BRH:6
end_of_record
TN:
SF:src/services/authService.ts
FN:14,emitAuthChanged
FN:20,storeAuthenticatedUser
FN:25,hydrateAndStoreAuthenticatedUser
FN:42,login
FN:56,loginAdm
FN:70,register
FN:84,registerCompany
FN:98,logout
FN:107,sendResetCode
FN:114,verifyResetCode
FN:121,resetPassword
FN:128,requestAdmRegisterCode
FN:136,verifyAdmRegisterCode
FN:150,getCurrentUser
FN:164,isAuthenticated
FN:171,getToken
FNF:16
FNH:15
FNDA:5,emitAuthChanged
FNDA:4,storeAuthenticatedUser
FNDA:4,hydrateAndStoreAuthenticatedUser
FNDA:2,login
FNDA:1,loginAdm
FNDA:1,register
FNDA:0,registerCompany
FNDA:1,logout
FNDA:1,sendResetCode
FNDA:1,verifyResetCode
FNDA:1,resetPassword
FNDA:1,requestAdmRegisterCode
FNDA:1,verifyAdmRegisterCode
FNDA:231,getCurrentUser
FNDA:2,isAuthenticated
FNDA:2,getToken
DA:1,1
DA:2,1
DA:3,1
DA:4,1
DA:5,1
DA:6,1
DA:7,1
DA:8,1
DA:9,1
DA:10,1
DA:11,1
DA:12,1
DA:13,1
DA:14,1
DA:15,5
DA:16,5
DA:17,5
DA:18,5
DA:19,1
DA:20,1
DA:21,4
DA:22,4
DA:23,4
DA:24,1
DA:25,1
DA:26,4
DA:27,0
DA:28,0
DA:29,0
DA:30,4
DA:31,4
DA:32,4
DA:33,4
DA:34,4
DA:35,0
DA:36,0
DA:37,4
DA:38,1
DA:39,1
DA:40,1
DA:41,1
DA:42,1
DA:43,2
DA:44,2
DA:45,2
DA:46,1
DA:47,1
DA:48,1
DA:49,2
DA:50,2
DA:51,2
DA:52,1
DA:53,1
DA:54,1
DA:55,1
DA:56,1
DA:57,1
DA:58,1
DA:59,1
DA:60,1
DA:61,1
DA:62,1
DA:63,1
DA:64,1
DA:65,1
DA:66,1
DA:67,1
DA:68,1
DA:69,1
DA:70,1
DA:71,1
DA:72,1
DA:73,1
DA:74,1
DA:75,1
DA:76,1
DA:77,1
DA:78,1
DA:79,1
DA:80,1
DA:81,1
DA:82,1
DA:83,1
DA:84,1
DA:85,0
DA:86,0
DA:87,0
DA:88,0
DA:89,0
DA:90,0
DA:91,0
DA:92,0
DA:93,0
DA:94,1
DA:95,1
DA:96,1
DA:97,1
DA:98,1
DA:99,1
DA:100,1
DA:101,1
DA:102,1
DA:103,1
DA:104,1
DA:105,1
DA:106,1
DA:107,1
DA:108,1
DA:109,1
DA:110,1
DA:111,1
DA:112,1
DA:113,1
DA:114,1
DA:115,1
DA:116,1
DA:117,1
DA:118,1
DA:119,1
DA:120,1
DA:121,1
DA:122,1
DA:123,1
DA:124,1
DA:125,1
DA:126,1
DA:127,1
DA:128,1
DA:129,1
DA:130,1
DA:131,1
DA:132,1
DA:133,1
DA:134,1
DA:135,1
DA:136,1
DA:137,1
DA:138,1
DA:139,1
DA:140,1
DA:141,1
DA:142,1
DA:143,1
DA:144,1
DA:145,1
DA:146,1
DA:147,1
DA:148,1
DA:149,1
DA:150,1
DA:151,231
DA:152,231
DA:153,2
DA:154,2
DA:155,2
DA:156,3
DA:157,1
DA:158,1
DA:159,231
DA:160,1
DA:161,1
DA:162,1
DA:163,1
DA:164,1
DA:165,2
DA:166,2
DA:167,1
DA:168,1
DA:169,1
DA:170,1
DA:171,1
DA:172,2
DA:173,2
DA:174,1
DA:175,1
DA:176,1
LF:176
LH:162
BRDA:14,0,0,5
BRDA:20,1,0,4
BRDA:25,2,0,4
BRDA:26,3,0,0
BRDA:33,4,0,0
BRDA:34,5,0,0
BRDA:42,6,0,2
BRDA:45,7,0,1
BRDA:56,8,0,1
BRDA:70,9,0,1
BRDA:98,10,0,1
BRDA:107,11,0,1
BRDA:114,12,0,1
BRDA:121,13,0,1
BRDA:128,14,0,1
BRDA:136,15,0,1
BRDA:150,16,0,231
BRDA:152,17,0,229
BRDA:152,18,0,3
BRDA:152,19,0,2
BRDA:156,20,0,1
BRDA:164,21,0,2
BRDA:171,22,0,2
BRF:23
BRH:20
end_of_record
TN:
SF:src/services/biService.ts
FN:14,getOverview
FN:19,getOccupancy
FN:24,getFinancial
FN:29,getClinical
FN:33,getResources
FN:37,getAuthorizations
FN:41,getTea
FN:45,getReports
FN:49,getCommunication
FN:54,getInsights
FNF:10
FNH:10
FNDA:2,getOverview
FNDA:2,getOccupancy
FNDA:2,getFinancial
FNDA:2,getClinical
FNDA:2,getResources
FNDA:2,getAuthorizations
FNDA:2,getTea
FNDA:2,getReports
FNDA:2,getCommunication
FNDA:1,getInsights
DA:1,1
DA:2,1
DA:3,1
DA:4,1
DA:5,1
DA:6,1
DA:7,1
DA:8,1
DA:9,1
DA:10,1
DA:11,1
DA:12,1
DA:13,1
DA:14,1
DA:15,2
DA:16,2
DA:17,2
DA:18,1
DA:19,1
DA:20,2
DA:21,2
DA:22,2
DA:23,1
DA:24,1
DA:25,2
DA:26,2
DA:27,2
DA:28,1
DA:29,1
DA:30,2
DA:31,2
DA:32,2
DA:33,1
DA:34,2
DA:35,2
DA:36,2
DA:37,1
DA:38,2
DA:39,2
DA:40,2
DA:41,1
DA:42,2
DA:43,2
DA:44,2
DA:45,1
DA:46,2
DA:47,2
DA:48,2
DA:49,1
DA:50,2
DA:51,2
DA:52,2
DA:53,1
DA:54,1
DA:55,1
DA:56,1
DA:57,1
DA:58,1
DA:59,1
DA:60,1
DA:61,1
DA:62,1
DA:63,1
DA:64,1
DA:65,1
DA:66,1
DA:67,1
DA:68,1
DA:69,1
DA:70,1
DA:71,1
DA:72,1
DA:73,1
DA:74,1
LF:74
LH:74
BRDA:14,0,0,2
BRDA:19,1,0,2
BRDA:24,2,0,2
BRDA:29,3,0,2
BRDA:33,4,0,2
BRDA:37,5,0,2
BRDA:41,6,0,2
BRDA:45,7,0,2
BRDA:49,8,0,2
BRDA:54,9,0,1
BRF:10
BRH:10
end_of_record
TN:
SF:src/services/branchService.ts
FN:4,listBranches
FN:9,getBranch
FN:14,createBranch
FN:19,updateBranch
FN:24,deleteBranch
FNF:5
FNH:5
FNDA:3,listBranches
FNDA:1,getBranch
FNDA:1,createBranch
FNDA:1,updateBranch
FNDA:1,deleteBranch
DA:1,1
DA:2,1
DA:3,1
DA:4,1
DA:5,3
DA:6,3
DA:7,3
DA:8,1
DA:9,1
DA:10,1
DA:11,1
DA:12,1
DA:13,1
DA:14,1
DA:15,1
DA:16,1
DA:17,1
DA:18,1
DA:19,1
DA:20,1
DA:21,1
DA:22,1
DA:23,1
DA:24,1
DA:25,1
DA:26,1
DA:27,1
DA:28,1
DA:29,1
DA:30,1
LF:30
LH:30
BRDA:4,0,0,3
BRDA:9,1,0,1
BRDA:14,2,0,1
BRDA:19,3,0,1
BRDA:24,4,0,1
BRF:5
BRH:5
end_of_record
TN:
SF:src/services/branchSettingsService.ts
FN:28,getBranchSettings
FN:33,updateBranchSettings
FNF:2
FNH:0
FNDA:0,getBranchSettings
FNDA:0,updateBranchSettings
DA:1,1
DA:2,1
DA:3,1
DA:4,1
DA:5,1
DA:6,1
DA:7,1
DA:8,1
DA:9,1
DA:10,1
DA:11,1
DA:12,1
DA:13,1
DA:14,1
DA:15,1
DA:16,1
DA:17,1
DA:18,1
DA:19,1
DA:20,1
DA:21,1
DA:22,1
DA:23,1
DA:24,1
DA:25,1
DA:26,1
DA:27,1
DA:28,1
DA:29,0
DA:30,0
DA:31,0
DA:32,1
DA:33,1
DA:34,0
DA:35,0
DA:36,0
DA:37,0
DA:38,0
DA:39,0
DA:40,1
DA:41,1
DA:42,1
LF:42
LH:33
BRF:0
BRH:0
end_of_record
TN:
SF:src/services/cepService.ts
FN:9,onlyDigits
FN:11,parseViaCep
FN:22,parseBrasilApi
FN:33,requestJson
FN:40,lookup
FNF:5
FNH:5
FNDA:4,onlyDigits
FNDA:3,parseViaCep
FNDA:2,parseBrasilApi
FNDA:5,requestJson
FNDA:4,lookup
DA:1,1
DA:2,1
DA:3,1
DA:4,1
DA:5,1
DA:6,1
DA:7,1
DA:8,1
DA:9,1
DA:10,1
DA:11,1
DA:12,3
DA:13,1
DA:14,3
DA:15,3
DA:16,3
DA:17,3
DA:18,3
DA:19,3
DA:20,3
DA:21,1
DA:22,1
DA:23,2
DA:24,1
DA:25,2
DA:26,2
DA:27,2
DA:28,2
DA:29,2
DA:30,2
DA:31,2
DA:32,1
DA:33,5
DA:34,5
DA:35,5
DA:36,3
DA:37,3
DA:38,1
DA:39,1
DA:40,1
DA:41,4
DA:42,4
DA:43,3
DA:44,3
DA:45,3
DA:46,4
DA:47,2
DA:48,2
DA:49,2
DA:50,4
DA:51,1
LF:51
LH:51
BRDA:9,0,0,4
BRDA:9,1,0,0
BRDA:11,2,0,3
BRDA:12,3,0,2
BRDA:12,4,0,2
BRDA:12,5,0,1
BRDA:14,6,0,0
BRDA:15,7,0,0
BRDA:16,8,0,0
BRDA:17,9,0,0
BRDA:18,10,0,1
BRDA:22,11,0,2
BRDA:23,12,0,1
BRDA:25,13,0,0
BRDA:26,14,0,0
BRDA:27,15,0,0
BRDA:28,16,0,0
BRDA:29,17,0,1
BRDA:33,18,0,5
BRDA:35,19,0,2
BRDA:35,20,0,3
BRDA:40,21,0,4
BRDA:42,22,0,1
BRDA:42,23,0,3
BRDA:46,24,0,1
BRDA:46,25,0,2
BRF:26
BRH:17
end_of_record
TN:
SF:src/services/companyService.ts
FN:4,listCompanies
FN:9,getCompany
FN:14,updateCompany
FN:23,createCompany
FN:63,deleteCompany
FNF:5
FNH:5
FNDA:1,listCompanies
FNDA:1,getCompany
FNDA:1,updateCompany
FNDA:1,createCompany
FNDA:1,deleteCompany
DA:1,1
DA:2,1
DA:3,1
DA:4,1
DA:5,1
DA:6,1
DA:7,1
DA:8,1
DA:9,1
DA:10,1
DA:11,1
DA:12,1
DA:13,1
DA:14,1
DA:15,1
DA:16,1
DA:17,1
DA:18,1
DA:19,1
DA:20,1
DA:21,1
DA:22,1
DA:23,1
DA:24,1
DA:25,1
DA:26,1
DA:27,1
DA:28,1
DA:29,1
DA:30,1
DA:31,1
DA:32,1
DA:33,1
DA:34,1
DA:35,1
DA:36,1
DA:37,1
DA:38,1
DA:39,1
DA:40,1
DA:41,1
DA:42,1
DA:43,1
DA:44,1
DA:45,1
DA:46,1
DA:47,1
DA:48,1
DA:49,1
DA:50,1
DA:51,1
DA:52,1
DA:53,1
DA:54,1
DA:55,1
DA:56,1
DA:57,1
DA:58,1
DA:59,1
DA:60,1
DA:61,1
DA:62,1
DA:63,1
DA:64,1
DA:65,1
DA:66,1
DA:67,1
DA:68,1
DA:69,1
LF:69
LH:69
BRDA:4,0,0,1
BRDA:9,1,0,1
BRDA:14,2,0,1
BRDA:23,3,0,1
BRDA:30,4,0,0
BRDA:31,5,0,0
BRDA:32,6,0,0
BRDA:35,7,0,0
BRDA:36,8,0,0
BRDA:37,9,0,0
BRDA:63,10,0,1
BRF:11
BRH:5
end_of_record
TN:
SF:src/services/consultationService.ts
FN:71,list
FN:77,create
FN:83,getById
FN:89,update
FN:95,submitNursingTriage
FN:101,createExamOrder
FN:107,getExamOrderConfig
FN:113,listExamProcedures
FN:119,listExamSlots
FN:125,remove
FNF:10
FNH:10
FNDA:5,list
FNDA:2,create
FNDA:2,getById
FNDA:2,update
FNDA:1,submitNursingTriage
FNDA:1,createExamOrder
FNDA:1,getExamOrderConfig
FNDA:1,listExamProcedures
FNDA:1,listExamSlots
FNDA:2,remove
DA:1,1
DA:2,1
DA:3,1
DA:4,1
DA:5,1
DA:6,1
DA:7,1
DA:8,1
DA:9,1
DA:10,1
DA:11,1
DA:12,1
DA:13,1
DA:14,1
DA:15,1
DA:16,1
DA:17,1
DA:18,1
DA:19,1
DA:20,1
DA:21,1
DA:22,1
DA:23,1
DA:24,1
DA:25,1
DA:26,1
DA:27,1
DA:28,1
DA:29,1
DA:30,1
DA:31,1
DA:32,1
DA:33,1
DA:34,1
DA:35,1
DA:36,1
DA:37,1
DA:38,1
DA:39,1
DA:40,1
DA:41,1
DA:42,1
DA:43,1
DA:44,1
DA:45,1
DA:46,1
DA:47,1
DA:48,1
DA:49,1
DA:50,1
DA:51,1
DA:52,1
DA:53,1
DA:54,1
DA:55,1
DA:56,1
DA:57,1
DA:58,1
DA:59,1
DA:60,1
DA:61,1
DA:62,1
DA:63,1
DA:64,1
DA:65,1
DA:66,1
DA:67,1
DA:68,1
DA:69,1
DA:70,1
DA:71,1
DA:72,5
DA:73,5
DA:74,5
DA:75,5
DA:76,1
DA:77,1
DA:78,2
DA:79,2
DA:80,2
DA:81,2
DA:82,1
DA:83,1
DA:84,2
DA:85,2
DA:86,2
DA:87,2
DA:88,1
DA:89,1
DA:90,2
DA:91,2
DA:92,2
DA:93,2
DA:94,1
DA:95,1
DA:96,1
DA:97,1
DA:98,1
DA:99,1
DA:100,1
DA:101,1
DA:102,1
DA:103,1
DA:104,1
DA:105,1
DA:106,1
DA:107,1
DA:108,1
DA:109,1
DA:110,1
DA:111,1
DA:112,1
DA:113,1
DA:114,1
DA:115,1
DA:116,1
DA:117,1
DA:118,1
DA:119,1
DA:120,1
DA:121,1
DA:122,1
DA:123,1
DA:124,1
DA:125,1
DA:126,2
DA:127,2
DA:128,2
DA:129,2
DA:130,1
LF:130
LH:130
BRDA:71,0,0,5
BRDA:77,1,0,2
BRDA:83,2,0,2
BRDA:89,3,0,2
BRDA:95,4,0,1
BRDA:101,5,0,1
BRDA:107,6,0,1
BRDA:113,7,0,1
BRDA:119,8,0,1
BRDA:125,9,0,2
BRF:10
BRH:10
end_of_record
TN:
SF:src/services/convenioAuthorizationService.ts
FN:15,list
FN:33,updateStatus
FN:42,uploadAttachment
FN:51,listAttachments
FN:56,viewAttachment
FNF:5
FNH:5
FNDA:2,list
FNDA:1,updateStatus
FNDA:1,uploadAttachment
FNDA:1,listAttachments
FNDA:1,viewAttachment
DA:1,1
DA:2,1
DA:3,1
DA:4,1
DA:5,1
DA:6,1
DA:7,1
DA:8,1
DA:9,1
DA:10,1
DA:11,1
DA:12,1
DA:13,1
DA:14,1
DA:15,1
DA:16,2
DA:17,2
DA:18,2
DA:19,2
DA:20,2
DA:21,2
DA:22,2
DA:23,2
DA:24,2
DA:25,2
DA:26,2
DA:27,2
DA:28,2
DA:29,2
DA:30,2
DA:31,2
DA:32,1
DA:33,1
DA:34,1
DA:35,1
DA:36,1
DA:37,1
DA:38,1
DA:39,1
DA:40,1
DA:41,1
DA:42,1
DA:43,1
DA:44,1
DA:45,1
DA:46,1
DA:47,1
DA:48,1
DA:49,1
DA:50,1
DA:51,1
DA:52,1
DA:53,1
DA:54,1
DA:55,1
DA:56,1
DA:57,1
DA:58,1
DA:59,1
DA:60,1
DA:61,1
DA:62,1
LF:62
LH:62
BRDA:15,0,0,2
BRDA:24,1,0,1
BRDA:25,2,0,1
BRDA:33,3,0,1
BRDA:42,4,0,1
BRDA:51,5,0,1
BRDA:56,6,0,1
BRF:7
BRH:7
end_of_record
TN:
SF:src/services/deliveryService.ts
FN:26,createDelivery
FN:32,getDeliveries
FN:38,updateDelivery
FNF:3
FNH:3
FNDA:1,createDelivery
FNDA:3,getDeliveries
FNDA:1,updateDelivery
DA:1,1
DA:2,1
DA:3,1
DA:4,1
DA:5,1
DA:6,1
DA:7,1
DA:8,1
DA:9,1
DA:10,1
DA:11,1
DA:12,1
DA:13,1
DA:14,1
DA:15,1
DA:16,1
DA:17,1
DA:18,1
DA:19,1
DA:20,1
DA:21,1
DA:22,1
DA:23,1
DA:24,1
DA:25,1
DA:26,1
DA:27,1
DA:28,1
DA:29,1
DA:30,1
DA:31,1
DA:32,1
DA:33,3
DA:34,3
DA:35,3
DA:36,3
DA:37,1
DA:38,1
DA:39,1
DA:40,1
DA:41,1
DA:42,1
DA:43,1
LF:43
LH:43
BRDA:26,0,0,1
BRDA:32,1,0,3
BRDA:38,2,0,1
BRF:3
BRH:3
end_of_record
TN:
SF:src/services/doctorService.ts
FN:40,listDoctors
FN:46,createDoctor
FN:53,updateDoctor
FN:59,deleteDoctor
FNF:4
FNH:4
FNDA:9,listDoctors
FNDA:1,createDoctor
FNDA:1,updateDoctor
FNDA:1,deleteDoctor
DA:1,1
DA:2,1
DA:3,1
DA:4,1
DA:5,1
DA:6,1
DA:7,1
DA:8,1
DA:9,1
DA:10,1
DA:11,1
DA:12,1
DA:13,1
DA:14,1
DA:15,1
DA:16,1
DA:17,1
DA:18,1
DA:19,1
DA:20,1
DA:21,1
DA:22,1
DA:23,1
DA:24,1
DA:25,1
DA:26,1
DA:27,1
DA:28,1
DA:29,1
DA:30,1
DA:31,1
DA:32,1
DA:33,1
DA:34,1
DA:35,1
DA:36,1
DA:37,1
DA:38,1
DA:39,1
DA:40,1
DA:41,9
DA:42,9
DA:43,9
DA:44,9
DA:45,1
DA:46,1
DA:47,1
DA:48,1
DA:49,1
DA:50,1
DA:51,1
DA:52,1
DA:53,1
DA:54,1
DA:55,1
DA:56,1
DA:57,1
DA:58,1
DA:59,1
DA:60,1
DA:61,1
DA:62,1
DA:63,1
DA:64,1
LF:64
LH:64
BRDA:40,0,0,9
BRDA:46,1,0,1
BRDA:53,2,0,1
BRDA:59,3,0,1
BRF:4
BRH:4
end_of_record
TN:
SF:src/services/documentService.ts
FN:13,list
FN:19,create
FN:25,update
FN:31,remove
FNF:4
FNH:4
FNDA:1,list
FNDA:1,create
FNDA:1,update
FNDA:1,remove
DA:1,1
DA:2,1
DA:3,1
DA:4,1
DA:5,1
DA:6,1
DA:7,1
DA:8,1
DA:9,1
DA:10,1
DA:11,1
DA:12,1
DA:13,1
DA:14,1
DA:15,1
DA:16,1
DA:17,1
DA:18,1
DA:19,1
DA:20,1
DA:21,1
DA:22,1
DA:23,1
DA:24,1
DA:25,1
DA:26,1
DA:27,1
DA:28,1
DA:29,1
DA:30,1
DA:31,1
DA:32,1
DA:33,1
DA:34,1
DA:35,1
DA:36,1
LF:36
LH:36
BRDA:13,0,0,1
BRDA:19,1,0,1
BRDA:25,2,0,1
BRDA:31,3,0,1
BRF:4
BRH:4
end_of_record
TN:
SF:src/services/financeService.ts
FN:15,createEntry
FN:21,getEntries
FN:27,updateEntry
FNF:3
FNH:3
FNDA:1,createEntry
FNDA:1,getEntries
FNDA:1,updateEntry
DA:1,1
DA:2,1
DA:3,1
DA:4,1
DA:5,1
DA:6,1
DA:7,1
DA:8,1
DA:9,1
DA:10,1
DA:11,1
DA:12,1
DA:13,1
DA:14,1
DA:15,1
DA:16,1
DA:17,1
DA:18,1
DA:19,1
DA:20,1
DA:21,1
DA:22,1
DA:23,1
DA:24,1
DA:25,1
DA:26,1
DA:27,1
DA:28,1
DA:29,1
DA:30,1
DA:31,1
DA:32,1
LF:32
LH:32
BRDA:15,0,0,1
BRDA:21,1,0,1
BRDA:27,2,0,1
BRF:3
BRH:3
end_of_record
TN:
SF:src/services/insuranceService.ts
FN:18,listInsurances
FN:29,createInsurance
FN:35,updateInsurance
FN:41,deleteInsurance
FNF:4
FNH:4
FNDA:7,listInsurances
FNDA:1,createInsurance
FNDA:1,updateInsurance
FNDA:1,deleteInsurance
DA:1,1
DA:2,1
DA:3,1
DA:4,1
DA:5,1
DA:6,1
DA:7,1
DA:8,1
DA:9,1
DA:10,1
DA:11,1
DA:12,1
DA:13,1
DA:14,1
DA:15,1
DA:16,1
DA:17,1
DA:18,1
DA:19,7
DA:20,7
DA:21,7
DA:22,7
DA:23,7
DA:24,7
DA:25,7
DA:26,7
DA:27,7
DA:28,1
DA:29,1
DA:30,1
DA:31,1
DA:32,1
DA:33,1
DA:34,1
DA:35,1
DA:36,1
DA:37,1
DA:38,1
DA:39,1
DA:40,1
DA:41,1
DA:42,1
DA:43,1
DA:44,1
DA:45,1
DA:46,1
LF:46
LH:46
BRDA:18,0,0,7
BRDA:29,1,0,1
BRDA:35,2,0,1
BRDA:41,3,0,1
BRF:4
BRH:4
end_of_record
TN:
SF:src/services/inventoryService.ts
FN:42,createItem
FN:48,updateItem
FN:76,deleteItem
FN:82,getItems
FN:88,getMovements
FN:94,createMovement
FN:116,getLots
FN:122,createLot
FN:128,getKits
FN:134,createKit
FN:140,updateKit
FNF:11
FNH:10
FNDA:1,createItem
FNDA:0,updateItem
FNDA:1,deleteItem
FNDA:3,getItems
FNDA:1,getMovements
FNDA:1,createMovement
FNDA:1,getLots
FNDA:1,createLot
FNDA:3,getKits
FNDA:1,createKit
FNDA:1,updateKit
DA:1,1
DA:2,1
DA:3,1
DA:4,1
DA:5,1
DA:6,1
DA:7,1
DA:8,1
DA:9,1
DA:10,1
DA:11,1
DA:12,1
DA:13,1
DA:14,1
DA:15,1
DA:16,1
DA:17,1
DA:18,1
DA:19,1
DA:20,1
DA:21,1
DA:22,1
DA:23,1
DA:24,1
DA:25,1
DA:26,1
DA:27,1
DA:28,1
DA:29,1
DA:30,1
DA:31,1
DA:32,1
DA:33,1
DA:34,1
DA:35,1
DA:36,1
DA:37,1
DA:38,1
DA:39,1
DA:40,1
DA:41,1
DA:42,1
DA:43,1
DA:44,1
DA:45,1
DA:46,1
DA:47,1
DA:48,1
DA:49,0
DA:50,0
DA:51,0
DA:52,0
DA:53,0
DA:54,0
DA:55,0
DA:56,0
DA:57,0
DA:58,0
DA:59,0
DA:60,0
DA:61,0
DA:62,0
DA:63,0
DA:64,0
DA:65,0
DA:66,0
DA:67,0
DA:68,0
DA:69,0
DA:70,0
DA:71,0
DA:72,0
DA:73,0
DA:74,0
DA:75,1
DA:76,1
DA:77,1
DA:78,1
DA:79,1
DA:80,1
DA:81,1
DA:82,1
DA:83,3
DA:84,3
DA:85,3
DA:86,3
DA:87,1
DA:88,1
DA:89,1
DA:90,1
DA:91,1
DA:92,1
DA:93,1
DA:94,1
DA:95,1
DA:96,1
DA:97,1
DA:98,1
DA:99,1
DA:100,1
DA:101,1
DA:102,1
DA:103,1
DA:104,1
DA:105,1
DA:106,1
DA:107,1
DA:108,0
DA:109,0
DA:110,0
DA:111,0
DA:112,1
DA:113,0
DA:114,1
DA:115,1
DA:116,1
DA:117,1
DA:118,1
DA:119,1
DA:120,1
DA:121,1
DA:122,1
DA:123,1
DA:124,1
DA:125,1
DA:126,1
DA:127,1
DA:128,1
DA:129,3
DA:130,3
DA:131,3
DA:132,3
DA:133,1
DA:134,1
DA:135,1
DA:136,1
DA:137,1
DA:138,1
DA:139,1
DA:140,1
DA:141,1
DA:142,1
DA:143,1
DA:144,1
DA:145,1
LF:145
LH:114
BRDA:42,0,0,1
BRDA:76,1,0,1
BRDA:82,2,0,3
BRDA:88,3,0,1
BRDA:94,4,0,1
BRDA:107,5,0,0
BRDA:112,6,0,0
BRDA:116,7,0,1
BRDA:122,8,0,1
BRDA:128,9,0,3
BRDA:134,10,0,1
BRDA:140,11,0,1
BRF:12
BRH:10
end_of_record
TN:
SF:src/services/invoiceService.ts
FN:28,createInvoice
FN:34,updateInvoice
FN:40,getInvoices
FNF:3
FNH:3
FNDA:1,createInvoice
FNDA:1,updateInvoice
FNDA:1,getInvoices
DA:1,1
DA:2,1
DA:3,1
DA:4,1
DA:5,1
DA:6,1
DA:7,1
DA:8,1
DA:9,1
DA:10,1
DA:11,1
DA:12,1
DA:13,1
DA:14,1
DA:15,1
DA:16,1
DA:17,1
DA:18,1
DA:19,1
DA:20,1
DA:21,1
DA:22,1
DA:23,1
DA:24,1
DA:25,1
DA:26,1
DA:27,1
DA:28,1
DA:29,1
DA:30,1
DA:31,1
DA:32,1
DA:33,1
DA:34,1
DA:35,1
DA:36,1
DA:37,1
DA:38,1
DA:39,1
DA:40,1
DA:41,1
DA:42,1
DA:43,1
DA:44,1
DA:45,1
LF:45
LH:45
BRDA:28,0,0,1
BRDA:34,1,0,1
BRDA:40,2,0,1
BRF:3
BRH:3
end_of_record
TN:
SF:src/services/leadService.ts
FN:32,normalizeLeadResponse
FN:54,list
FN:59,create
FN:64,updateStatus
FNF:4
FNH:4
FNDA:2,normalizeLeadResponse
FNDA:2,list
FNDA:1,create
FNDA:1,updateStatus
DA:1,1
DA:2,1
DA:3,1
DA:4,1
DA:5,1
DA:6,1
DA:7,1
DA:8,1
DA:9,1
DA:10,1
DA:11,1
DA:12,1
DA:13,1
DA:14,1
DA:15,1
DA:16,1
DA:17,1
DA:18,1
DA:19,1
DA:20,1
DA:21,1
DA:22,1
DA:23,1
DA:24,1
DA:25,1
DA:26,1
DA:27,1
DA:28,1
DA:29,1
DA:30,1
DA:31,1
DA:32,1
DA:33,2
DA:34,1
DA:35,1
DA:36,1
DA:37,1
DA:38,1
DA:39,1
DA:40,2
DA:41,2
DA:42,0
DA:43,1
DA:44,1
DA:45,0
DA:46,2
DA:47,2
DA:48,2
DA:49,2
DA:50,2
DA:51,2
DA:52,1
DA:53,1
DA:54,1
DA:55,2
DA:56,2
DA:57,2
DA:58,1
DA:59,1
DA:60,1
DA:61,1
DA:62,1
DA:63,1
DA:64,1
DA:65,1
DA:66,1
DA:67,1
DA:68,1
LF:68
LH:66
BRDA:32,0,0,2
BRDA:33,1,0,1
BRDA:40,2,0,0
BRDA:41,3,0,0
BRDA:42,4,0,1
BRDA:44,5,0,0
BRDA:49,6,0,1
BRDA:49,7,0,0
BRDA:54,8,0,2
BRDA:59,9,0,1
BRDA:64,10,0,1
BRF:11
BRH:7
end_of_record
TN:
SF:src/services/medicalEquipmentService.ts
FN:43,normalizeItem
FN:86,sortByName
FN:91,list
FN:106,getById
FN:113,create
FN:120,update
FN:127,testConnection
FNF:7
FNH:7
FNDA:4,normalizeItem
FNDA:3,sortByName
FNDA:3,list
FNDA:1,getById
FNDA:1,create
FNDA:1,update
FNDA:1,testConnection
DA:1,1
DA:2,1
DA:3,1
DA:4,1
DA:5,1
DA:6,1
DA:7,1
DA:8,1
DA:9,1
DA:10,1
DA:11,1
DA:12,1
DA:13,1
DA:14,1
DA:15,1
DA:16,1
DA:17,1
DA:18,1
DA:19,1
DA:20,1
DA:21,1
DA:22,1
DA:23,1
DA:24,1
DA:25,1
DA:26,1
DA:27,1
DA:28,1
DA:29,1
DA:30,1
DA:31,1
DA:32,1
DA:33,1
DA:34,1
DA:35,1
DA:36,1
DA:37,1
DA:38,1
DA:39,1
DA:40,1
DA:41,1
DA:42,1
DA:43,1
DA:44,4
DA:45,4
DA:46,3
DA:47,3
DA:48,4
DA:49,4
DA:50,4
DA:51,4
DA:52,4
DA:53,4
DA:54,4
DA:55,4
DA:56,4
DA:57,4
DA:58,4
DA:59,4
DA:60,4
DA:61,4
DA:62,4
DA:63,4
DA:64,4
DA:65,4
DA:66,4
DA:67,4
DA:68,4
DA:69,4
DA:70,4
DA:71,0
DA:72,3
DA:73,0
DA:74,3
DA:75,4
DA:76,4
DA:77,4
DA:78,4
DA:79,4
DA:80,4
DA:81,4
DA:82,4
DA:83,4
DA:84,4
DA:85,1
DA:86,1
DA:87,3
DA:88,3
DA:89,1
DA:90,1
DA:91,1
DA:92,3
DA:93,3
DA:94,2
DA:95,1
DA:96,0
DA:97,1
DA:98,0
DA:99,1
DA:100,0
DA:101,1
DA:102,3
DA:103,3
DA:104,3
DA:105,1
DA:106,1
DA:107,1
DA:108,1
DA:109,1
DA:110,1
DA:111,1
DA:112,1
DA:113,1
DA:114,1
DA:115,1
DA:116,1
DA:117,1
DA:118,1
DA:119,1
DA:120,1
DA:121,1
DA:122,1
DA:123,1
DA:124,1
DA:125,1
DA:126,1
DA:127,1
DA:128,1
DA:129,1
DA:130,1
DA:131,1
DA:132,1
DA:133,1
DA:134,1
DA:135,1
DA:136,1
LF:136
LH:131
BRDA:43,0,0,4
BRDA:44,1,0,3
BRDA:44,2,0,1
BRDA:44,3,0,0
BRDA:44,4,0,1
BRDA:45,5,0,1
BRDA:45,6,0,3
BRDA:48,7,0,3
BRDA:48,8,0,3
BRDA:49,9,0,3
BRDA:49,10,0,3
BRDA:49,11,0,3
BRDA:50,12,0,3
BRDA:50,13,0,3
BRDA:50,14,0,3
BRDA:51,15,0,3
BRDA:51,16,0,3
BRDA:51,17,0,3
BRDA:52,18,0,3
BRDA:52,19,0,3
BRDA:52,20,0,3
BRDA:53,21,0,3
BRDA:53,22,0,3
BRDA:53,23,0,3
BRDA:53,24,0,3
BRDA:54,25,0,3
BRDA:54,26,0,3
BRDA:54,27,0,3
BRDA:54,28,0,3
BRDA:55,29,0,3
BRDA:55,30,0,3
BRDA:55,31,0,3
BRDA:55,32,0,3
BRDA:56,33,0,3
BRDA:56,34,0,3
BRDA:57,35,0,3
BRDA:57,36,0,3
BRDA:57,37,0,3
BRDA:57,38,0,3
BRDA:58,39,0,3
BRDA:58,40,0,3
BRDA:58,41,0,3
BRDA:59,42,0,3
BRDA:59,43,0,3
BRDA:59,44,0,3
BRDA:59,45,0,3
BRDA:60,46,0,3
BRDA:60,47,0,0
BRDA:60,48,0,3
BRDA:61,49,0,3
BRDA:61,50,0,0
BRDA:61,51,0,3
BRDA:62,52,0,3
BRDA:62,53,0,3
BRDA:62,54,0,3
BRDA:62,55,0,3
BRDA:63,56,0,3
BRDA:63,57,0,3
BRDA:63,58,0,0
BRDA:63,59,0,3
BRDA:64,60,0,3
BRDA:64,61,0,3
BRDA:65,62,0,3
BRDA:65,63,0,0
BRDA:65,64,0,3
BRDA:66,65,0,3
BRDA:66,66,0,3
BRDA:66,67,0,3
BRDA:66,68,0,3
BRDA:67,69,0,3
BRDA:68,70,0,3
BRDA:68,71,0,3
BRDA:69,72,0,3
BRDA:70,73,0,3
BRDA:70,74,0,0
BRDA:71,75,0,3
BRDA:72,76,0,0
BRDA:75,77,0,3
BRDA:75,78,0,3
BRDA:76,79,0,3
BRDA:76,80,0,3
BRDA:76,81,0,3
BRDA:77,82,0,3
BRDA:77,83,0,3
BRDA:78,84,0,3
BRDA:78,85,0,3
BRDA:79,86,0,3
BRDA:79,87,0,3
BRDA:79,88,0,3
BRDA:80,89,0,3
BRDA:80,90,0,3
BRDA:81,91,0,3
BRDA:81,92,0,3
BRDA:82,93,0,3
BRDA:82,94,0,3
BRDA:86,95,0,3
BRDA:91,96,0,3
BRDA:93,97,0,2
BRDA:94,98,0,1
BRDA:95,99,0,0
BRDA:97,100,0,0
BRDA:97,101,0,0
BRDA:99,102,0,0
BRDA:106,103,0,1
BRDA:109,104,0,0
BRDA:113,105,0,1
BRDA:116,106,0,0
BRDA:120,107,0,1
BRDA:123,108,0,0
BRDA:127,109,0,1
BRF:110
BRH:96
end_of_record
TN:
SF:src/services/medicalRecordService.ts
FN:28,list
FN:34,getById
FN:40,create
FN:46,update
FNF:4
FNH:4
FNDA:1,list
FNDA:1,getById
FNDA:1,create
FNDA:1,update
DA:1,1
DA:2,1
DA:3,1
DA:4,1
DA:5,1
DA:6,1
DA:7,1
DA:8,1
DA:9,1
DA:10,1
DA:11,1
DA:12,1
DA:13,1
DA:14,1
DA:15,1
DA:16,1
DA:17,1
DA:18,1
DA:19,1
DA:20,1
DA:21,1
DA:22,1
DA:23,1
DA:24,1
DA:25,1
DA:26,1
DA:27,1
DA:28,1
DA:29,1
DA:30,1
DA:31,1
DA:32,1
DA:33,1
DA:34,1
DA:35,1
DA:36,1
DA:37,1
DA:38,1
DA:39,1
DA:40,1
DA:41,1
DA:42,1
DA:43,1
DA:44,1
DA:45,1
DA:46,1
DA:47,1
DA:48,1
DA:49,1
DA:50,1
DA:51,1
LF:51
LH:51
BRDA:28,0,0,1
BRDA:34,1,0,1
BRDA:40,2,0,1
BRDA:46,3,0,1
BRF:4
BRH:4
end_of_record
TN:
SF:src/services/moduleService.ts
FN:13,getAll
FN:18,getById
FNF:2
FNH:2
FNDA:1,getAll
FNDA:1,getById
DA:1,1
DA:2,1
DA:3,1
DA:4,1
DA:5,1
DA:6,1
DA:7,1
DA:8,1
DA:9,1
DA:10,1
DA:11,1
DA:12,1
DA:13,1
DA:14,1
DA:15,1
DA:16,1
DA:17,1
DA:18,1
DA:19,1
DA:20,1
DA:21,1
DA:22,1
LF:22
LH:22
BRDA:13,0,0,1
BRDA:18,1,0,1
BRF:2
BRH:2
end_of_record
TN:
SF:src/services/patientService.ts
FN:44,listPatients
FN:50,getPatientById
FN:56,getPatientByCpf
FN:62,createPatient
FN:68,updatePatient
FN:74,deletePatient
FNF:6
FNH:6
FNDA:5,listPatients
FNDA:2,getPatientById
FNDA:1,getPatientByCpf
FNDA:1,createPatient
FNDA:1,updatePatient
FNDA:1,deletePatient
DA:1,1
DA:2,1
DA:3,1
DA:4,1
DA:5,1
DA:6,1
DA:7,1
DA:8,1
DA:9,1
DA:10,1
DA:11,1
DA:12,1
DA:13,1
DA:14,1
DA:15,1
DA:16,1
DA:17,1
DA:18,1
DA:19,1
DA:20,1
DA:21,1
DA:22,1
DA:23,1
DA:24,1
DA:25,1
DA:26,1
DA:27,1
DA:28,1
DA:29,1
DA:30,1
DA:31,1
DA:32,1
DA:33,1
DA:34,1
DA:35,1
DA:36,1
DA:37,1
DA:38,1
DA:39,1
DA:40,1
DA:41,1
DA:42,1
DA:43,1
DA:44,1
DA:45,5
DA:46,5
DA:47,5
DA:48,5
DA:49,1
DA:50,1
DA:51,2
DA:52,2
DA:53,2
DA:54,2
DA:55,1
DA:56,1
DA:57,1
DA:58,1
DA:59,1
DA:60,1
DA:61,1
DA:62,1
DA:63,1
DA:64,1
DA:65,1
DA:66,1
DA:67,1
DA:68,1
DA:69,1
DA:70,1
DA:71,1
DA:72,1
DA:73,1
DA:74,1
DA:75,1
DA:76,1
DA:77,1
DA:78,1
DA:79,1
LF:79
LH:79
BRDA:44,0,0,5
BRDA:50,1,0,2
BRDA:56,2,0,1
BRDA:62,3,0,1
BRDA:68,4,0,1
BRDA:74,5,0,1
BRF:6
BRH:6
end_of_record
TN:
SF:src/services/preAttendanceService.ts
FN:51,list
FN:57,create
FN:63,update
FN:69,remove
FNF:4
FNH:1
FNDA:2,list
FNDA:0,create
FNDA:0,update
FNDA:0,remove
DA:1,1
DA:2,1
DA:3,1
DA:4,1
DA:5,1
DA:6,1
DA:7,1
DA:8,1
DA:9,1
DA:10,1
DA:11,1
DA:12,1
DA:13,1
DA:14,1
DA:15,1
DA:16,1
DA:17,1
DA:18,1
DA:19,1
DA:20,1
DA:21,1
DA:22,1
DA:23,1
DA:24,1
DA:25,1
DA:26,1
DA:27,1
DA:28,1
DA:29,1
DA:30,1
DA:31,1
DA:32,1
DA:33,1
DA:34,1
DA:35,1
DA:36,1
DA:37,1
DA:38,1
DA:39,1
DA:40,1
DA:41,1
DA:42,1
DA:43,1
DA:44,1
DA:45,1
DA:46,1
DA:47,1
DA:48,1
DA:49,1
DA:50,1
DA:51,1
DA:52,2
DA:53,2
DA:54,2
DA:55,2
DA:56,1
DA:57,1
DA:58,0
DA:59,0
DA:60,0
DA:61,0
DA:62,1
DA:63,1
DA:64,0
DA:65,0
DA:66,0
DA:67,0
DA:68,1
DA:69,1
DA:70,0
DA:71,0
DA:72,0
DA:73,0
DA:74,1
LF:74
LH:62
BRDA:51,0,0,2
BRF:1
BRH:1
end_of_record
TN:
SF:src/services/preSchedulingService.ts
FN:9,normalizeAppOrigin
FN:11,replaceUrlOrigin
FN:30,normalizePreSchedulingSendLinkResponse
FN:153,list
FN:167,preAuthorize
FN:172,sendLink
FN:189,getDocuments
FN:219,reviewDocuments
FN:227,manualFinalize
FN:236,viewDocument
FN:243,getPublicMeta
FN:248,verifyPublic
FN:263,uploadPublicDocument
FN:274,submitPublicAnamnesis
FN:287,finalizePublicDocuments
FNF:15
FNH:15
FNDA:1,normalizeAppOrigin
FNDA:1,replaceUrlOrigin
FNDA:1,normalizePreSchedulingSendLinkResponse
FNDA:1,list
FNDA:1,preAuthorize
FNDA:1,sendLink
FNDA:1,getDocuments
FNDA:1,reviewDocuments
FNDA:1,manualFinalize
FNDA:1,viewDocument
FNDA:1,getPublicMeta
FNDA:1,verifyPublic
FNDA:1,uploadPublicDocument
FNDA:1,submitPublicAnamnesis
FNDA:1,finalizePublicDocuments
DA:1,1
DA:2,1
DA:3,1
DA:4,1
DA:5,1
DA:6,1
DA:7,1
DA:8,1
DA:9,1
DA:10,1
DA:11,1
DA:12,1
DA:13,1
DA:14,1
DA:15,1
DA:16,1
DA:17,1
DA:18,0
DA:19,0
DA:20,1
DA:21,0
DA:22,0
DA:23,1
DA:24,1
DA:25,1
DA:26,0
DA:27,0
DA:28,0
DA:29,1
DA:30,1
DA:31,1
DA:32,1
DA:33,1
DA:34,1
DA:35,1
DA:36,1
DA:37,1
DA:38,1
DA:39,1
DA:40,1
DA:41,1
DA:42,1
DA:43,0
DA:44,0
DA:45,1
DA:46,1
DA:47,1
DA:48,1
DA:49,1
DA:50,1
DA:51,1
DA:52,1
DA:53,1
DA:54,0
DA:55,1
DA:56,1
DA:57,1
DA:58,1
DA:59,1
DA:60,1
DA:61,1
DA:62,1
DA:63,1
DA:64,1
DA:65,1
DA:66,1
DA:67,1
DA:68,1
DA:69,1
DA:70,1
DA:71,1
DA:72,1
DA:73,1
DA:74,1
DA:75,1
DA:76,1
DA:77,1
DA:78,1
DA:79,1
DA:80,1
DA:81,1
DA:82,1
DA:83,1
DA:84,1
DA:85,1
DA:86,1
DA:87,1
DA:88,1
DA:89,1
DA:90,1
DA:91,1
DA:92,1
DA:93,1
DA:94,1
DA:95,1
DA:96,1
DA:97,1
DA:98,1
DA:99,1
DA:100,1
DA:101,1
DA:102,1
DA:103,1
DA:104,1
DA:105,1
DA:106,1
DA:107,1
DA:108,1
DA:109,1
DA:110,1
DA:111,1
DA:112,1
DA:113,1
DA:114,1
DA:115,1
DA:116,1
DA:117,1
DA:118,1
DA:119,1
DA:120,1
DA:121,1
DA:122,1
DA:123,1
DA:124,1
DA:125,1
DA:126,1
DA:127,1
DA:128,1
DA:129,1
DA:130,1
DA:131,1
DA:132,1
DA:133,1
DA:134,1
DA:135,1
DA:136,1
DA:137,1
DA:138,1
DA:139,1
DA:140,1
DA:141,1
DA:142,1
DA:143,1
DA:144,1
DA:145,1
DA:146,1
DA:147,1
DA:148,1
DA:149,1
DA:150,1
DA:151,1
DA:152,1
DA:153,1
DA:154,1
DA:155,1
DA:156,1
DA:157,1
DA:158,1
DA:159,1
DA:160,1
DA:161,1
DA:162,1
DA:163,1
DA:164,1
DA:165,1
DA:166,1
DA:167,1
DA:168,1
DA:169,1
DA:170,1
DA:171,1
DA:172,1
DA:173,1
DA:174,1
DA:175,1
DA:176,1
DA:177,1
DA:178,1
DA:179,1
DA:180,1
DA:181,1
DA:182,1
DA:183,1
DA:184,1
DA:185,1
DA:186,1
DA:187,1
DA:188,1
DA:189,1
DA:190,1
DA:191,1
DA:192,1
DA:193,1
DA:194,1
DA:195,1
DA:196,1
DA:197,1
DA:198,1
DA:199,1
DA:200,1
DA:201,1
DA:202,1
DA:203,1
DA:204,1
DA:205,1
DA:206,1
DA:207,1
DA:208,1
DA:209,1
DA:210,1
DA:211,1
DA:212,1
DA:213,1
DA:214,1
DA:215,1
DA:216,1
DA:217,1
DA:218,1
DA:219,1
DA:220,1
DA:221,1
DA:222,1
DA:223,1
DA:224,1
DA:225,1
DA:226,1
DA:227,1
DA:228,1
DA:229,1
DA:230,1
DA:231,1
DA:232,1
DA:233,1
DA:234,1
DA:235,1
DA:236,1
DA:237,1
DA:238,1
DA:239,1
DA:240,1
DA:241,1
DA:242,1
DA:243,1
DA:244,1
DA:245,1
DA:246,1
DA:247,1
DA:248,1
DA:249,1
DA:250,1
DA:251,1
DA:252,1
DA:253,1
DA:254,1
DA:255,1
DA:256,1
DA:257,1
DA:258,1
DA:259,1
DA:260,1
DA:261,1
DA:262,1
DA:263,1
DA:264,1
DA:265,1
DA:266,1
DA:267,1
DA:268,1
DA:269,1
DA:270,1
DA:271,1
DA:272,1
DA:273,1
DA:274,1
DA:275,1
DA:276,1
DA:277,1
DA:278,1
DA:279,1
DA:280,1
DA:281,1
DA:282,1
DA:283,1
DA:284,1
DA:285,1
DA:286,1
DA:287,1
DA:288,1
DA:289,1
DA:290,1
DA:291,1
DA:292,1
DA:293,1
DA:294,1
DA:295,1
DA:296,1
DA:297,1
LF:297
LH:287
BRDA:9,0,0,1
BRDA:9,1,0,0
BRDA:11,2,0,1
BRDA:12,3,0,0
BRDA:17,4,0,0
BRDA:18,5,0,0
BRDA:20,6,0,0
BRDA:25,7,0,0
BRDA:30,8,0,1
BRDA:36,9,0,0
BRDA:39,10,0,0
BRDA:42,11,0,0
BRDA:53,12,0,0
BRDA:153,13,0,1
BRDA:167,14,0,1
BRDA:168,15,0,0
BRDA:172,16,0,1
BRDA:173,17,0,0
BRDA:189,18,0,1
BRDA:219,19,0,1
BRDA:227,20,0,1
BRDA:236,21,0,1
BRDA:243,22,0,1
BRDA:248,23,0,1
BRDA:263,24,0,1
BRDA:274,25,0,1
BRDA:287,26,0,1
BRDA:288,27,0,0
BRF:28
BRH:15
end_of_record
TN:
SF:src/services/procedureAnamnesisTemplateService.ts
FN:56,list
FN:67,getById
FN:72,create
FN:77,update
FN:82,deactivate
FNF:5
FNH:1
FNDA:1,list
FNDA:0,getById
FNDA:0,create
FNDA:0,update
FNDA:0,deactivate
DA:1,1
DA:2,1
DA:3,1
DA:4,1
DA:5,1
DA:6,1
DA:7,1
DA:8,1
DA:9,1
DA:10,1
DA:11,1
DA:12,1
DA:13,1
DA:14,1
DA:15,1
DA:16,1
DA:17,1
DA:18,1
DA:19,1
DA:20,1
DA:21,1
DA:22,1
DA:23,1
DA:24,1
DA:25,1
DA:26,1
DA:27,1
DA:28,1
DA:29,1
DA:30,1
DA:31,1
DA:32,1
DA:33,1
DA:34,1
DA:35,1
DA:36,1
DA:37,1
DA:38,1
DA:39,1
DA:40,1
DA:41,1
DA:42,1
DA:43,1
DA:44,1
DA:45,1
DA:46,1
DA:47,1
DA:48,1
DA:49,1
DA:50,1
DA:51,1
DA:52,1
DA:53,1
DA:54,1
DA:55,1
DA:56,1
DA:57,1
DA:58,1
DA:59,1
DA:60,1
DA:61,1
DA:62,1
DA:63,1
DA:64,1
DA:65,1
DA:66,1
DA:67,1
DA:68,0
DA:69,0
DA:70,0
DA:71,1
DA:72,1
DA:73,0
DA:74,0
DA:75,0
DA:76,1
DA:77,1
DA:78,0
DA:79,0
DA:80,0
DA:81,1
DA:82,1
DA:83,0
DA:84,0
DA:85,0
DA:86,1
LF:86
LH:74
BRDA:56,0,0,1
BRF:1
BRH:1
end_of_record
TN:
SF:src/services/procedureNursingTemplateService.ts
FN:72,list
FN:83,getById
FN:88,create
FN:93,update
FN:98,deactivate
FNF:5
FNH:1
FNDA:1,list
FNDA:0,getById
FNDA:0,create
FNDA:0,update
FNDA:0,deactivate
DA:1,1
DA:2,1
DA:3,1
DA:4,1
DA:5,1
DA:6,1
DA:7,1
DA:8,1
DA:9,1
DA:10,1
DA:11,1
DA:12,1
DA:13,1
DA:14,1
DA:15,1
DA:16,1
DA:17,1
DA:18,1
DA:19,1
DA:20,1
DA:21,1
DA:22,1
DA:23,1
DA:24,1
DA:25,1
DA:26,1
DA:27,1
DA:28,1
DA:29,1
DA:30,1
DA:31,1
DA:32,1
DA:33,1
DA:34,1
DA:35,1
DA:36,1
DA:37,1
DA:38,1
DA:39,1
DA:40,1
DA:41,1
DA:42,1
DA:43,1
DA:44,1
DA:45,1
DA:46,1
DA:47,1
DA:48,1
DA:49,1
DA:50,1
DA:51,1
DA:52,1
DA:53,1
DA:54,1
DA:55,1
DA:56,1
DA:57,1
DA:58,1
DA:59,1
DA:60,1
DA:61,1
DA:62,1
DA:63,1
DA:64,1
DA:65,1
DA:66,1
DA:67,1
DA:68,1
DA:69,1
DA:70,1
DA:71,1
DA:72,1
DA:73,1
DA:74,1
DA:75,1
DA:76,1
DA:77,1
DA:78,1
DA:79,1
DA:80,1
DA:81,1
DA:82,1
DA:83,1
DA:84,0
DA:85,0
DA:86,0
DA:87,1
DA:88,1
DA:89,0
DA:90,0
DA:91,0
DA:92,1
DA:93,1
DA:94,0
DA:95,0
DA:96,0
DA:97,1
DA:98,1
DA:99,0
DA:100,0
DA:101,0
DA:102,1
LF:102
LH:90
BRDA:72,0,0,1
BRF:1
BRH:1
end_of_record
TN:
SF:src/services/procedureService.ts
FN:47,createProcedure
FN:53,updateProcedure
FN:59,getProcedure
FN:65,listProcedures
FNF:4
FNH:4
FNDA:1,createProcedure
FNDA:1,updateProcedure
FNDA:1,getProcedure
FNDA:9,listProcedures
DA:1,1
DA:2,1
DA:3,1
DA:4,1
DA:5,1
DA:6,1
DA:7,1
DA:8,1
DA:9,1
DA:10,1
DA:11,1
DA:12,1
DA:13,1
DA:14,1
DA:15,1
DA:16,1
DA:17,1
DA:18,1
DA:19,1
DA:20,1
DA:21,1
DA:22,1
DA:23,1
DA:24,1
DA:25,1
DA:26,1
DA:27,1
DA:28,1
DA:29,1
DA:30,1
DA:31,1
DA:32,1
DA:33,1
DA:34,1
DA:35,1
DA:36,1
DA:37,1
DA:38,1
DA:39,1
DA:40,1
DA:41,1
DA:42,1
DA:43,1
DA:44,1
DA:45,1
DA:46,1
DA:47,1
DA:48,1
DA:49,1
DA:50,1
DA:51,1
DA:52,1
DA:53,1
DA:54,1
DA:55,1
DA:56,1
DA:57,1
DA:58,1
DA:59,1
DA:60,1
DA:61,1
DA:62,1
DA:63,1
DA:64,1
DA:65,1
DA:66,9
DA:67,9
DA:68,9
DA:69,9
DA:70,9
DA:71,9
DA:72,9
DA:73,9
DA:74,9
DA:75,9
DA:76,1
LF:76
LH:76
BRDA:47,0,0,1
BRDA:53,1,0,1
BRDA:59,2,0,1
BRDA:65,3,0,9
BRF:4
BRH:4
end_of_record
TN:
SF:src/services/reportAddendumService.ts
FN:15,list
FN:20,create
FN:25,update
FN:30,remove
FNF:4
FNH:4
FNDA:1,list
FNDA:1,create
FNDA:1,update
FNDA:1,remove
DA:1,1
DA:2,1
DA:3,1
DA:4,1
DA:5,1
DA:6,1
DA:7,1
DA:8,1
DA:9,1
DA:10,1
DA:11,1
DA:12,1
DA:13,1
DA:14,1
DA:15,1
DA:16,1
DA:17,1
DA:18,1
DA:19,1
DA:20,1
DA:21,1
DA:22,1
DA:23,1
DA:24,1
DA:25,1
DA:26,1
DA:27,1
DA:28,1
DA:29,1
DA:30,1
DA:31,1
DA:32,1
DA:33,1
DA:34,1
LF:34
LH:34
BRDA:15,0,0,1
BRDA:20,1,0,1
BRDA:25,2,0,1
BRDA:30,3,0,1
BRF:4
BRH:4
end_of_record
TN:
SF:src/services/reportAuditLogService.ts
FN:16,list
FNF:1
FNH:1
FNDA:1,list
DA:1,1
DA:2,1
DA:3,1
DA:4,1
DA:5,1
DA:6,1
DA:7,1
DA:8,1
DA:9,1
DA:10,1
DA:11,1
DA:12,1
DA:13,1
DA:14,1
DA:15,1
DA:16,1
DA:17,1
DA:18,1
DA:19,1
DA:20,1
LF:20
LH:20
BRDA:16,0,0,1
BRF:1
BRH:1
end_of_record
TN:
SF:src/services/reportConfigService.ts
FN:31,get
FN:36,update
FNF:2
FNH:2
FNDA:3,get
FNDA:1,update
DA:1,1
DA:2,1
DA:3,1
DA:4,1
DA:5,1
DA:6,1
DA:7,1
DA:8,1
DA:9,1
DA:10,1
DA:11,1
DA:12,1
DA:13,1
DA:14,1
DA:15,1
DA:16,1
DA:17,1
DA:18,1
DA:19,1
DA:20,1
DA:21,1
DA:22,1
DA:23,1
DA:24,1
DA:25,1
DA:26,1
DA:27,1
DA:28,1
DA:29,1
DA:30,1
DA:31,1
DA:32,3
DA:33,3
DA:34,3
DA:35,1
DA:36,1
DA:37,1
DA:38,1
DA:39,1
DA:40,1
LF:40
LH:40
BRDA:31,0,0,3
BRDA:36,1,0,1
BRF:2
BRH:2
end_of_record
TN:
SF:src/services/reportPhraseService.ts
FN:11,list
FN:16,create
FN:21,update
FN:26,remove
FNF:4
FNH:4
FNDA:3,list
FNDA:1,create
FNDA:1,update
FNDA:1,remove
DA:1,1
DA:2,1
DA:3,1
DA:4,1
DA:5,1
DA:6,1
DA:7,1
DA:8,1
DA:9,1
DA:10,1
DA:11,1
DA:12,3
DA:13,3
DA:14,3
DA:15,1
DA:16,1
DA:17,1
DA:18,1
DA:19,1
DA:20,1
DA:21,1
DA:22,1
DA:23,1
DA:24,1
DA:25,1
DA:26,1
DA:27,1
DA:28,1
DA:29,1
DA:30,1
LF:30
LH:30
BRDA:11,0,0,3
BRDA:16,1,0,1
BRDA:21,2,0,1
BRDA:26,3,0,1
BRF:4
BRH:4
end_of_record
TN:
SF:src/services/reportService.ts
FN:34,list
FN:40,create
FN:46,update
FN:52,remove
FN:58,spellCheck
FN:63,uploadTemporaryPriorStudy
FN:68,listTemporaryPriorStudies
FN:73,deleteTemporaryPriorStudy
FNF:8
FNH:8
FNDA:4,list
FNDA:1,create
FNDA:1,update
FNDA:1,remove
FNDA:1,spellCheck
FNDA:1,uploadTemporaryPriorStudy
FNDA:1,listTemporaryPriorStudies
FNDA:1,deleteTemporaryPriorStudy
DA:1,1
DA:2,1
DA:3,1
DA:4,1
DA:5,1
DA:6,1
DA:7,1
DA:8,1
DA:9,1
DA:10,1
DA:11,1
DA:12,1
DA:13,1
DA:14,1
DA:15,1
DA:16,1
DA:17,1
DA:18,1
DA:19,1
DA:20,1
DA:21,1
DA:22,1
DA:23,1
DA:24,1
DA:25,1
DA:26,1
DA:27,1
DA:28,1
DA:29,1
DA:30,1
DA:31,1
DA:32,1
DA:33,1
DA:34,1
DA:35,4
DA:36,4
DA:37,4
DA:38,4
DA:39,1
DA:40,1
DA:41,1
DA:42,1
DA:43,1
DA:44,1
DA:45,1
DA:46,1
DA:47,1
DA:48,1
DA:49,1
DA:50,1
DA:51,1
DA:52,1
DA:53,1
DA:54,1
DA:55,1
DA:56,1
DA:57,1
DA:58,1
DA:59,1
DA:60,1
DA:61,1
DA:62,1
DA:63,1
DA:64,1
DA:65,1
DA:66,1
DA:67,1
DA:68,1
DA:69,1
DA:70,1
DA:71,1
DA:72,1
DA:73,1
DA:74,1
DA:75,1
DA:76,1
DA:77,1
LF:77
LH:77
BRDA:34,0,0,4
BRDA:40,1,0,1
BRDA:46,2,0,1
BRDA:52,3,0,1
BRDA:58,4,0,1
BRDA:63,5,0,1
BRDA:68,6,0,1
BRDA:73,7,0,1
BRF:8
BRH:8
end_of_record
TN:
SF:src/services/reportTemplateService.ts
FN:11,list
FN:16,create
FN:21,update
FN:26,remove
FNF:4
FNH:4
FNDA:3,list
FNDA:1,create
FNDA:1,update
FNDA:1,remove
DA:1,1
DA:2,1
DA:3,1
DA:4,1
DA:5,1
DA:6,1
DA:7,1
DA:8,1
DA:9,1
DA:10,1
DA:11,1
DA:12,3
DA:13,3
DA:14,3
DA:15,1
DA:16,1
DA:17,1
DA:18,1
DA:19,1
DA:20,1
DA:21,1
DA:22,1
DA:23,1
DA:24,1
DA:25,1
DA:26,1
DA:27,1
DA:28,1
DA:29,1
DA:30,1
LF:30
LH:30
BRDA:11,0,0,3
BRDA:16,1,0,1
BRDA:21,2,0,1
BRDA:26,3,0,1
BRF:4
BRH:4
end_of_record
TN:
SF:src/services/reportWorklistService.ts
FN:42,getDicomWebTagValue
FN:49,list
FN:54,create
FN:59,update
FN:64,remove
FN:72,fetchDicom
FN:80,fetchDicomUrl
FN:88,fetchDicomSeries
FN:94,fetchDicomSeriesSummary
FN:102,fetchDicomSeriesFiles
FN:111,downloadDicomFiles
FN:126,buildSeriesImageId
FN:136,fetchDicomSeriesImageIds
FN:141,buildDicomWebImageId
FN:146,fetchDicomWebSeriesSummary
FN:182,fetchDicomWebSeriesImageIds
FNF:16
FNH:4
FNDA:0,getDicomWebTagValue
FNDA:2,list
FNDA:1,create
FNDA:1,update
FNDA:1,remove
FNDA:0,fetchDicom
FNDA:0,fetchDicomUrl
FNDA:0,fetchDicomSeries
FNDA:0,fetchDicomSeriesSummary
FNDA:0,fetchDicomSeriesFiles
FNDA:0,downloadDicomFiles
FNDA:0,buildSeriesImageId
FNDA:0,fetchDicomSeriesImageIds
FNDA:0,buildDicomWebImageId
FNDA:0,fetchDicomWebSeriesSummary
FNDA:0,fetchDicomWebSeriesImageIds
DA:1,1
DA:2,1
DA:3,1
DA:4,1
DA:5,1
DA:6,1
DA:7,1
DA:8,1
DA:9,1
DA:10,1
DA:11,1
DA:12,1
DA:13,1
DA:14,1
DA:15,1
DA:16,1
DA:17,1
DA:18,1
DA:19,1
DA:20,1
DA:21,1
DA:22,1
DA:23,1
DA:24,1
DA:25,1
DA:26,1
DA:27,1
DA:28,1
DA:29,1
DA:30,1
DA:31,1
DA:32,1
DA:33,1
DA:34,1
DA:35,1
DA:36,1
DA:37,1
DA:38,1
DA:39,1
DA:40,1
DA:41,1
DA:42,1
DA:43,0
DA:44,0
DA:45,0
DA:46,0
DA:47,1
DA:48,1
DA:49,1
DA:50,2
DA:51,2
DA:52,2
DA:53,1
DA:54,1
DA:55,1
DA:56,1
DA:57,1
DA:58,1
DA:59,1
DA:60,1
DA:61,1
DA:62,1
DA:63,1
DA:64,1
DA:65,1
DA:66,1
DA:67,1
DA:68,1
DA:69,1
DA:70,1
DA:71,1
DA:72,1
DA:73,0
DA:74,0
DA:75,0
DA:76,1
DA:77,1
DA:78,1
DA:79,1
DA:80,1
DA:81,0
DA:82,0
DA:83,0
DA:84,1
DA:85,1
DA:86,1
DA:87,1
DA:88,1
DA:89,0
DA:90,0
DA:91,0
DA:92,0
DA:93,1
DA:94,1
DA:95,0
DA:96,0
DA:97,0
DA:98,0
DA:99,0
DA:100,0
DA:101,1
DA:102,1
DA:103,0
DA:104,0
DA:105,0
DA:106,0
DA:107,0
DA:108,0
DA:109,0
DA:110,1
DA:111,1
DA:112,0
DA:113,0
DA:114,0
DA:115,0
DA:116,0
DA:117,0
DA:118,0
DA:119,0
DA:120,0
DA:121,0
DA:122,1
DA:123,1
DA:124,1
DA:125,1
DA:126,1
DA:127,0
DA:128,0
DA:129,0
DA:130,0
DA:131,1
DA:132,1
DA:133,1
DA:134,1
DA:135,1
DA:136,1
DA:137,0
DA:138,0
DA:139,0
DA:140,1
DA:141,1
DA:142,0
DA:143,0
DA:144,0
DA:145,1
DA:146,1
DA:147,0
DA:148,0
DA:149,0
DA:150,0
DA:151,0
DA:152,0
DA:153,0
DA:154,0
DA:155,0
DA:156,0
DA:157,0
DA:158,0
DA:159,0
DA:160,0
DA:161,0
DA:162,0
DA:163,0
DA:164,0
DA:165,0
DA:166,0
DA:167,0
DA:168,0
DA:169,0
DA:170,0
DA:171,0
DA:172,0
DA:173,0
DA:174,0
DA:175,0
DA:176,0
DA:177,0
DA:178,0
DA:179,0
DA:180,0
DA:181,1
DA:182,1
DA:183,0
DA:184,0
DA:185,0
DA:186,0
DA:187,0
DA:188,0
DA:189,0
DA:190,0
DA:191,0
DA:192,0
DA:193,0
DA:194,1
LF:194
LH:102
BRDA:49,0,0,2
BRDA:54,1,0,1
BRDA:59,2,0,1
BRDA:64,3,0,1
BRF:4
BRH:4
end_of_record
TN:
SF:src/services/sectorService.ts
FN:4,listSectors
FN:9,getSector
FN:14,createSector
FN:19,updateSector
FN:24,deleteSector
FNF:5
FNH:5
FNDA:5,listSectors
FNDA:1,getSector
FNDA:1,createSector
FNDA:1,updateSector
FNDA:1,deleteSector
DA:1,1
DA:2,1
DA:3,1
DA:4,1
DA:5,5
DA:6,5
DA:7,5
DA:8,1
DA:9,1
DA:10,1
DA:11,1
DA:12,1
DA:13,1
DA:14,1
DA:15,1
DA:16,1
DA:17,1
DA:18,1
DA:19,1
DA:20,1
DA:21,1
DA:22,1
DA:23,1
DA:24,1
DA:25,1
DA:26,1
DA:27,1
DA:28,1
DA:29,1
DA:30,1
LF:30
LH:30
BRDA:4,0,0,5
BRDA:9,1,0,1
BRDA:14,2,0,1
BRDA:19,3,0,1
BRDA:24,4,0,1
BRF:5
BRH:5
end_of_record
TN:
SF:src/services/teaEvolutionTemplateService.ts
FN:16,list
FN:21,resolve
FN:26,upsert
FN:31,update
FN:36,deactivate
FNF:5
FNH:5
FNDA:2,list
FNDA:1,resolve
FNDA:1,upsert
FNDA:1,update
FNDA:1,deactivate
DA:1,1
DA:2,1
DA:3,1
DA:4,1
DA:5,1
DA:6,1
DA:7,1
DA:8,1
DA:9,1
DA:10,1
DA:11,1
DA:12,1
DA:13,1
DA:14,1
DA:15,1
DA:16,1
DA:17,2
DA:18,2
DA:19,2
DA:20,1
DA:21,1
DA:22,1
DA:23,1
DA:24,1
DA:25,1
DA:26,1
DA:27,1
DA:28,1
DA:29,1
DA:30,1
DA:31,1
DA:32,1
DA:33,1
DA:34,1
DA:35,1
DA:36,1
DA:37,1
DA:38,1
DA:39,1
DA:40,1
LF:40
LH:40
BRDA:16,0,0,2
BRDA:21,1,0,1
BRDA:26,2,0,1
BRDA:31,3,0,1
BRDA:36,4,0,1
BRF:5
BRH:5
end_of_record
TN:
SF:src/services/teaPreReservationService.ts
FN:14,listCreated
FN:19,listPending
FN:24,getSuggestions
FN:37,getManualGrid
FN:42,create
FN:57,updateStatus
FN:68,convertToAppointment
FN:73,getConversionChecklist
FN:78,getTimeline
FN:83,validateWeekly
FN:91,acceptGroup
FN:111,listCancellationTherapies
FN:116,cancelTherapySeries
FNF:13
FNH:9
FNDA:2,listCreated
FNDA:4,listPending
FNDA:0,getSuggestions
FNDA:1,getManualGrid
FNDA:1,create
FNDA:1,updateStatus
FNDA:1,convertToAppointment
FNDA:1,getConversionChecklist
FNDA:1,getTimeline
FNDA:0,validateWeekly
FNDA:0,acceptGroup
FNDA:1,listCancellationTherapies
FNDA:0,cancelTherapySeries
DA:1,1
DA:2,1
DA:3,1
DA:4,1
DA:5,1
DA:6,1
DA:7,1
DA:8,1
DA:9,1
DA:10,1
DA:11,1
DA:12,1
DA:13,1
DA:14,1
DA:15,2
DA:16,2
DA:17,2
DA:18,1
DA:19,1
DA:20,4
DA:21,4
DA:22,4
DA:23,1
DA:24,1
DA:25,0
DA:26,0
DA:27,0
DA:28,0
DA:29,0
DA:30,0
DA:31,0
DA:32,0
DA:33,0
DA:34,0
DA:35,0
DA:36,1
DA:37,1
DA:38,1
DA:39,1
DA:40,1
DA:41,1
DA:42,1
DA:43,1
DA:44,1
DA:45,1
DA:46,1
DA:47,1
DA:48,1
DA:49,1
DA:50,1
DA:51,1
DA:52,1
DA:53,1
DA:54,1
DA:55,1
DA:56,1
DA:57,1
DA:58,1
DA:59,1
DA:60,1
DA:61,1
DA:62,1
DA:63,1
DA:64,1
DA:65,1
DA:66,1
DA:67,1
DA:68,1
DA:69,1
DA:70,1
DA:71,1
DA:72,1
DA:73,1
DA:74,1
DA:75,1
DA:76,1
DA:77,1
DA:78,1
DA:79,1
DA:80,1
DA:81,1
DA:82,1
DA:83,1
DA:84,0
DA:85,0
DA:86,0
DA:87,0
DA:88,0
DA:89,0
DA:90,1
DA:91,1
DA:92,0
DA:93,0
DA:94,0
DA:95,0
DA:96,0
DA:97,0
DA:98,0
DA:99,0
DA:100,0
DA:101,0
DA:102,0
DA:103,0
DA:104,0
DA:105,0
DA:106,0
DA:107,0
DA:108,0
DA:109,0
DA:110,1
DA:111,1
DA:112,1
DA:113,1
DA:114,1
DA:115,1
DA:116,1
DA:117,0
DA:118,0
DA:119,0
DA:120,0
DA:121,0
DA:122,0
DA:123,0
DA:124,0
DA:125,0
DA:126,0
DA:127,1
LF:127
LH:82
BRDA:14,0,0,2
BRDA:19,1,0,4
BRDA:37,2,0,1
BRDA:42,3,0,1
BRDA:57,4,0,1
BRDA:68,5,0,1
BRDA:73,6,0,1
BRDA:78,7,0,1
BRDA:111,8,0,1
BRF:9
BRH:9
end_of_record
TN:
SF:src/services/teaProfileService.ts
FN:35,list
FN:40,getById
FN:45,upsert
FN:50,listPlans
FN:55,createPlan
FN:70,updatePlan
FN:85,deactivatePlan
FN:90,listEvolutions
FN:95,createEvolution
FN:118,updateEvolution
FN:142,getReport
FN:147,getPit
FN:152,upsertPit
FN:180,deletePit
FNF:14
FNH:10
FNDA:9,list
FNDA:1,getById
FNDA:1,upsert
FNDA:1,listPlans
FNDA:1,createPlan
FNDA:1,updatePlan
FNDA:1,deactivatePlan
FNDA:1,listEvolutions
FNDA:0,createEvolution
FNDA:0,updateEvolution
FNDA:1,getReport
FNDA:1,getPit
FNDA:0,upsertPit
FNDA:0,deletePit
DA:1,1
DA:2,1
DA:3,1
DA:4,1
DA:5,1
DA:6,1
DA:7,1
DA:8,1
DA:9,1
DA:10,1
DA:11,1
DA:12,1
DA:13,1
DA:14,1
DA:15,1
DA:16,1
DA:17,1
DA:18,1
DA:19,1
DA:20,1
DA:21,1
DA:22,1
DA:23,1
DA:24,1
DA:25,1
DA:26,1
DA:27,1
DA:28,1
DA:29,1
DA:30,1
DA:31,1
DA:32,1
DA:33,1
DA:34,1
DA:35,1
DA:36,9
DA:37,9
DA:38,9
DA:39,1
DA:40,1
DA:41,1
DA:42,1
DA:43,1
DA:44,1
DA:45,1
DA:46,1
DA:47,1
DA:48,1
DA:49,1
DA:50,1
DA:51,1
DA:52,1
DA:53,1
DA:54,1
DA:55,1
DA:56,1
DA:57,1
DA:58,1
DA:59,1
DA:60,1
DA:61,1
DA:62,1
DA:63,1
DA:64,1
DA:65,1
DA:66,1
DA:67,1
DA:68,1
DA:69,1
DA:70,1
DA:71,1
DA:72,1
DA:73,1
DA:74,1
DA:75,1
DA:76,1
DA:77,1
DA:78,1
DA:79,1
DA:80,1
DA:81,1
DA:82,1
DA:83,1
DA:84,1
DA:85,1
DA:86,1
DA:87,1
DA:88,1
DA:89,1
DA:90,1
DA:91,1
DA:92,1
DA:93,1
DA:94,1
DA:95,1
DA:96,0
DA:97,0
DA:98,0
DA:99,0
DA:100,0
DA:101,0
DA:102,0
DA:103,0
DA:104,0
DA:105,0
DA:106,0
DA:107,0
DA:108,0
DA:109,0
DA:110,0
DA:111,0
DA:112,0
DA:113,0
DA:114,0
DA:115,0
DA:116,0
DA:117,1
DA:118,1
DA:119,0
DA:120,0
DA:121,0
DA:122,0
DA:123,0
DA:124,0
DA:125,0
DA:126,0
DA:127,0
DA:128,0
DA:129,0
DA:130,0
DA:131,0
DA:132,0
DA:133,0
DA:134,0
DA:135,0
DA:136,0
DA:137,0
DA:138,0
DA:139,0
DA:140,0
DA:141,1
DA:142,1
DA:143,1
DA:144,1
DA:145,1
DA:146,1
DA:147,1
DA:148,1
DA:149,1
DA:150,1
DA:151,1
DA:152,1
DA:153,0
DA:154,0
DA:155,0
DA:156,0
DA:157,0
DA:158,0
DA:159,0
DA:160,0
DA:161,0
DA:162,0
DA:163,0
DA:164,0
DA:165,0
DA:166,0
DA:167,0
DA:168,0
DA:169,0
DA:170,0
DA:171,0
DA:172,0
DA:173,0
DA:174,0
DA:175,0
DA:176,0
DA:177,0
DA:178,0
DA:179,1
DA:180,1
DA:181,0
DA:182,0
DA:183,0
DA:184,0
DA:185,0
DA:186,0
DA:187,1
LF:187
LH:112
BRDA:35,0,0,9
BRDA:40,1,0,1
BRDA:45,2,0,1
BRDA:50,3,0,1
BRDA:55,4,0,1
BRDA:70,5,0,1
BRDA:85,6,0,1
BRDA:90,7,0,1
BRDA:142,8,0,1
BRDA:147,9,0,1
BRF:10
BRH:10
end_of_record
TN:
SF:src/services/ticketService.ts
FN:57,normalizeTicketsResponse
FN:80,create
FN:85,list
FN:96,listMine
FN:101,updateStatus
FN:106,updatePriority
FN:111,getAdminById
FN:116,listAdminMessages
FN:122,sendAdminMessage
FN:130,listMyMessages
FN:136,getMineById
FN:141,sendMyMessage
FN:149,confirmMyTicketClose
FN:154,viewAdminMessageAttachment
FN:161,viewMyMessageAttachment
FNF:15
FNH:15
FNDA:35,normalizeTicketsResponse
FNDA:1,create
FNDA:1,list
FNDA:34,listMine
FNDA:1,updateStatus
FNDA:1,updatePriority
FNDA:1,getAdminById
FNDA:1,listAdminMessages
FNDA:1,sendAdminMessage
FNDA:1,listMyMessages
FNDA:1,getMineById
FNDA:1,sendMyMessage
FNDA:1,confirmMyTicketClose
FNDA:1,viewAdminMessageAttachment
FNDA:1,viewMyMessageAttachment
DA:1,1
DA:2,1
DA:3,1
DA:4,1
DA:5,1
DA:6,1
DA:7,1
DA:8,1
DA:9,1
DA:10,1
DA:11,1
DA:12,1
DA:13,1
DA:14,1
DA:15,1
DA:16,1
DA:17,1
DA:18,1
DA:19,1
DA:20,1
DA:21,1
DA:22,1
DA:23,1
DA:24,1
DA:25,1
DA:26,1
DA:27,1
DA:28,1
DA:29,1
DA:30,1
DA:31,1
DA:32,1
DA:33,1
DA:34,1
DA:35,1
DA:36,1
DA:37,1
DA:38,1
DA:39,1
DA:40,1
DA:41,1
DA:42,1
DA:43,1
DA:44,1
DA:45,1
DA:46,1
DA:47,1
DA:48,1
DA:49,1
DA:50,1
DA:51,1
DA:52,1
DA:53,1
DA:54,1
DA:55,1
DA:56,1
DA:57,1
DA:58,35
DA:59,33
DA:60,33
DA:61,33
DA:62,33
DA:63,33
DA:64,2
DA:65,2
DA:66,35
DA:67,0
DA:68,2
DA:69,0
DA:70,2
DA:71,35
DA:72,35
DA:73,35
DA:74,35
DA:75,35
DA:76,35
DA:77,35
DA:78,1
DA:79,1
DA:80,1
DA:81,1
DA:82,1
DA:83,1
DA:84,1
DA:85,1
DA:86,1
DA:87,1
DA:88,1
DA:89,1
DA:90,1
DA:91,1
DA:92,1
DA:93,1
DA:94,1
DA:95,1
DA:96,1
DA:97,34
DA:98,34
DA:99,34
DA:100,1
DA:101,1
DA:102,1
DA:103,1
DA:104,1
DA:105,1
DA:106,1
DA:107,1
DA:108,1
DA:109,1
DA:110,1
DA:111,1
DA:112,1
DA:113,1
DA:114,1
DA:115,1
DA:116,1
DA:117,1
DA:118,1
DA:119,1
DA:120,1
DA:121,1
DA:122,1
DA:123,1
DA:124,1
DA:125,1
DA:126,1
DA:127,1
DA:128,1
DA:129,1
DA:130,1
DA:131,1
DA:132,1
DA:133,1
DA:134,1
DA:135,1
DA:136,1
DA:137,1
DA:138,1
DA:139,1
DA:140,1
DA:141,1
DA:142,1
DA:143,1
DA:144,1
DA:145,1
DA:146,1
DA:147,1
DA:148,1
DA:149,1
DA:150,1
DA:151,1
DA:152,1
DA:153,1
DA:154,1
DA:155,1
DA:156,1
DA:157,1
DA:158,1
DA:159,1
DA:160,1
DA:161,1
DA:162,1
DA:163,1
DA:164,1
DA:165,1
DA:166,1
DA:167,1
LF:167
LH:165
BRDA:57,0,0,35
BRDA:58,1,0,33
BRDA:63,2,0,2
BRDA:65,3,0,0
BRDA:66,4,0,0
BRDA:67,5,0,2
BRDA:68,6,0,0
BRDA:74,7,0,0
BRDA:74,8,0,2
BRDA:75,9,0,0
BRDA:75,10,0,2
BRDA:80,11,0,1
BRDA:85,12,0,1
BRDA:96,13,0,34
BRDA:101,14,0,1
BRDA:106,15,0,1
BRDA:111,16,0,1
BRDA:116,17,0,1
BRDA:118,18,0,0
BRDA:119,19,0,0
BRDA:122,20,0,1
BRDA:130,21,0,1
BRDA:132,22,0,0
BRDA:133,23,0,0
BRDA:136,24,0,1
BRDA:141,25,0,1
BRDA:149,26,0,1
BRDA:154,27,0,1
BRDA:161,28,0,1
BRF:29
BRH:20
end_of_record
TN:
SF:src/services/tissBatchService.ts
FN:42,list
FN:47,create
FN:52,updateStatus
FN:57,registerProtocol
FN:62,registerReturn
FN:76,represent
FN:81,downloadXml
FNF:7
FNH:7
FNDA:1,list
FNDA:1,create
FNDA:1,updateStatus
FNDA:1,registerProtocol
FNDA:1,registerReturn
FNDA:1,represent
FNDA:1,downloadXml
DA:1,1
DA:2,1
DA:3,1
DA:4,1
DA:5,1
DA:6,1
DA:7,1
DA:8,1
DA:9,1
DA:10,1
DA:11,1
DA:12,1
DA:13,1
DA:14,1
DA:15,1
DA:16,1
DA:17,1
DA:18,1
DA:19,1
DA:20,1
DA:21,1
DA:22,1
DA:23,1
DA:24,1
DA:25,1
DA:26,1
DA:27,1
DA:28,1
DA:29,1
DA:30,1
DA:31,1
DA:32,1
DA:33,1
DA:34,1
DA:35,1
DA:36,1
DA:37,1
DA:38,1
DA:39,1
DA:40,1
DA:41,1
DA:42,1
DA:43,1
DA:44,1
DA:45,1
DA:46,1
DA:47,1
DA:48,1
DA:49,1
DA:50,1
DA:51,1
DA:52,1
DA:53,1
DA:54,1
DA:55,1
DA:56,1
DA:57,1
DA:58,1
DA:59,1
DA:60,1
DA:61,1
DA:62,1
DA:63,1
DA:64,1
DA:65,1
DA:66,1
DA:67,1
DA:68,1
DA:69,1
DA:70,1
DA:71,1
DA:72,1
DA:73,1
DA:74,1
DA:75,1
DA:76,1
DA:77,1
DA:78,1
DA:79,1
DA:80,1
DA:81,1
DA:82,1
DA:83,1
DA:84,1
DA:85,1
LF:85
LH:85
BRDA:42,0,0,1
BRDA:47,1,0,1
BRDA:52,2,0,1
BRDA:57,3,0,1
BRDA:62,4,0,1
BRDA:76,5,0,1
BRDA:81,6,0,1
BRF:7
BRH:7
end_of_record
TN:
SF:src/services/userService.ts
FN:4,listUsers
FN:9,getUser
FN:14,createUser
FN:19,updateUser
FN:24,deleteUser
FN:29,addAccessToUser
FNF:6
FNH:6
FNDA:1,listUsers
FNDA:2,getUser
FNDA:1,createUser
FNDA:1,updateUser
FNDA:1,deleteUser
FNDA:2,addAccessToUser
DA:1,1
DA:2,1
DA:3,1
DA:4,1
DA:5,1
DA:6,1
DA:7,1
DA:8,1
DA:9,1
DA:10,2
DA:11,2
DA:12,2
DA:13,1
DA:14,1
DA:15,1
DA:16,1
DA:17,1
DA:18,1
DA:19,1
DA:20,1
DA:21,1
DA:22,1
DA:23,1
DA:24,1
DA:25,1
DA:26,1
DA:27,1
DA:28,1
DA:29,1
DA:30,2
DA:31,2
DA:32,2
DA:33,1
DA:34,1
DA:35,2
DA:36,2
DA:37,2
DA:38,1
DA:39,1
DA:40,1
LF:40
LH:40
BRDA:4,0,0,1
BRDA:9,1,0,2
BRDA:14,2,0,1
BRDA:19,3,0,1
BRDA:24,4,0,1
BRDA:29,5,0,2
BRDA:31,6,0,0
BRDA:32,7,0,1
BRDA:31,8,0,2
BRF:9
BRH:8
end_of_record
TN:
SF:src/services/whatsappConversationService.ts
FN:110,listFlows
FN:115,listOperators
FN:141,listTemplates
FN:146,createTemplate
FN:151,saveSettings
FN:180,saveOperatorConfig
FN:210,listConversations
FN:220,getMessages
FN:233,getProtocolHistory
FN:269,claimConversation
FN:274,sendMessage
FN:279,closeConversation
FNF:12
FNH:6
FNDA:2,listFlows
FNDA:2,listOperators
FNDA:1,listTemplates
FNDA:1,createTemplate
FNDA:0,saveSettings
FNDA:0,saveOperatorConfig
FNDA:2,listConversations
FNDA:1,getMessages
FNDA:0,getProtocolHistory
FNDA:0,claimConversation
FNDA:0,sendMessage
FNDA:0,closeConversation
DA:1,1
DA:2,1
DA:3,1
DA:4,1
DA:5,1
DA:6,1
DA:7,1
DA:8,1
DA:9,1
DA:10,1
DA:11,1
DA:12,1
DA:13,1
DA:14,1
DA:15,1
DA:16,1
DA:17,1
DA:18,1
DA:19,1
DA:20,1
DA:21,1
DA:22,1
DA:23,1
DA:24,1
DA:25,1
DA:26,1
DA:27,1
DA:28,1
DA:29,1
DA:30,1
DA:31,1
DA:32,1
DA:33,1
DA:34,1
DA:35,1
DA:36,1
DA:37,1
DA:38,1
DA:39,1
DA:40,1
DA:41,1
DA:42,1
DA:43,1
DA:44,1
DA:45,1
DA:46,1
DA:47,1
DA:48,1
DA:49,1
DA:50,1
DA:51,1
DA:52,1
DA:53,1
DA:54,1
DA:55,1
DA:56,1
DA:57,1
DA:58,1
DA:59,1
DA:60,1
DA:61,1
DA:62,1
DA:63,1
DA:64,1
DA:65,1
DA:66,1
DA:67,1
DA:68,1
DA:69,1
DA:70,1
DA:71,1
DA:72,1
DA:73,1
DA:74,1
DA:75,1
DA:76,1
DA:77,1
DA:78,1
DA:79,1
DA:80,1
DA:81,1
DA:82,1
DA:83,1
DA:84,1
DA:85,1
DA:86,1
DA:87,1
DA:88,1
DA:89,1
DA:90,1
DA:91,1
DA:92,1
DA:93,1
DA:94,1
DA:95,1
DA:96,1
DA:97,1
DA:98,1
DA:99,1
DA:100,1
DA:101,1
DA:102,1
DA:103,1
DA:104,1
DA:105,1
DA:106,1
DA:107,1
DA:108,1
DA:109,1
DA:110,1
DA:111,2
DA:112,2
DA:113,2
DA:114,1
DA:115,1
DA:116,2
DA:117,2
DA:118,2
DA:119,2
DA:120,2
DA:121,2
DA:122,2
DA:123,2
DA:124,2
DA:125,2
DA:126,2
DA:127,2
DA:128,0
DA:129,0
DA:130,0
DA:131,0
DA:132,0
DA:133,0
DA:134,0
DA:135,0
DA:136,0
DA:137,0
DA:138,0
DA:139,2
DA:140,1
DA:141,1
DA:142,1
DA:143,1
DA:144,1
DA:145,1
DA:146,1
DA:147,1
DA:148,1
DA:149,1
DA:150,1
DA:151,1
DA:152,0
DA:153,0
DA:154,0
DA:155,0
DA:156,0
DA:157,0
DA:158,0
DA:159,0
DA:160,0
DA:161,0
DA:162,0
DA:163,0
DA:164,0
DA:165,0
DA:166,0
DA:167,0
DA:168,0
DA:169,0
DA:170,0
DA:171,0
DA:172,0
DA:173,0
DA:174,0
DA:175,0
DA:176,0
DA:177,0
DA:178,0
DA:179,1
DA:180,1
DA:181,0
DA:182,0
DA:183,0
DA:184,0
DA:185,0
DA:186,0
DA:187,0
DA:188,0
DA:189,0
DA:190,0
DA:191,0
DA:192,0
DA:193,0
DA:194,0
DA:195,0
DA:196,0
DA:197,0
DA:198,0
DA:199,0
DA:200,0
DA:201,0
DA:202,0
DA:203,0
DA:204,0
DA:205,0
DA:206,0
DA:207,0
DA:208,0
DA:209,1
DA:210,1
DA:211,2
DA:212,2
DA:213,2
DA:214,2
DA:215,2
DA:216,2
DA:217,2
DA:218,2
DA:219,1
DA:220,1
DA:221,1
DA:222,1
DA:223,1
DA:224,1
DA:225,1
DA:226,1
DA:227,1
DA:228,1
DA:229,1
DA:230,1
DA:231,1
DA:232,1
DA:233,1
DA:234,0
DA:235,0
DA:236,0
DA:237,0
DA:238,0
DA:239,0
DA:240,0
DA:241,0
DA:242,0
DA:243,0
DA:244,0
DA:245,0
DA:246,0
DA:247,0
DA:248,0
DA:249,0
DA:250,0
DA:251,0
DA:252,0
DA:253,0
DA:254,0
DA:255,0
DA:256,0
DA:257,0
DA:258,0
DA:259,0
DA:260,0
DA:261,0
DA:262,0
DA:263,0
DA:264,0
DA:265,0
DA:266,0
DA:267,0
DA:268,1
DA:269,1
DA:270,0
DA:271,0
DA:272,0
DA:273,1
DA:274,1
DA:275,0
DA:276,0
DA:277,0
DA:278,1
DA:279,1
DA:280,0
DA:281,0
DA:282,0
DA:283,1
DA:284,1
DA:285,1
LF:285
LH:176
BRDA:110,0,0,2
BRDA:115,1,0,2
BRDA:127,2,0,0
BRDA:141,3,0,1
BRDA:146,4,0,1
BRDA:210,5,0,2
BRDA:220,6,0,1
BRF:7
BRH:6
end_of_record
TN:
SF:src/services/whatsappService.ts
FN:79,getConfig
FN:91,saveConfig
FN:113,deleteConfig
FN:125,listTemplates
FN:130,saveTemplate
FN:142,getTemplate
FN:147,deleteTemplate
FN:151,syncHsmStatus
FN:156,loadDefaultTemplates
FN:161,pushTemplateToGupshup
FN:168,getNotificationConfig
FN:173,saveNotificationConfig
FN:186,sendMessage
FN:195,testMessage
FN:200,previewMessage
FN:207,listLogs
FN:218,getLog
FN:225,getAvailableVariables
FNF:18
FNH:14
FNDA:4,getConfig
FNDA:1,saveConfig
FNDA:1,deleteConfig
FNDA:2,listTemplates
FNDA:1,saveTemplate
FNDA:1,getTemplate
FNDA:1,deleteTemplate
FNDA:0,syncHsmStatus
FNDA:0,loadDefaultTemplates
FNDA:0,pushTemplateToGupshup
FNDA:2,getNotificationConfig
FNDA:1,saveNotificationConfig
FNDA:1,sendMessage
FNDA:0,testMessage
FNDA:1,previewMessage
FNDA:3,listLogs
FNDA:1,getLog
FNDA:2,getAvailableVariables
DA:1,1
DA:2,1
DA:3,1
DA:4,1
DA:5,1
DA:6,1
DA:7,1
DA:8,1
DA:9,1
DA:10,1
DA:11,1
DA:12,1
DA:13,1
DA:14,1
DA:15,1
DA:16,1
DA:17,1
DA:18,1
DA:19,1
DA:20,1
DA:21,1
DA:22,1
DA:23,1
DA:24,1
DA:25,1
DA:26,1
DA:27,1
DA:28,1
DA:29,1
DA:30,1
DA:31,1
DA:32,1
DA:33,1
DA:34,1
DA:35,1
DA:36,1
DA:37,1
DA:38,1
DA:39,1
DA:40,1
DA:41,1
DA:42,1
DA:43,1
DA:44,1
DA:45,1
DA:46,1
DA:47,1
DA:48,1
DA:49,1
DA:50,1
DA:51,1
DA:52,1
DA:53,1
DA:54,1
DA:55,1
DA:56,1
DA:57,1
DA:58,1
DA:59,1
DA:60,1
DA:61,1
DA:62,1
DA:63,1
DA:64,1
DA:65,1
DA:66,1
DA:67,1
DA:68,1
DA:69,1
DA:70,1
DA:71,1
DA:72,1
DA:73,1
DA:74,1
DA:75,1
DA:76,1
DA:77,1
DA:78,1
DA:79,1
DA:80,4
DA:81,4
DA:82,4
DA:83,4
DA:84,4
DA:85,4
DA:86,4
DA:87,4
DA:88,4
DA:89,4
DA:90,1
DA:91,1
DA:92,1
DA:93,1
DA:94,1
DA:95,1
DA:96,1
DA:97,1
DA:98,1
DA:99,1
DA:100,1
DA:101,1
DA:102,1
DA:103,1
DA:104,1
DA:105,1
DA:106,1
DA:107,1
DA:108,1
DA:109,1
DA:110,1
DA:111,1
DA:112,1
DA:113,1
DA:114,1
DA:115,1
DA:116,1
DA:117,1
DA:118,1
DA:119,1
DA:120,1
DA:121,1
DA:122,1
DA:123,1
DA:124,1
DA:125,1
DA:126,2
DA:127,2
DA:128,2
DA:129,1
DA:130,1
DA:131,1
DA:132,1
DA:133,1
DA:134,1
DA:135,1
DA:136,1
DA:137,1
DA:138,1
DA:139,1
DA:140,1
DA:141,1
DA:142,1
DA:143,1
DA:144,1
DA:145,1
DA:146,1
DA:147,1
DA:148,1
DA:149,1
DA:150,1
DA:151,1
DA:152,0
DA:153,0
DA:154,0
DA:155,1
DA:156,1
DA:157,0
DA:158,0
DA:159,0
DA:160,1
DA:161,1
DA:162,0
DA:163,0
DA:164,0
DA:165,1
DA:166,1
DA:167,1
DA:168,1
DA:169,2
DA:170,2
DA:171,2
DA:172,1
DA:173,1
DA:174,1
DA:175,1
DA:176,1
DA:177,1
DA:178,1
DA:179,1
DA:180,1
DA:181,1
DA:182,1
DA:183,1
DA:184,1
DA:185,1
DA:186,1
DA:187,1
DA:188,1
DA:189,1
DA:190,1
DA:191,1
DA:192,1
DA:193,1
DA:194,1
DA:195,1
DA:196,0
DA:197,0
DA:198,0
DA:199,1
DA:200,1
DA:201,1
DA:202,1
DA:203,1
DA:204,1
DA:205,1
DA:206,1
DA:207,1
DA:208,3
DA:209,3
DA:210,3
DA:211,3
DA:212,3
DA:213,3
DA:214,3
DA:215,3
DA:216,3
DA:217,1
DA:218,1
DA:219,1
DA:220,1
DA:221,1
DA:222,1
DA:223,1
DA:224,1
DA:225,1
DA:226,2
DA:227,2
DA:228,2
DA:229,1
LF:229
LH:217
BRDA:79,0,0,4
BRDA:83,1,0,2
BRDA:83,2,0,2
BRDA:85,3,0,2
BRDA:85,4,0,0
BRDA:91,5,0,1
BRDA:102,6,0,0
BRDA:104,7,0,0
BRDA:104,8,0,0
BRDA:108,9,0,0
BRDA:113,10,0,1
BRDA:117,11,0,0
BRDA:119,12,0,0
BRDA:125,13,0,2
BRDA:130,14,0,1
BRDA:142,15,0,1
BRDA:147,16,0,1
BRDA:168,17,0,2
BRDA:173,18,0,1
BRDA:186,19,0,1
BRDA:200,20,0,1
BRDA:207,21,0,3
BRDA:218,22,0,1
BRDA:225,23,0,2
BRF:24
BRH:17
end_of_record
TN:
SF:src/utils/appColorScheme.ts
FN:6,isBrowser
FN:8,getAppColorScheme
FN:15,applyAppColorScheme
FN:23,resetAppColorScheme
FNF:4
FNH:4
FNDA:41,isBrowser
FNDA:36,getAppColorScheme
FNDA:5,applyAppColorScheme
FNDA:1,resetAppColorScheme
DA:1,1
DA:2,1
DA:3,1
DA:4,1
DA:5,1
DA:6,1
DA:7,1
DA:8,1
DA:9,36
DA:10,36
DA:11,36
DA:12,36
DA:13,36
DA:14,1
DA:15,1
DA:16,5
DA:17,5
DA:18,5
DA:19,5
DA:20,5
DA:21,5
DA:22,1
DA:23,1
DA:24,1
DA:25,1
LF:25
LH:25
BRDA:6,0,0,41
BRDA:8,1,0,36
BRDA:9,2,0,0
BRDA:11,3,0,33
BRDA:12,4,0,1
BRDA:12,5,0,35
BRDA:15,6,0,5
BRDA:16,7,0,0
BRDA:23,8,0,1
BRF:9
BRH:7
end_of_record
TN:
SF:src/utils/cpfRegistry.ts
FN:21,isRecord
FN:23,getApiList
FN:43,getEntityId
FN:46,getEntityCpf
FN:48,findExistingCpf
FNF:5
FNH:5
FNDA:3,isRecord
FNDA:12,getApiList
FNDA:10,getEntityId
FNDA:5,getEntityCpf
FNDA:7,findExistingCpf
DA:1,1
DA:2,1
DA:3,1
DA:4,1
DA:5,1
DA:6,1
DA:7,1
DA:8,1
DA:9,1
DA:10,1
DA:11,1
DA:12,1
DA:13,1
DA:14,1
DA:15,1
DA:16,1
DA:17,1
DA:18,1
DA:19,1
DA:20,1
DA:21,1
DA:22,1
DA:23,1
DA:24,12
DA:25,2
DA:26,12
DA:27,12
DA:28,12
DA:29,12
DA:30,5
DA:31,5
DA:32,5
DA:33,1
DA:34,12
DA:35,12
DA:36,1
DA:37,1
DA:38,1
DA:39,0
DA:40,0
DA:41,0
DA:42,1
DA:43,1
DA:44,10
DA:45,1
DA:46,1
DA:47,1
DA:48,7
DA:49,7
DA:50,7
DA:51,7
DA:52,7
DA:53,7
DA:54,7
DA:55,6
DA:56,6
DA:57,6
DA:58,6
DA:59,6
DA:60,6
DA:61,6
DA:62,6
DA:63,6
DA:64,6
DA:65,5
DA:66,5
DA:67,4
DA:68,6
DA:69,6
DA:70,7
DA:71,3
DA:72,3
DA:73,3
DA:74,3
DA:75,3
DA:76,3
DA:77,3
DA:78,3
DA:79,1
DA:80,1
DA:81,1
DA:82,3
DA:83,3
DA:84,7
DA:85,1
DA:86,1
DA:87,1
DA:88,1
DA:89,1
DA:90,1
DA:91,2
DA:92,2
DA:93,2
LF:93
LH:90
BRDA:21,0,0,3
BRDA:23,1,0,12
BRDA:24,2,0,10
BRDA:24,3,0,2
BRDA:26,4,0,0
BRDA:29,5,0,5
BRDA:31,6,0,1
BRDA:32,7,0,1
BRDA:34,8,0,0
BRDA:35,9,0,1
BRDA:38,10,0,0
BRDA:43,11,0,10
BRDA:44,12,0,0
BRDA:44,13,0,0
BRDA:44,14,0,0
BRDA:44,15,0,0
BRDA:44,16,0,0
BRDA:46,17,0,5
BRDA:46,18,0,0
BRDA:48,19,0,7
BRDA:54,20,0,1
BRDA:54,21,0,6
BRDA:70,22,0,3
BRDA:84,23,0,1
BRDA:90,24,0,2
BRDA:64,25,0,5
BRDA:66,26,0,1
BRDA:66,27,0,1
BRDA:66,28,0,1
BRDA:66,29,0,4
BRDA:78,30,0,1
BRDA:80,31,0,0
BRDA:80,32,0,0
BRDA:80,33,0,0
BRF:34
BRH:22
end_of_record
TN:
SF:src/utils/formatters.ts
FN:1,onlyDigits
FN:5,normalizeEmail
FN:7,isValidEmail
FN:13,isValidCPF
FN:18,calcDigit
FN:32,formatCPF
FN:41,formatCNPJ
FN:51,formatCEP
FN:58,formatPhone
FN:70,formatDateInput
FN:79,parseApiDateToLocalDate
FNF:11
FNH:11
FNDA:46,onlyDigits
FNDA:5,normalizeEmail
FNDA:3,isValidEmail
FNDA:4,isValidCPF
FNDA:4,calcDigit
FNDA:7,formatCPF
FNDA:6,formatCNPJ
FNDA:3,formatCEP
FNDA:6,formatPhone
FNDA:4,formatDateInput
FNDA:7,parseApiDateToLocalDate
DA:1,1
DA:2,1
DA:3,1
DA:4,1
DA:5,1
DA:6,1
DA:7,1
DA:8,3
DA:9,3
DA:10,2
DA:11,2
DA:12,1
DA:13,1
DA:14,4
DA:15,4
DA:16,4
DA:17,2
DA:18,2
DA:19,4
DA:20,4
DA:21,38
DA:22,38
DA:23,4
DA:24,4
DA:25,4
DA:26,2
DA:27,2
DA:28,2
DA:29,2
DA:30,4
DA:31,1
DA:32,1
DA:33,7
DA:34,7
DA:35,5
DA:36,5
DA:37,5
DA:38,1
DA:39,1
DA:40,1
DA:41,1
DA:42,6
DA:43,6
DA:44,6
DA:45,6
DA:46,6
DA:47,6
DA:48,1
DA:49,1
DA:50,1
DA:51,1
DA:52,3
DA:53,3
DA:54,3
DA:55,1
DA:56,1
DA:57,1
DA:58,1
DA:59,6
DA:60,6
DA:61,6
DA:62,4
DA:63,4
DA:64,6
DA:65,6
DA:66,2
DA:67,2
DA:68,2
DA:69,1
DA:70,1
DA:71,4
DA:72,4
DA:73,4
DA:74,4
DA:75,1
DA:76,1
DA:77,1
DA:78,1
DA:79,1
DA:80,7
DA:81,3
DA:82,3
DA:83,5
DA:84,2
DA:85,2
DA:86,2
DA:87,1
DA:88,1
DA:89,1
DA:90,0
DA:91,0
LF:91
LH:89
BRDA:1,0,0,46
BRDA:1,1,0,11
BRDA:5,2,0,5
BRDA:5,3,0,2
BRDA:7,4,0,3
BRDA:9,5,0,1
BRDA:9,6,0,2
BRDA:13,7,0,4
BRDA:15,8,0,1
BRDA:15,9,0,3
BRDA:16,10,0,1
BRDA:16,11,0,2
BRDA:18,12,0,4
BRDA:20,13,0,38
BRDA:24,14,0,1
BRDA:24,15,0,3
BRDA:32,16,0,7
BRDA:34,17,0,3
BRDA:34,18,0,5
BRDA:34,19,0,4
BRDA:35,20,0,1
BRDA:35,21,0,3
BRDA:36,22,0,1
BRDA:36,23,0,2
BRDA:37,24,0,1
BRDA:41,25,0,6
BRDA:43,26,0,1
BRDA:43,27,0,5
BRDA:44,28,0,1
BRDA:44,29,0,4
BRDA:45,30,0,1
BRDA:45,31,0,3
BRDA:46,32,0,1
BRDA:46,33,0,2
BRDA:47,34,0,1
BRDA:51,35,0,3
BRDA:53,36,0,1
BRDA:53,37,0,2
BRDA:54,38,0,1
BRDA:58,39,0,6
BRDA:60,40,0,1
BRDA:60,41,0,5
BRDA:61,42,0,1
BRDA:61,43,0,4
BRDA:64,44,0,1
BRDA:64,45,0,3
BRDA:65,46,0,1
BRDA:65,47,0,2
BRDA:70,48,0,4
BRDA:72,49,0,1
BRDA:72,50,0,3
BRDA:73,51,0,1
BRDA:73,52,0,2
BRDA:74,53,0,1
BRDA:79,54,0,7
BRDA:80,55,0,4
BRDA:80,56,0,5
BRDA:80,57,0,3
BRDA:83,58,0,2
BRDA:86,59,0,1
BRDA:89,60,0,0
BRF:61
BRH:60
end_of_record
TN:
SF:src/utils/moduleTypeAccess.ts
FN:16,normalizeCompanyModuleType
FN:21,isModuleAllowedForCompanyType
FN:29,filterModulesForCompanyType
FN:34,filterAccessesForCompanyType
FNF:4
FNH:4
FNDA:37,normalizeCompanyModuleType
FNDA:19,isModuleAllowedForCompanyType
FNDA:39,filterModulesForCompanyType
FNDA:1,filterAccessesForCompanyType
DA:1,1
DA:2,1
DA:3,1
DA:4,1
DA:5,1
DA:6,1
DA:7,1
DA:8,1
DA:9,1
DA:10,1
DA:11,1
DA:12,1
DA:13,1
DA:14,1
DA:15,1
DA:16,1
DA:17,37
DA:18,35
DA:19,35
DA:20,1
DA:21,1
DA:22,19
DA:23,19
DA:24,6
DA:25,6
DA:26,8
DA:27,8
DA:28,1
DA:29,1
DA:30,39
DA:31,39
DA:32,39
DA:33,1
DA:34,1
DA:35,1
DA:36,1
DA:37,1
DA:38,1
DA:39,1
DA:40,3
DA:41,3
DA:42,1
DA:43,1
DA:44,1
LF:44
LH:44
BRDA:16,0,0,37
BRDA:17,1,0,36
BRDA:17,2,0,35
BRDA:17,3,0,2
BRDA:21,4,0,19
BRDA:22,5,0,5
BRDA:22,6,0,14
BRDA:23,7,0,6
BRDA:24,8,0,4
BRDA:25,9,0,8
BRDA:29,10,0,39
BRDA:32,11,0,12
BRDA:32,12,0,0
BRDA:34,13,0,1
BRDA:39,14,0,3
BRDA:41,15,0,0
BRDA:43,16,0,3
BRF:17
BRH:15
end_of_record
TN:
SF:src/utils/sectorClassification.ts
FN:3,normalizeText
FN:5,isRoomLikeName
FN:11,isRoomSector
FN:21,markRoomDescription
FN:29,stripRoomMarker
FNF:5
FNH:5
FNDA:23,normalizeText
FNDA:8,isRoomLikeName
FNDA:5,isRoomSector
FNDA:3,markRoomDescription
FNDA:4,stripRoomMarker
DA:1,1
DA:2,1
DA:3,1
DA:4,1
DA:5,1
DA:6,8
DA:7,8
DA:8,8
DA:9,8
DA:10,1
DA:11,1
DA:12,5
DA:13,4
DA:14,4
DA:15,4
DA:16,5
DA:17,5
DA:18,2
DA:19,2
DA:20,1
DA:21,1
DA:22,3
DA:23,3
DA:24,3
DA:25,3
DA:26,1
DA:27,1
DA:28,1
DA:29,1
DA:30,4
DA:31,4
DA:32,4
DA:33,4
DA:34,1
DA:35,1
LF:35
LH:35
BRDA:3,0,0,23
BRDA:3,1,0,5
BRDA:5,2,0,8
BRDA:7,3,0,2
BRDA:7,4,0,6
BRDA:8,5,0,3
BRDA:11,6,0,5
BRDA:12,7,0,1
BRDA:12,8,0,4
BRDA:16,9,0,1
BRDA:16,10,0,3
BRDA:17,11,0,1
BRDA:17,12,0,2
BRDA:21,13,0,3
BRDA:23,14,0,1
BRDA:23,15,0,2
BRDA:24,16,0,1
BRDA:25,17,0,0
BRDA:25,18,0,1
BRDA:29,19,0,4
BRDA:31,20,0,1
BRDA:31,21,0,3
BRDA:32,22,0,1
BRDA:32,23,0,2
BRDA:33,24,0,1
BRF:25
BRH:24
end_of_record
TN:
SF:src/utils/userRole.ts
FN:1,isDoctorUser
FN:11,normalizeRoleToken
FN:17,isAdminUser
FNF:3
FNH:3
FNDA:72,isDoctorUser
FNDA:20,normalizeRoleToken
FNDA:75,isAdminUser
DA:1,1
DA:2,72
DA:3,5
DA:4,72
DA:5,72
DA:6,3
DA:7,72
DA:8,72
DA:9,72
DA:10,1
DA:11,1
DA:12,20
DA:13,20
DA:14,20
DA:15,20
DA:16,1
DA:17,1
DA:18,75
DA:19,75
DA:20,9
DA:21,75
DA:22,75
DA:23,6
DA:24,6
DA:25,6
DA:26,5
DA:27,5
DA:28,5
DA:29,5
DA:30,5
DA:31,75
DA:32,75
DA:33,5
DA:34,75
DA:35,2
DA:36,3
DA:37,0
DA:38,3
DA:39,75
DA:40,75
DA:41,3
DA:42,1
DA:43,2
DA:44,2
DA:45,2
DA:46,1
DA:47,0
DA:48,0
DA:49,0
DA:50,0
DA:51,2
DA:52,3
DA:53,0
DA:54,0
DA:55,75
DA:56,75
DA:57,75
DA:58,2
DA:59,75
DA:60,75
DA:61,75
LF:61
LH:54
BRDA:1,0,0,72
BRDA:2,1,0,6
BRDA:2,2,0,67
BRDA:2,3,0,5
BRDA:4,4,0,4
BRDA:4,5,0,1
BRDA:4,6,0,3
BRDA:5,7,0,7
BRDA:5,8,0,2
BRDA:5,9,0,3
BRDA:7,10,0,0
BRDA:8,11,0,2
BRDA:11,12,0,20
BRDA:11,13,0,10
BRDA:17,14,0,75
BRDA:18,15,0,10
BRDA:18,16,0,65
BRDA:18,17,0,10
BRDA:19,18,0,11
BRDA:19,19,0,1
BRDA:19,20,0,9
BRDA:21,21,0,6
BRDA:21,22,0,5
BRDA:21,23,0,5
BRDA:22,24,0,7
BRDA:22,25,0,7
BRDA:22,26,0,11
BRDA:22,27,0,3
BRDA:22,28,0,6
BRDA:25,29,0,5
BRDA:26,30,0,5
BRDA:27,31,0,5
BRDA:28,32,0,5
BRDA:29,33,0,5
BRDA:32,34,0,5
BRDA:32,35,0,11
BRDA:32,36,0,1
BRDA:32,37,0,5
BRDA:34,38,0,2
BRDA:35,39,0,3
BRDA:36,40,0,0
BRDA:38,41,0,1
BRDA:38,42,0,2
BRDA:57,43,0,11
BRDA:57,44,0,3
BRDA:57,45,0,2
BRDA:60,46,0,1
BRDA:40,47,0,3
BRDA:41,48,0,1
BRDA:42,49,0,2
BRDA:45,50,0,1
BRDA:46,51,0,0
BRDA:47,52,0,0
BRDA:48,53,0,0
BRDA:49,54,0,0
BRDA:52,55,0,0
BRF:56
BRH:49
end_of_record
TN:
SF:src/utils/validations.ts
FN:13,validateCNPJ
FN:31,validateEmail
FN:41,validatePhone
FN:50,validateDate
FN:59,validatePassword
FN:74,validateCompanyForm
FN:110,validateBranchForm
FN:134,validateSectorForm
FN:158,validateUserForm
FN:219,validateAccessForm
FNF:10
FNH:10
FNDA:11,validateCNPJ
FNDA:14,validateEmail
FNDA:9,validatePhone
FNDA:13,validateDate
FNDA:12,validatePassword
FNDA:7,validateCompanyForm
FNDA:3,validateBranchForm
FNDA:3,validateSectorForm
FNDA:11,validateUserForm
FNDA:3,validateAccessForm
DA:1,1
DA:2,1
DA:3,1
DA:4,1
DA:5,1
DA:6,1
DA:7,1
DA:8,1
DA:9,1
DA:10,1
DA:11,1
DA:12,1
DA:13,1
DA:14,11
DA:15,10
DA:16,10
DA:17,10
DA:18,10
DA:19,10
DA:20,11
DA:21,9
DA:22,9
DA:23,11
DA:24,7
DA:25,7
DA:26,7
DA:27,1
DA:28,1
DA:29,1
DA:30,1
DA:31,1
DA:32,14
DA:33,13
DA:34,13
DA:35,13
DA:36,13
DA:37,1
DA:38,1
DA:39,1
DA:40,1
DA:41,1
DA:42,9
DA:43,8
DA:44,9
DA:45,9
DA:46,1
DA:47,1
DA:48,1
DA:49,1
DA:50,1
DA:51,13
DA:52,12
DA:53,12
DA:54,12
DA:55,1
DA:56,1
DA:57,1
DA:58,1
DA:59,1
DA:60,12
DA:61,1
DA:62,1
DA:63,11
DA:64,12
DA:65,2
DA:66,2
DA:67,9
DA:68,9
DA:69,9
DA:70,1
DA:71,1
DA:72,1
DA:73,1
DA:74,1
DA:75,7
DA:76,7
DA:77,7
DA:78,7
DA:79,7
DA:80,7
DA:81,7
DA:82,7
DA:83,7
DA:84,1
DA:85,7
DA:86,1
DA:87,1
DA:88,7
DA:89,7
DA:90,1
DA:91,1
DA:92,7
DA:93,7
DA:94,1
DA:95,1
DA:96,7
DA:97,7
DA:98,1
DA:99,1
DA:100,7
DA:101,7
DA:102,7
DA:103,7
DA:104,7
DA:105,7
DA:106,1
DA:107,1
DA:108,1
DA:109,1
DA:110,1
DA:111,3
DA:112,3
DA:113,3
DA:114,3
DA:115,3
DA:116,3
DA:117,3
DA:118,1
DA:119,1
DA:120,3
DA:121,3
DA:122,1
DA:123,1
DA:124,3
DA:125,3
DA:126,3
DA:127,3
DA:128,3
DA:129,3
DA:130,1
DA:131,1
DA:132,1
DA:133,1
DA:134,1
DA:135,3
DA:136,3
DA:137,3
DA:138,3
DA:139,3
DA:140,3
DA:141,3
DA:142,1
DA:143,1
DA:144,3
DA:145,3
DA:146,1
DA:147,1
DA:148,3
DA:149,3
DA:150,3
DA:151,3
DA:152,3
DA:153,3
DA:154,1
DA:155,1
DA:156,1
DA:157,1
DA:158,1
DA:159,11
DA:160,11
DA:161,11
DA:162,11
DA:163,11
DA:164,11
DA:165,11
DA:166,11
DA:167,11
DA:168,11
DA:169,11
DA:170,11
DA:171,1
DA:172,1
DA:173,11
DA:174,11
DA:175,1
DA:176,1
DA:177,11
DA:178,11
DA:179,1
DA:180,1
DA:181,11
DA:182,11
DA:183,1
DA:184,11
DA:185,1
DA:186,1
DA:187,11
DA:188,11
DA:189,1
DA:190,11
DA:191,0
DA:192,0
DA:193,11
DA:194,11
DA:195,11
DA:196,10
DA:197,1
DA:198,10
DA:199,9
DA:200,9
DA:201,1
DA:202,1
DA:203,9
DA:204,10
DA:205,11
DA:206,11
DA:207,1
DA:208,1
DA:209,11
DA:210,11
DA:211,11
DA:212,11
DA:213,11
DA:214,11
DA:215,1
DA:216,1
DA:217,1
DA:218,1
DA:219,1
DA:220,3
DA:221,3
DA:222,3
DA:223,3
DA:224,3
DA:225,3
DA:226,1
DA:227,1
DA:228,3
DA:229,3
DA:230,1
DA:231,1
DA:232,3
DA:233,3
DA:234,3
DA:235,3
DA:236,3
DA:237,3
LF:237
LH:235
BRDA:13,0,0,11
BRDA:14,1,0,1
BRDA:14,2,0,10
BRDA:20,3,0,1
BRDA:20,4,0,9
BRDA:23,5,0,2
BRDA:23,6,0,7
BRDA:31,7,0,14
BRDA:32,8,0,1
BRDA:32,9,0,13
BRDA:41,10,0,9
BRDA:42,11,0,1
BRDA:42,12,0,8
BRDA:44,13,0,4
BRDA:50,14,0,13
BRDA:51,15,0,1
BRDA:51,16,0,12
BRDA:59,17,0,12
BRDA:60,18,0,1
BRDA:62,19,0,11
BRDA:64,20,0,2
BRDA:66,21,0,9
BRDA:74,22,0,7
BRDA:83,23,0,6
BRDA:83,24,0,1
BRDA:85,25,0,6
BRDA:85,26,0,1
BRDA:89,27,0,6
BRDA:89,28,0,1
BRDA:93,29,0,6
BRDA:93,30,0,1
BRDA:97,31,0,2
BRDA:97,32,0,1
BRDA:110,33,0,3
BRDA:117,34,0,2
BRDA:117,35,0,1
BRDA:121,36,0,1
BRDA:121,37,0,1
BRDA:134,38,0,3
BRDA:141,39,0,2
BRDA:141,40,0,1
BRDA:145,41,0,1
BRDA:158,42,0,11
BRDA:170,43,0,1
BRDA:174,44,0,1
BRDA:178,45,0,10
BRDA:178,46,0,1
BRDA:182,47,0,10
BRDA:182,48,0,1
BRDA:184,49,0,10
BRDA:184,50,0,1
BRDA:188,51,0,1
BRDA:190,52,0,10
BRDA:190,53,0,0
BRDA:195,54,0,2
BRDA:195,55,0,10
BRDA:196,56,0,9
BRDA:196,57,0,1
BRDA:198,58,0,9
BRDA:200,59,0,1
BRDA:201,60,0,0
BRDA:206,61,0,1
BRDA:206,62,0,1
BRDA:219,63,0,3
BRDA:225,64,0,2
BRDA:225,65,0,1
BRDA:229,66,0,1
BRF:67
BRH:65
end_of_record
